2023-08-13 20:07:48 INFO  cic.cs.unb.ca.jnetpcap.worker.TrafficFlowWorker    Pcap is listening...
2023-08-13 20:08:02 INFO  cic.cs.unb.ca.flow.ui.FlowMonitorPane    Pcap stop listening
2023-08-13 20:08:02 INFO  cic.cs.unb.ca.flow.ui.FlowMonitorPane    path:D:\SLIIT\Research\Research\CICFlowMeter-4.0\bin\data\daily\2023-08-13_Flow.csv
2023-08-13 20:08:02 INFO  cic.cs.unb.ca.jnetpcap.worker.TrafficFlowWorker    Pcap is listening...
2023-08-13 20:08:12 DEBUG cic.cs.unb.ca.jnetpcap.FlowGenerator    FlagFIN current has 4 flow
2023-08-13 20:08:12 DEBUG cic.cs.unb.ca.jnetpcap.FlowGenerator    FlagFIN current has 4 flow
2023-08-13 20:08:12 DEBUG cic.cs.unb.ca.jnetpcap.FlowGenerator    FlagFIN current has 8 flow
2023-08-13 20:08:12 DEBUG cic.cs.unb.ca.jnetpcap.FlowGenerator    FlagFIN current has 8 flow
2023-08-13 20:08:17 INFO  cic.cs.unb.ca.flow.ui.FlowMonitorPane    Pcap stop listening
2023-08-13 20:08:17 INFO  cic.cs.unb.ca.flow.ui.FlowMonitorPane    path:D:\SLIIT\Research\Research\CICFlowMeter-4.0\bin\data\daily\2023-08-13_Flow.csv
2023-08-13 20:08:18 DEBUG cic.cs.unb.ca.jnetpcap.worker.TrafficFlowWorker    break Packet loop
2023-08-13 20:08:19 INFO  cic.cs.unb.ca.flow.ui.FlowMonitorPane    path:D:\SLIIT\Research\Research\CICFlowMeter-4.0\bin\data\daily\2023-08-13_Flow.csv
2023-08-13 20:08:22 INFO  cic.cs.unb.ca.flow.ui.FlowMonitorPane    path:D:\SLIIT\Research\Research\CICFlowMeter-4.0\bin\data\daily\2023-08-13_Flow.csv
2023-08-13 20:08:28 INFO  cic.cs.unb.ca.jnetpcap.worker.TrafficFlowWorker    Pcap is listening...
2023-08-13 20:08:45 INFO  cic.cs.unb.ca.flow.ui.FlowMonitorPane    Pcap stop listening
2023-08-13 20:08:45 INFO  cic.cs.unb.ca.flow.ui.FlowMonitorPane    path:D:\SLIIT\Research\Research\CICFlowMeter-4.0\bin\data\daily\2023-08-13_Flow.csv
2023-08-13 20:08:47 INFO  cic.cs.unb.ca.jnetpcap.worker.TrafficFlowWorker    Pcap is listening...
2023-08-13 20:08:51 DEBUG cic.cs.unb.ca.jnetpcap.FlowGenerator    FlagFIN current has 143 flow
2023-08-13 20:09:01 DEBUG cic.cs.unb.ca.jnetpcap.FlowGenerator    FlagFIN current has 377 flow
2023-08-13 20:09:01 DEBUG cic.cs.unb.ca.jnetpcap.FlowGenerator    FlagFIN current has 421 flow
2023-08-13 20:09:01 DEBUG cic.cs.unb.ca.jnetpcap.FlowGenerator    FlagFIN current has 422 flow
2023-08-13 20:09:02 DEBUG cic.cs.unb.ca.jnetpcap.FlowGenerator    FlagFIN current has 425 flow
2023-08-13 20:09:02 DEBUG cic.cs.unb.ca.jnetpcap.FlowGenerator    FlagFIN current has 424 flow
2023-08-13 20:09:02 DEBUG cic.cs.unb.ca.jnetpcap.FlowGenerator    FlagFIN current has 426 flow
2023-08-13 20:09:15 DEBUG cic.cs.unb.ca.jnetpcap.FlowGenerator    FlagFIN current has 1268 flow
2023-08-13 20:09:15 DEBUG cic.cs.unb.ca.jnetpcap.FlowGenerator    FlagFIN current has 1267 flow
2023-08-13 20:09:15 DEBUG cic.cs.unb.ca.jnetpcap.FlowGenerator    FlagFIN current has 1266 flow
2023-08-13 20:09:27 DEBUG cic.cs.unb.ca.jnetpcap.FlowGenerator    FlagFIN current has 1660 flow
2023-08-13 20:09:32 DEBUG cic.cs.unb.ca.jnetpcap.FlowGenerator    FlagFIN current has 1798 flow
2023-08-13 20:09:32 DEBUG cic.cs.unb.ca.jnetpcap.FlowGenerator    FlagFIN current has 1799 flow
2023-08-13 20:09:32 DEBUG cic.cs.unb.ca.jnetpcap.FlowGenerator    FlagFIN current has 1798 flow
2023-08-13 20:09:32 DEBUG cic.cs.unb.ca.jnetpcap.FlowGenerator    FlagFIN current has 1801 flow
2023-08-13 20:09:32 DEBUG cic.cs.unb.ca.jnetpcap.FlowGenerator    FlagFIN current has 1800 flow
2023-08-13 20:09:32 DEBUG cic.cs.unb.ca.jnetpcap.FlowGenerator    FlagFIN current has 1799 flow
2023-08-13 20:09:32 DEBUG cic.cs.unb.ca.jnetpcap.FlowGenerator    FlagFIN current has 1798 flow
2023-08-13 20:09:34 DEBUG cic.cs.unb.ca.jnetpcap.FlowGenerator    FlagFIN current has 1847 flow
2023-08-13 20:09:34 DEBUG cic.cs.unb.ca.jnetpcap.FlowGenerator    FlagFIN current has 1848 flow
2023-08-13 20:09:35 DEBUG cic.cs.unb.ca.jnetpcap.FlowGenerator    FlagFIN current has 1871 flow
2023-08-13 20:09:36 DEBUG cic.cs.unb.ca.jnetpcap.FlowGenerator    FlagFIN current has 1907 flow
2023-08-13 20:09:36 DEBUG cic.cs.unb.ca.jnetpcap.FlowGenerator    FlagFIN current has 1917 flow
2023-08-13 20:09:36 DEBUG cic.cs.unb.ca.jnetpcap.FlowGenerator    FlagFIN current has 1919 flow
2023-08-13 20:09:36 DEBUG cic.cs.unb.ca.jnetpcap.FlowGenerator    FlagFIN current has 1935 flow
2023-08-13 20:09:38 DEBUG cic.cs.unb.ca.jnetpcap.FlowGenerator    FlagFIN current has 1939 flow
2023-08-13 20:09:39 DEBUG cic.cs.unb.ca.jnetpcap.FlowGenerator    FlagFIN current has 1958 flow
2023-08-13 20:09:40 DEBUG cic.cs.unb.ca.jnetpcap.FlowGenerator    FlagFIN current has 2022 flow
2023-08-13 20:09:41 DEBUG cic.cs.unb.ca.jnetpcap.FlowGenerator    FlagFIN current has 2062 flow
2023-08-13 20:10:11 DEBUG cic.cs.unb.ca.jnetpcap.FlowGenerator    FlagFIN current has 2127 flow
2023-08-13 20:10:11 DEBUG cic.cs.unb.ca.jnetpcap.FlowGenerator    FlagFIN current has 2126 flow
2023-08-13 20:10:11 DEBUG cic.cs.unb.ca.jnetpcap.FlowGenerator    FlagFIN current has 2128 flow
2023-08-13 20:10:11 DEBUG cic.cs.unb.ca.jnetpcap.FlowGenerator    FlagFIN current has 2128 flow
2023-08-13 20:10:11 DEBUG cic.cs.unb.ca.jnetpcap.FlowGenerator    FlagFIN current has 2127 flow
2023-08-13 20:10:12 DEBUG cic.cs.unb.ca.jnetpcap.FlowGenerator    FlagFIN current has 2127 flow
2023-08-13 20:10:12 DEBUG cic.cs.unb.ca.jnetpcap.FlowGenerator    FlagFIN current has 2126 flow
2023-08-13 20:10:12 DEBUG cic.cs.unb.ca.jnetpcap.FlowGenerator    FlagFIN current has 2139 flow
2023-08-13 20:10:12 DEBUG cic.cs.unb.ca.jnetpcap.FlowGenerator    FlagFIN current has 2147 flow
2023-08-13 20:10:12 DEBUG cic.cs.unb.ca.jnetpcap.FlowGenerator    FlagFIN current has 2150 flow
2023-08-13 20:10:14 DEBUG cic.cs.unb.ca.jnetpcap.FlowGenerator    FlagFIN current has 2177 flow
2023-08-13 20:10:14 DEBUG cic.cs.unb.ca.jnetpcap.FlowGenerator    FlagFIN current has 2176 flow
2023-08-13 20:10:14 DEBUG cic.cs.unb.ca.jnetpcap.FlowGenerator    FlagFIN current has 2179 flow
2023-08-13 20:10:14 DEBUG cic.cs.unb.ca.jnetpcap.FlowGenerator    FlagFIN current has 2216 flow
2023-08-13 20:10:14 DEBUG cic.cs.unb.ca.jnetpcap.FlowGenerator    FlagFIN current has 2227 flow
2023-08-13 20:10:14 DEBUG cic.cs.unb.ca.jnetpcap.FlowGenerator    FlagFIN current has 2229 flow
2023-08-13 20:10:14 DEBUG cic.cs.unb.ca.jnetpcap.FlowGenerator    FlagFIN current has 2228 flow
2023-08-13 20:10:14 DEBUG cic.cs.unb.ca.jnetpcap.FlowGenerator    FlagFIN current has 2230 flow
2023-08-13 20:10:15 DEBUG cic.cs.unb.ca.jnetpcap.FlowGenerator    FlagFIN current has 2273 flow
2023-08-13 20:10:15 DEBUG cic.cs.unb.ca.jnetpcap.FlowGenerator    FlagFIN current has 2282 flow
2023-08-13 20:10:15 DEBUG cic.cs.unb.ca.jnetpcap.FlowGenerator    FlagFIN current has 2281 flow
2023-08-13 20:10:15 DEBUG cic.cs.unb.ca.jnetpcap.FlowGenerator    FlagFIN current has 2280 flow
2023-08-13 20:10:15 DEBUG cic.cs.unb.ca.jnetpcap.FlowGenerator    FlagFIN current has 2279 flow
2023-08-13 20:10:15 DEBUG cic.cs.unb.ca.jnetpcap.FlowGenerator    FlagFIN current has 2282 flow
2023-08-13 20:10:15 DEBUG cic.cs.unb.ca.jnetpcap.FlowGenerator    FlagFIN current has 2285 flow
2023-08-13 20:10:15 DEBUG cic.cs.unb.ca.jnetpcap.FlowGenerator    FlagFIN current has 2289 flow
2023-08-13 20:10:15 DEBUG cic.cs.unb.ca.jnetpcap.FlowGenerator    FlagFIN current has 2375 flow
2023-08-13 20:10:15 DEBUG cic.cs.unb.ca.jnetpcap.FlowGenerator    FlagFIN current has 2418 flow
2023-08-13 20:10:15 DEBUG cic.cs.unb.ca.jnetpcap.FlowGenerator    FlagFIN current has 2419 flow
2023-08-13 20:10:16 DEBUG cic.cs.unb.ca.jnetpcap.FlowGenerator    FlagFIN current has 2420 flow
2023-08-13 20:10:16 DEBUG cic.cs.unb.ca.jnetpcap.FlowGenerator    FlagFIN current has 2427 flow
2023-08-13 20:10:16 DEBUG cic.cs.unb.ca.jnetpcap.FlowGenerator    FlagFIN current has 2426 flow
2023-08-13 20:10:17 DEBUG cic.cs.unb.ca.jnetpcap.FlowGenerator    FlagFIN current has 2509 flow
2023-08-13 20:10:18 DEBUG cic.cs.unb.ca.jnetpcap.FlowGenerator    FlagFIN current has 2646 flow
2023-08-13 20:10:18 DEBUG cic.cs.unb.ca.jnetpcap.FlowGenerator    FlagFIN current has 2655 flow
2023-08-13 20:10:19 DEBUG cic.cs.unb.ca.jnetpcap.FlowGenerator    FlagFIN current has 2808 flow
2023-08-13 20:10:19 DEBUG cic.cs.unb.ca.jnetpcap.FlowGenerator    FlagFIN current has 2808 flow
2023-08-13 20:10:19 DEBUG cic.cs.unb.ca.jnetpcap.FlowGenerator    FlagFIN current has 2857 flow
2023-08-13 20:10:21 DEBUG cic.cs.unb.ca.jnetpcap.FlowGenerator    FlagFIN current has 3074 flow
2023-08-13 20:10:21 DEBUG cic.cs.unb.ca.jnetpcap.FlowGenerator    FlagFIN current has 3089 flow
2023-08-13 20:10:21 DEBUG cic.cs.unb.ca.jnetpcap.FlowGenerator    FlagFIN current has 3088 flow
2023-08-13 20:10:21 DEBUG cic.cs.unb.ca.jnetpcap.FlowGenerator    FlagFIN current has 3087 flow
2023-08-13 20:10:21 DEBUG cic.cs.unb.ca.jnetpcap.FlowGenerator    FlagFIN current has 3149 flow
2023-08-13 20:10:21 DEBUG cic.cs.unb.ca.jnetpcap.FlowGenerator    FlagFIN current has 3198 flow
2023-08-13 20:10:21 DEBUG cic.cs.unb.ca.jnetpcap.FlowGenerator    FlagFIN current has 3198 flow
2023-08-13 20:10:21 DEBUG cic.cs.unb.ca.jnetpcap.FlowGenerator    FlagFIN current has 3198 flow
2023-08-13 20:10:21 DEBUG cic.cs.unb.ca.jnetpcap.FlowGenerator    FlagFIN current has 3198 flow
2023-08-13 20:10:21 DEBUG cic.cs.unb.ca.jnetpcap.FlowGenerator    FlagFIN current has 3198 flow
2023-08-13 20:10:22 DEBUG cic.cs.unb.ca.jnetpcap.FlowGenerator    FlagFIN current has 3308 flow
2023-08-13 20:10:22 DEBUG cic.cs.unb.ca.jnetpcap.FlowGenerator    FlagFIN current has 3319 flow
2023-08-13 20:10:22 DEBUG cic.cs.unb.ca.jnetpcap.FlowGenerator    FlagFIN current has 3318 flow
2023-08-13 20:10:22 DEBUG cic.cs.unb.ca.jnetpcap.FlowGenerator    FlagFIN current has 3317 flow
2023-08-13 20:10:22 DEBUG cic.cs.unb.ca.jnetpcap.FlowGenerator    FlagFIN current has 3316 flow
2023-08-13 20:10:22 DEBUG cic.cs.unb.ca.jnetpcap.FlowGenerator    FlagFIN current has 3315 flow
2023-08-13 20:10:22 DEBUG cic.cs.unb.ca.jnetpcap.FlowGenerator    FlagFIN current has 3314 flow
2023-08-13 20:10:22 DEBUG cic.cs.unb.ca.jnetpcap.FlowGenerator    FlagFIN current has 3313 flow
2023-08-13 20:10:22 DEBUG cic.cs.unb.ca.jnetpcap.FlowGenerator    FlagFIN current has 3312 flow
2023-08-13 20:10:22 DEBUG cic.cs.unb.ca.jnetpcap.FlowGenerator    FlagFIN current has 3323 flow
2023-08-13 20:10:22 DEBUG cic.cs.unb.ca.jnetpcap.FlowGenerator    FlagFIN current has 3326 flow
2023-08-13 20:10:24 DEBUG cic.cs.unb.ca.jnetpcap.FlowGenerator    FlagFIN current has 3515 flow
2023-08-13 20:10:24 DEBUG cic.cs.unb.ca.jnetpcap.FlowGenerator    FlagFIN current has 3514 flow
2023-08-13 20:10:24 DEBUG cic.cs.unb.ca.jnetpcap.FlowGenerator    FlagFIN current has 3513 flow
2023-08-13 20:10:24 DEBUG cic.cs.unb.ca.jnetpcap.FlowGenerator    FlagFIN current has 3518 flow
2023-08-13 20:10:24 DEBUG cic.cs.unb.ca.jnetpcap.FlowGenerator    FlagFIN current has 3534 flow
2023-08-13 20:10:24 DEBUG cic.cs.unb.ca.jnetpcap.FlowGenerator    FlagFIN current has 3552 flow
2023-08-13 20:10:24 DEBUG cic.cs.unb.ca.jnetpcap.FlowGenerator    FlagFIN current has 3551 flow
2023-08-13 20:10:24 DEBUG cic.cs.unb.ca.jnetpcap.FlowGenerator    FlagFIN current has 3562 flow
2023-08-13 20:10:24 DEBUG cic.cs.unb.ca.jnetpcap.FlowGenerator    FlagFIN current has 3699 flow
2023-08-13 20:10:25 DEBUG cic.cs.unb.ca.jnetpcap.FlowGenerator    FlagFIN current has 3704 flow
2023-08-13 20:10:25 DEBUG cic.cs.unb.ca.jnetpcap.FlowGenerator    FlagFIN current has 3704 flow
2023-08-13 20:10:25 DEBUG cic.cs.unb.ca.jnetpcap.FlowGenerator    FlagFIN current has 3703 flow
2023-08-13 20:10:25 DEBUG cic.cs.unb.ca.jnetpcap.FlowGenerator    FlagFIN current has 3702 flow
2023-08-13 20:10:25 DEBUG cic.cs.unb.ca.jnetpcap.FlowGenerator    FlagFIN current has 3702 flow
2023-08-13 20:10:25 DEBUG cic.cs.unb.ca.jnetpcap.FlowGenerator    FlagFIN current has 3707 flow
2023-08-13 20:10:25 DEBUG cic.cs.unb.ca.jnetpcap.FlowGenerator    FlagFIN current has 3707 flow
2023-08-13 20:10:25 DEBUG cic.cs.unb.ca.jnetpcap.FlowGenerator    FlagFIN current has 3712 flow
2023-08-13 20:10:25 DEBUG cic.cs.unb.ca.jnetpcap.FlowGenerator    FlagFIN current has 3711 flow
2023-08-13 20:10:25 DEBUG cic.cs.unb.ca.jnetpcap.FlowGenerator    FlagFIN current has 3711 flow
2023-08-13 20:10:25 DEBUG cic.cs.unb.ca.jnetpcap.FlowGenerator    FlagFIN current has 3908 flow
2023-08-13 20:10:25 DEBUG cic.cs.unb.ca.jnetpcap.FlowGenerator    FlagFIN current has 3935 flow
2023-08-13 20:10:26 DEBUG cic.cs.unb.ca.jnetpcap.FlowGenerator    FlagFIN current has 4048 flow
2023-08-13 20:10:26 DEBUG cic.cs.unb.ca.jnetpcap.FlowGenerator    FlagFIN current has 4048 flow
2023-08-13 20:10:26 DEBUG cic.cs.unb.ca.jnetpcap.FlowGenerator    FlagFIN current has 4047 flow
2023-08-13 20:10:26 DEBUG cic.cs.unb.ca.jnetpcap.FlowGenerator    FlagFIN current has 4050 flow
2023-08-13 20:10:26 DEBUG cic.cs.unb.ca.jnetpcap.FlowGenerator    FlagFIN current has 4049 flow
2023-08-13 20:10:26 DEBUG cic.cs.unb.ca.jnetpcap.FlowGenerator    FlagFIN current has 4049 flow
2023-08-13 20:10:26 DEBUG cic.cs.unb.ca.jnetpcap.FlowGenerator    FlagFIN current has 4051 flow
2023-08-13 20:10:26 DEBUG cic.cs.unb.ca.jnetpcap.FlowGenerator    FlagFIN current has 4052 flow
2023-08-13 20:10:27 DEBUG cic.cs.unb.ca.jnetpcap.FlowGenerator    FlagFIN current has 4096 flow
2023-08-13 20:10:27 DEBUG cic.cs.unb.ca.jnetpcap.FlowGenerator    FlagFIN current has 4106 flow
2023-08-13 20:10:27 DEBUG cic.cs.unb.ca.jnetpcap.FlowGenerator    FlagFIN current has 4109 flow
2023-08-13 20:10:27 DEBUG cic.cs.unb.ca.jnetpcap.FlowGenerator    FlagFIN current has 4109 flow
2023-08-13 20:10:27 DEBUG cic.cs.unb.ca.jnetpcap.FlowGenerator    FlagFIN current has 4110 flow
2023-08-13 20:10:27 DEBUG cic.cs.unb.ca.jnetpcap.FlowGenerator    FlagFIN current has 4137 flow
2023-08-13 20:10:27 DEBUG cic.cs.unb.ca.jnetpcap.FlowGenerator    FlagFIN current has 4137 flow
2023-08-13 20:10:27 DEBUG cic.cs.unb.ca.jnetpcap.FlowGenerator    FlagFIN current has 4168 flow
2023-08-13 20:10:27 DEBUG cic.cs.unb.ca.jnetpcap.FlowGenerator    FlagFIN current has 4174 flow
2023-08-13 20:10:27 DEBUG cic.cs.unb.ca.jnetpcap.FlowGenerator    FlagFIN current has 4180 flow
2023-08-13 20:10:27 DEBUG cic.cs.unb.ca.jnetpcap.FlowGenerator    FlagFIN current has 4180 flow
2023-08-13 20:10:28 DEBUG cic.cs.unb.ca.jnetpcap.FlowGenerator    FlagFIN current has 4182 flow
2023-08-13 20:10:28 DEBUG cic.cs.unb.ca.jnetpcap.FlowGenerator    FlagFIN current has 4182 flow
2023-08-13 20:10:28 DEBUG cic.cs.unb.ca.jnetpcap.FlowGenerator    FlagFIN current has 4189 flow
2023-08-13 20:10:28 DEBUG cic.cs.unb.ca.jnetpcap.FlowGenerator    FlagFIN current has 4200 flow
2023-08-13 20:10:28 DEBUG cic.cs.unb.ca.jnetpcap.FlowGenerator    FlagFIN current has 4203 flow
2023-08-13 20:10:28 DEBUG cic.cs.unb.ca.jnetpcap.FlowGenerator    FlagFIN current has 4202 flow
2023-08-13 20:10:28 DEBUG cic.cs.unb.ca.jnetpcap.FlowGenerator    FlagFIN current has 4234 flow
2023-08-13 20:10:28 DEBUG cic.cs.unb.ca.jnetpcap.FlowGenerator    FlagFIN current has 4233 flow
2023-08-13 20:10:28 DEBUG cic.cs.unb.ca.jnetpcap.FlowGenerator    FlagFIN current has 4233 flow
2023-08-13 20:10:28 DEBUG cic.cs.unb.ca.jnetpcap.FlowGenerator    FlagFIN current has 4232 flow
2023-08-13 20:10:28 DEBUG cic.cs.unb.ca.jnetpcap.FlowGenerator    FlagFIN current has 4245 flow
2023-08-13 20:10:28 DEBUG cic.cs.unb.ca.jnetpcap.FlowGenerator    FlagFIN current has 4255 flow
2023-08-13 20:10:28 DEBUG cic.cs.unb.ca.jnetpcap.FlowGenerator    FlagFIN current has 4263 flow
2023-08-13 20:10:29 DEBUG cic.cs.unb.ca.jnetpcap.FlowGenerator    FlagFIN current has 4271 flow
2023-08-13 20:10:29 DEBUG cic.cs.unb.ca.jnetpcap.FlowGenerator    FlagFIN current has 4274 flow
2023-08-13 20:10:29 DEBUG cic.cs.unb.ca.jnetpcap.FlowGenerator    FlagFIN current has 4274 flow
2023-08-13 20:10:29 DEBUG cic.cs.unb.ca.jnetpcap.FlowGenerator    FlagFIN current has 4275 flow
2023-08-13 20:10:29 DEBUG cic.cs.unb.ca.jnetpcap.FlowGenerator    FlagFIN current has 4274 flow
2023-08-13 20:10:29 DEBUG cic.cs.unb.ca.jnetpcap.FlowGenerator    FlagFIN current has 4274 flow
2023-08-13 20:10:29 DEBUG cic.cs.unb.ca.jnetpcap.FlowGenerator    FlagFIN current has 4276 flow
2023-08-13 20:10:29 DEBUG cic.cs.unb.ca.jnetpcap.FlowGenerator    FlagFIN current has 4276 flow
2023-08-13 20:10:29 DEBUG cic.cs.unb.ca.jnetpcap.FlowGenerator    FlagFIN current has 4276 flow
2023-08-13 20:10:29 DEBUG cic.cs.unb.ca.jnetpcap.FlowGenerator    FlagFIN current has 4293 flow
2023-08-13 20:10:30 DEBUG cic.cs.unb.ca.jnetpcap.FlowGenerator    FlagFIN current has 4294 flow
2023-08-13 20:10:30 DEBUG cic.cs.unb.ca.jnetpcap.FlowGenerator    FlagFIN current has 4298 flow
2023-08-13 20:10:30 DEBUG cic.cs.unb.ca.jnetpcap.FlowGenerator    FlagFIN current has 4298 flow
2023-08-13 20:10:31 DEBUG cic.cs.unb.ca.jnetpcap.FlowGenerator    FlagFIN current has 4320 flow
2023-08-13 20:10:31 DEBUG cic.cs.unb.ca.jnetpcap.FlowGenerator    FlagFIN current has 4319 flow
2023-08-13 20:10:31 DEBUG cic.cs.unb.ca.jnetpcap.FlowGenerator    FlagFIN current has 4318 flow
2023-08-13 20:10:31 DEBUG cic.cs.unb.ca.jnetpcap.FlowGenerator    FlagFIN current has 4317 flow
2023-08-13 20:10:31 DEBUG cic.cs.unb.ca.jnetpcap.FlowGenerator    FlagFIN current has 4316 flow
2023-08-13 20:10:31 DEBUG cic.cs.unb.ca.jnetpcap.FlowGenerator    FlagFIN current has 4315 flow
2023-08-13 20:10:31 DEBUG cic.cs.unb.ca.jnetpcap.FlowGenerator    FlagFIN current has 4314 flow
2023-08-13 20:10:31 DEBUG cic.cs.unb.ca.jnetpcap.FlowGenerator    FlagFIN current has 4313 flow
2023-08-13 20:10:31 DEBUG cic.cs.unb.ca.jnetpcap.FlowGenerator    FlagFIN current has 4312 flow
2023-08-13 20:10:31 DEBUG cic.cs.unb.ca.jnetpcap.FlowGenerator    FlagFIN current has 4311 flow
2023-08-13 20:10:31 DEBUG cic.cs.unb.ca.jnetpcap.FlowGenerator    FlagFIN current has 4310 flow
2023-08-13 20:10:31 DEBUG cic.cs.unb.ca.jnetpcap.FlowGenerator    FlagFIN current has 4309 flow
2023-08-13 20:10:31 DEBUG cic.cs.unb.ca.jnetpcap.FlowGenerator    FlagFIN current has 4308 flow
2023-08-13 20:10:31 DEBUG cic.cs.unb.ca.jnetpcap.FlowGenerator    FlagFIN current has 4307 flow
2023-08-13 20:10:31 DEBUG cic.cs.unb.ca.jnetpcap.FlowGenerator    FlagFIN current has 4306 flow
2023-08-13 20:10:31 DEBUG cic.cs.unb.ca.jnetpcap.FlowGenerator    FlagFIN current has 4305 flow
2023-08-13 20:10:31 DEBUG cic.cs.unb.ca.jnetpcap.FlowGenerator    FlagFIN current has 4304 flow
2023-08-13 20:10:31 DEBUG cic.cs.unb.ca.jnetpcap.FlowGenerator    FlagFIN current has 4303 flow
2023-08-13 20:10:31 DEBUG cic.cs.unb.ca.jnetpcap.FlowGenerator    FlagFIN current has 4302 flow
2023-08-13 20:10:31 DEBUG cic.cs.unb.ca.jnetpcap.FlowGenerator    FlagFIN current has 4301 flow
2023-08-13 20:10:31 DEBUG cic.cs.unb.ca.jnetpcap.FlowGenerator    FlagFIN current has 4300 flow
2023-08-13 20:10:31 DEBUG cic.cs.unb.ca.jnetpcap.FlowGenerator    FlagFIN current has 4299 flow
2023-08-13 20:10:31 DEBUG cic.cs.unb.ca.jnetpcap.FlowGenerator    FlagFIN current has 4312 flow
2023-08-13 20:10:31 DEBUG cic.cs.unb.ca.jnetpcap.FlowGenerator    FlagFIN current has 4318 flow
2023-08-13 20:10:32 DEBUG cic.cs.unb.ca.jnetpcap.FlowGenerator    FlagFIN current has 4322 flow
2023-08-13 20:10:36 DEBUG cic.cs.unb.ca.jnetpcap.FlowGenerator    FlagFIN current has 4344 flow
2023-08-13 20:10:36 DEBUG cic.cs.unb.ca.jnetpcap.FlowGenerator    FlagFIN current has 4343 flow
2023-08-13 20:10:36 DEBUG cic.cs.unb.ca.jnetpcap.FlowGenerator    FlagFIN current has 4342 flow
2023-08-13 20:10:36 DEBUG cic.cs.unb.ca.jnetpcap.FlowGenerator    FlagFIN current has 4342 flow
2023-08-13 20:10:36 DEBUG cic.cs.unb.ca.jnetpcap.FlowGenerator    FlagFIN current has 4342 flow
2023-08-13 20:10:36 DEBUG cic.cs.unb.ca.jnetpcap.FlowGenerator    FlagFIN current has 4343 flow
2023-08-13 20:10:36 DEBUG cic.cs.unb.ca.jnetpcap.FlowGenerator    FlagFIN current has 4343 flow
2023-08-13 20:10:37 DEBUG cic.cs.unb.ca.jnetpcap.FlowGenerator    FlagFIN current has 4343 flow
2023-08-13 20:10:37 DEBUG cic.cs.unb.ca.jnetpcap.FlowGenerator    FlagFIN current has 4343 flow
2023-08-13 20:10:38 DEBUG cic.cs.unb.ca.jnetpcap.FlowGenerator    FlagFIN current has 4343 flow
2023-08-13 20:10:38 DEBUG cic.cs.unb.ca.jnetpcap.FlowGenerator    FlagFIN current has 4343 flow
2023-08-13 20:10:38 DEBUG cic.cs.unb.ca.jnetpcap.FlowGenerator    FlagFIN current has 4343 flow
2023-08-13 20:10:39 DEBUG cic.cs.unb.ca.jnetpcap.FlowGenerator    FlagFIN current has 4342 flow
2023-08-13 20:10:39 DEBUG cic.cs.unb.ca.jnetpcap.FlowGenerator    FlagFIN current has 4342 flow
2023-08-13 20:10:39 DEBUG cic.cs.unb.ca.jnetpcap.FlowGenerator    FlagFIN current has 4342 flow
2023-08-13 20:10:40 DEBUG cic.cs.unb.ca.jnetpcap.FlowGenerator    FlagFIN current has 4342 flow
2023-08-13 20:10:42 DEBUG cic.cs.unb.ca.jnetpcap.FlowGenerator    FlagFIN current has 4344 flow
2023-08-13 20:10:42 DEBUG cic.cs.unb.ca.jnetpcap.FlowGenerator    FlagFIN current has 4344 flow
2023-08-13 20:10:45 DEBUG cic.cs.unb.ca.jnetpcap.FlowGenerator    FlagFIN current has 4351 flow
2023-08-13 20:10:46 DEBUG cic.cs.unb.ca.jnetpcap.FlowGenerator    FlagFIN current has 4351 flow
2023-08-13 20:10:46 DEBUG cic.cs.unb.ca.jnetpcap.FlowGenerator    FlagFIN current has 4351 flow
2023-08-13 20:10:48 DEBUG cic.cs.unb.ca.jnetpcap.FlowGenerator    FlagFIN current has 4352 flow
2023-08-13 20:10:49 DEBUG cic.cs.unb.ca.jnetpcap.FlowGenerator    FlagFIN current has 4352 flow
2023-08-13 20:10:51 DEBUG cic.cs.unb.ca.jnetpcap.FlowGenerator    FlagFIN current has 4528 flow
2023-08-13 20:10:51 DEBUG cic.cs.unb.ca.jnetpcap.FlowGenerator    FlagFIN current has 4528 flow
2023-08-13 20:10:51 DEBUG cic.cs.unb.ca.jnetpcap.FlowGenerator    FlagFIN current has 4528 flow
2023-08-13 20:10:51 DEBUG cic.cs.unb.ca.jnetpcap.FlowGenerator    FlagFIN current has 4528 flow
2023-08-13 20:10:51 DEBUG cic.cs.unb.ca.jnetpcap.FlowGenerator    FlagFIN current has 4528 flow
2023-08-13 20:10:51 DEBUG cic.cs.unb.ca.jnetpcap.FlowGenerator    FlagFIN current has 4528 flow
2023-08-13 20:10:51 DEBUG cic.cs.unb.ca.jnetpcap.FlowGenerator    FlagFIN current has 4528 flow
2023-08-13 20:10:51 DEBUG cic.cs.unb.ca.jnetpcap.FlowGenerator    FlagFIN current has 4527 flow
2023-08-13 20:10:51 DEBUG cic.cs.unb.ca.jnetpcap.FlowGenerator    FlagFIN current has 4560 flow
2023-08-13 20:10:51 DEBUG cic.cs.unb.ca.jnetpcap.FlowGenerator    FlagFIN current has 4559 flow
2023-08-13 20:10:51 DEBUG cic.cs.unb.ca.jnetpcap.FlowGenerator    FlagFIN current has 4558 flow
2023-08-13 20:10:51 DEBUG cic.cs.unb.ca.jnetpcap.FlowGenerator    FlagFIN current has 4596 flow
2023-08-13 20:10:51 DEBUG cic.cs.unb.ca.jnetpcap.FlowGenerator    FlagFIN current has 4620 flow
2023-08-13 20:10:51 DEBUG cic.cs.unb.ca.jnetpcap.FlowGenerator    FlagFIN current has 4620 flow
2023-08-13 20:10:51 DEBUG cic.cs.unb.ca.jnetpcap.FlowGenerator    FlagFIN current has 4639 flow
2023-08-13 20:10:53 DEBUG cic.cs.unb.ca.jnetpcap.FlowGenerator    FlagFIN current has 4668 flow
2023-08-13 20:10:53 DEBUG cic.cs.unb.ca.jnetpcap.FlowGenerator    FlagFIN current has 4668 flow
2023-08-13 20:10:53 DEBUG cic.cs.unb.ca.jnetpcap.FlowGenerator    FlagFIN current has 4667 flow
2023-08-13 20:10:53 DEBUG cic.cs.unb.ca.jnetpcap.FlowGenerator    FlagFIN current has 4669 flow
2023-08-13 20:10:53 DEBUG cic.cs.unb.ca.jnetpcap.FlowGenerator    FlagFIN current has 4669 flow
2023-08-13 20:10:53 DEBUG cic.cs.unb.ca.jnetpcap.FlowGenerator    FlagFIN current has 4674 flow
2023-08-13 20:10:53 DEBUG cic.cs.unb.ca.jnetpcap.FlowGenerator    FlagFIN current has 4680 flow
2023-08-13 20:10:53 DEBUG cic.cs.unb.ca.jnetpcap.FlowGenerator    FlagFIN current has 4679 flow
2023-08-13 20:10:54 DEBUG cic.cs.unb.ca.jnetpcap.FlowGenerator    FlagFIN current has 4681 flow
2023-08-13 20:10:54 DEBUG cic.cs.unb.ca.jnetpcap.FlowGenerator    FlagFIN current has 4723 flow
2023-08-13 20:10:54 DEBUG cic.cs.unb.ca.jnetpcap.FlowGenerator    FlagFIN current has 4722 flow
2023-08-13 20:10:54 DEBUG cic.cs.unb.ca.jnetpcap.FlowGenerator    FlagFIN current has 4721 flow
2023-08-13 20:10:54 DEBUG cic.cs.unb.ca.jnetpcap.FlowGenerator    FlagFIN current has 4720 flow
2023-08-13 20:10:54 DEBUG cic.cs.unb.ca.jnetpcap.FlowGenerator    FlagFIN current has 4719 flow
2023-08-13 20:10:54 DEBUG cic.cs.unb.ca.jnetpcap.FlowGenerator    FlagFIN current has 4718 flow
2023-08-13 20:10:54 DEBUG cic.cs.unb.ca.jnetpcap.FlowGenerator    FlagFIN current has 4717 flow
2023-08-13 20:10:54 DEBUG cic.cs.unb.ca.jnetpcap.FlowGenerator    FlagFIN current has 4753 flow
2023-08-13 20:10:54 DEBUG cic.cs.unb.ca.jnetpcap.FlowGenerator    FlagFIN current has 4755 flow
2023-08-13 20:10:54 DEBUG cic.cs.unb.ca.jnetpcap.FlowGenerator    FlagFIN current has 4758 flow
2023-08-13 20:10:54 DEBUG cic.cs.unb.ca.jnetpcap.FlowGenerator    FlagFIN current has 4757 flow
2023-08-13 20:10:54 DEBUG cic.cs.unb.ca.jnetpcap.FlowGenerator    FlagFIN current has 4756 flow
2023-08-13 20:10:54 DEBUG cic.cs.unb.ca.jnetpcap.FlowGenerator    FlagFIN current has 4758 flow
2023-08-13 20:10:54 DEBUG cic.cs.unb.ca.jnetpcap.FlowGenerator    FlagFIN current has 4758 flow
2023-08-13 20:10:54 DEBUG cic.cs.unb.ca.jnetpcap.FlowGenerator    FlagFIN current has 4765 flow
2023-08-13 20:10:55 DEBUG cic.cs.unb.ca.jnetpcap.FlowGenerator    FlagFIN current has 4766 flow
2023-08-13 20:10:55 DEBUG cic.cs.unb.ca.jnetpcap.FlowGenerator    FlagFIN current has 4765 flow
2023-08-13 20:10:55 DEBUG cic.cs.unb.ca.jnetpcap.FlowGenerator    FlagFIN current has 4803 flow
2023-08-13 20:10:55 DEBUG cic.cs.unb.ca.jnetpcap.FlowGenerator    FlagFIN current has 4802 flow
2023-08-13 20:10:55 DEBUG cic.cs.unb.ca.jnetpcap.FlowGenerator    FlagFIN current has 4803 flow
2023-08-13 20:10:55 DEBUG cic.cs.unb.ca.jnetpcap.FlowGenerator    FlagFIN current has 4807 flow
2023-08-13 20:10:55 DEBUG cic.cs.unb.ca.jnetpcap.FlowGenerator    FlagFIN current has 4836 flow
2023-08-13 20:10:55 DEBUG cic.cs.unb.ca.jnetpcap.FlowGenerator    FlagFIN current has 4835 flow
2023-08-13 20:10:57 DEBUG cic.cs.unb.ca.jnetpcap.FlowGenerator    FlagFIN current has 4943 flow
2023-08-13 20:10:57 DEBUG cic.cs.unb.ca.jnetpcap.FlowGenerator    FlagFIN current has 4942 flow
2023-08-13 20:10:57 DEBUG cic.cs.unb.ca.jnetpcap.FlowGenerator    FlagFIN current has 4968 flow
2023-08-13 20:10:57 DEBUG cic.cs.unb.ca.jnetpcap.FlowGenerator    FlagFIN current has 4967 flow
2023-08-13 20:10:57 DEBUG cic.cs.unb.ca.jnetpcap.FlowGenerator    FlagFIN current has 4966 flow
2023-08-13 20:10:57 DEBUG cic.cs.unb.ca.jnetpcap.FlowGenerator    FlagFIN current has 4972 flow
2023-08-13 20:10:57 DEBUG cic.cs.unb.ca.jnetpcap.FlowGenerator    FlagFIN current has 4982 flow
2023-08-13 20:10:57 DEBUG cic.cs.unb.ca.jnetpcap.FlowGenerator    FlagFIN current has 4981 flow
2023-08-13 20:10:57 DEBUG cic.cs.unb.ca.jnetpcap.FlowGenerator    FlagFIN current has 4980 flow
2023-08-13 20:10:57 DEBUG cic.cs.unb.ca.jnetpcap.FlowGenerator    FlagFIN current has 5019 flow
2023-08-13 20:10:57 DEBUG cic.cs.unb.ca.jnetpcap.FlowGenerator    FlagFIN current has 5019 flow
2023-08-13 20:10:58 DEBUG cic.cs.unb.ca.jnetpcap.FlowGenerator    FlagFIN current has 5066 flow
2023-08-13 20:10:58 DEBUG cic.cs.unb.ca.jnetpcap.FlowGenerator    FlagFIN current has 5076 flow
2023-08-13 20:10:58 DEBUG cic.cs.unb.ca.jnetpcap.FlowGenerator    FlagFIN current has 5126 flow
2023-08-13 20:10:58 DEBUG cic.cs.unb.ca.jnetpcap.FlowGenerator    FlagFIN current has 5125 flow
2023-08-13 20:10:59 DEBUG cic.cs.unb.ca.jnetpcap.FlowGenerator    FlagFIN current has 5143 flow
2023-08-13 20:10:59 DEBUG cic.cs.unb.ca.jnetpcap.FlowGenerator    FlagFIN current has 5143 flow
2023-08-13 20:10:59 DEBUG cic.cs.unb.ca.jnetpcap.FlowGenerator    FlagFIN current has 5177 flow
2023-08-13 20:10:59 DEBUG cic.cs.unb.ca.jnetpcap.FlowGenerator    FlagFIN current has 5176 flow
2023-08-13 20:10:59 DEBUG cic.cs.unb.ca.jnetpcap.FlowGenerator    FlagFIN current has 5175 flow
2023-08-13 20:10:59 DEBUG cic.cs.unb.ca.jnetpcap.FlowGenerator    FlagFIN current has 5174 flow
2023-08-13 20:10:59 DEBUG cic.cs.unb.ca.jnetpcap.FlowGenerator    FlagFIN current has 5174 flow
2023-08-13 20:10:59 DEBUG cic.cs.unb.ca.jnetpcap.FlowGenerator    FlagFIN current has 5173 flow
2023-08-13 20:10:59 DEBUG cic.cs.unb.ca.jnetpcap.FlowGenerator    FlagFIN current has 5182 flow
2023-08-13 20:10:59 DEBUG cic.cs.unb.ca.jnetpcap.FlowGenerator    FlagFIN current has 5181 flow
2023-08-13 20:10:59 DEBUG cic.cs.unb.ca.jnetpcap.FlowGenerator    FlagFIN current has 5180 flow
2023-08-13 20:10:59 DEBUG cic.cs.unb.ca.jnetpcap.FlowGenerator    FlagFIN current has 5179 flow
2023-08-13 20:10:59 DEBUG cic.cs.unb.ca.jnetpcap.FlowGenerator    FlagFIN current has 5183 flow
2023-08-13 20:11:00 DEBUG cic.cs.unb.ca.jnetpcap.FlowGenerator    FlagFIN current has 5213 flow
2023-08-13 20:11:00 DEBUG cic.cs.unb.ca.jnetpcap.FlowGenerator    FlagFIN current has 5214 flow
2023-08-13 20:11:00 DEBUG cic.cs.unb.ca.jnetpcap.FlowGenerator    FlagFIN current has 5213 flow
2023-08-13 20:11:00 DEBUG cic.cs.unb.ca.jnetpcap.FlowGenerator    FlagFIN current has 5238 flow
2023-08-13 20:11:01 DEBUG cic.cs.unb.ca.jnetpcap.FlowGenerator    FlagFIN current has 5268 flow
2023-08-13 20:11:01 DEBUG cic.cs.unb.ca.jnetpcap.FlowGenerator    FlagFIN current has 5268 flow
2023-08-13 20:11:01 DEBUG cic.cs.unb.ca.jnetpcap.FlowGenerator    FlagFIN current has 5272 flow
2023-08-13 20:11:01 DEBUG cic.cs.unb.ca.jnetpcap.FlowGenerator    FlagFIN current has 5271 flow
2023-08-13 20:11:01 DEBUG cic.cs.unb.ca.jnetpcap.FlowGenerator    FlagFIN current has 5270 flow
2023-08-13 20:11:01 DEBUG cic.cs.unb.ca.jnetpcap.FlowGenerator    FlagFIN current has 5269 flow
2023-08-13 20:11:01 DEBUG cic.cs.unb.ca.jnetpcap.FlowGenerator    FlagFIN current has 5268 flow
2023-08-13 20:11:01 DEBUG cic.cs.unb.ca.jnetpcap.FlowGenerator    FlagFIN current has 5267 flow
2023-08-13 20:11:01 DEBUG cic.cs.unb.ca.jnetpcap.FlowGenerator    FlagFIN current has 5266 flow
2023-08-13 20:11:01 DEBUG cic.cs.unb.ca.jnetpcap.FlowGenerator    FlagFIN current has 5265 flow
2023-08-13 20:11:01 DEBUG cic.cs.unb.ca.jnetpcap.FlowGenerator    FlagFIN current has 5264 flow
2023-08-13 20:11:01 DEBUG cic.cs.unb.ca.jnetpcap.FlowGenerator    FlagFIN current has 5263 flow
2023-08-13 20:11:01 DEBUG cic.cs.unb.ca.jnetpcap.FlowGenerator    FlagFIN current has 5262 flow
2023-08-13 20:11:01 DEBUG cic.cs.unb.ca.jnetpcap.FlowGenerator    FlagFIN current has 5261 flow
2023-08-13 20:11:01 DEBUG cic.cs.unb.ca.jnetpcap.FlowGenerator    FlagFIN current has 5260 flow
2023-08-13 20:11:01 DEBUG cic.cs.unb.ca.jnetpcap.FlowGenerator    FlagFIN current has 5259 flow
2023-08-13 20:11:01 DEBUG cic.cs.unb.ca.jnetpcap.FlowGenerator    FlagFIN current has 5258 flow
2023-08-13 20:11:01 DEBUG cic.cs.unb.ca.jnetpcap.FlowGenerator    FlagFIN current has 5290 flow
2023-08-13 20:11:02 DEBUG cic.cs.unb.ca.jnetpcap.FlowGenerator    FlagFIN current has 5294 flow
2023-08-13 20:11:03 DEBUG cic.cs.unb.ca.jnetpcap.FlowGenerator    FlagFIN current has 5296 flow
2023-08-13 20:11:05 DEBUG cic.cs.unb.ca.jnetpcap.FlowGenerator    FlagFIN current has 5316 flow
2023-08-13 20:11:05 DEBUG cic.cs.unb.ca.jnetpcap.FlowGenerator    FlagFIN current has 5316 flow
2023-08-13 20:11:06 DEBUG cic.cs.unb.ca.jnetpcap.FlowGenerator    FlagFIN current has 5316 flow
2023-08-13 20:11:06 DEBUG cic.cs.unb.ca.jnetpcap.FlowGenerator    FlagFIN current has 5316 flow
2023-08-13 20:11:06 DEBUG cic.cs.unb.ca.jnetpcap.FlowGenerator    FlagFIN current has 5316 flow
2023-08-13 20:11:06 DEBUG cic.cs.unb.ca.jnetpcap.FlowGenerator    FlagFIN current has 5316 flow
2023-08-13 20:11:06 DEBUG cic.cs.unb.ca.jnetpcap.FlowGenerator    FlagFIN current has 5316 flow
2023-08-13 20:11:06 DEBUG cic.cs.unb.ca.jnetpcap.FlowGenerator    FlagFIN current has 5316 flow
