2023-05-03 15:09:39 INFO  cic.cs.unb.ca.ifm.Cmd    Please select pcap!
2023-05-03 15:09:53 INFO  cic.cs.unb.ca.jnetpcap.worker.TrafficFlowWorker    Pcap is listening...
2023-05-03 15:21:48 INFO  cic.cs.unb.ca.jnetpcap.worker.TrafficFlowWorker    Pcap is listening...
2023-05-03 15:21:56 INFO  cic.cs.unb.ca.flow.ui.FlowMonitorPane    Pcap stop listening
2023-05-03 15:21:56 INFO  cic.cs.unb.ca.flow.ui.FlowMonitorPane    path:D:\SLIIT\SLIIT\OHTC\DDoS-Random-Forest-main\CICFlowMeter-4.0\bin\data\daily\2023-05-03_Flow.csv
2023-05-03 15:24:24 INFO  cic.cs.unb.ca.ifm.Cmd    Please select pcap!
2023-05-03 20:21:50 INFO  cic.cs.unb.ca.jnetpcap.worker.TrafficFlowWorker    Pcap is listening...
2023-05-03 20:28:24 INFO  cic.cs.unb.ca.jnetpcap.worker.TrafficFlowWorker    Pcap is listening...
2023-05-03 20:32:15 INFO  cic.cs.unb.ca.flow.ui.FlowMonitorPane    Pcap stop listening
2023-05-03 20:32:15 INFO  cic.cs.unb.ca.flow.ui.FlowMonitorPane    path:D:\SLIIT\SLIIT\OHTC\DDoS-Random-Forest-main\CICFlowMeter-4.0\bin\data\daily\2023-05-03_Flow.csv
2023-05-03 20:32:35 INFO  cic.cs.unb.ca.jnetpcap.worker.TrafficFlowWorker    Pcap is listening...
2023-05-03 20:32:37 INFO  cic.cs.unb.ca.flow.ui.FlowMonitorPane    Pcap stop listening
2023-05-03 20:32:37 INFO  cic.cs.unb.ca.flow.ui.FlowMonitorPane    path:D:\SLIIT\SLIIT\OHTC\DDoS-Random-Forest-main\CICFlowMeter-4.0\bin\data\daily\2023-05-03_Flow.csv
2023-05-03 20:32:39 INFO  cic.cs.unb.ca.jnetpcap.worker.TrafficFlowWorker    Pcap is listening...
2023-05-03 20:32:46 INFO  cic.cs.unb.ca.flow.ui.FlowMonitorPane    Pcap stop listening
2023-05-03 20:32:46 INFO  cic.cs.unb.ca.flow.ui.FlowMonitorPane    path:D:\SLIIT\SLIIT\OHTC\DDoS-Random-Forest-main\CICFlowMeter-4.0\bin\data\daily\2023-05-03_Flow.csv
2023-05-03 20:36:17 INFO  cic.cs.unb.ca.jnetpcap.worker.TrafficFlowWorker    Pcap is listening...
2023-05-03 20:50:17 INFO  cic.cs.unb.ca.ifm.Cmd    Please select pcap!
2023-05-03 20:51:20 DEBUG swing.common.SwingUtils    D:\SLIIT\SLIIT\OHTC\DDoS-Random-Forest-main\CICFlowMeter-4.0\bin\logs (Access is denied)
2023-05-03 20:51:39 INFO  cic.cs.unb.ca.jnetpcap.worker.TrafficFlowWorker    Pcap is listening...
2023-05-03 20:53:58 INFO  cic.cs.unb.ca.flow.ui.FlowMonitorPane    Pcap stop listening
2023-05-03 20:53:58 INFO  cic.cs.unb.ca.flow.ui.FlowMonitorPane    path:D:\SLIIT\SLIIT\OHTC\DDoS-Random-Forest-main\CICFlowMeter-4.0\bin\data\daily\2023-05-03_Flow.csv
2023-05-03 20:54:35 INFO  cic.cs.unb.ca.ifm.Cmd    Please select pcap!
2023-05-03 21:02:21 INFO  cic.cs.unb.ca.ifm.Cmd    Please select pcap!
2023-05-03 21:02:31 INFO  cic.cs.unb.ca.jnetpcap.worker.TrafficFlowWorker    Pcap is listening...
2023-05-03 21:02:34 DEBUG cic.cs.unb.ca.jnetpcap.FlowGenerator    FlagFIN current has 7 flow
2023-05-03 21:02:34 DEBUG cic.cs.unb.ca.jnetpcap.FlowGenerator    FlagFIN current has 7 flow
2023-05-03 21:02:44 DEBUG cic.cs.unb.ca.jnetpcap.FlowGenerator    FlagFIN current has 57 flow
2023-05-03 21:02:44 DEBUG cic.cs.unb.ca.jnetpcap.FlowGenerator    FlagFIN current has 58 flow
2023-05-03 21:02:44 DEBUG cic.cs.unb.ca.jnetpcap.FlowGenerator    FlagFIN current has 60 flow
2023-05-03 21:02:46 DEBUG cic.cs.unb.ca.jnetpcap.FlowGenerator    FlagFIN current has 64 flow
2023-05-03 21:02:59 DEBUG cic.cs.unb.ca.jnetpcap.FlowGenerator    FlagFIN current has 86 flow
2023-05-03 21:03:01 DEBUG cic.cs.unb.ca.jnetpcap.FlowGenerator    FlagFIN current has 86 flow
2023-05-03 21:03:01 DEBUG cic.cs.unb.ca.jnetpcap.FlowGenerator    FlagFIN current has 85 flow
2023-05-03 21:03:01 DEBUG cic.cs.unb.ca.jnetpcap.FlowGenerator    FlagFIN current has 84 flow
2023-05-03 21:03:01 DEBUG cic.cs.unb.ca.jnetpcap.FlowGenerator    FlagFIN current has 84 flow
2023-05-03 21:03:01 DEBUG cic.cs.unb.ca.jnetpcap.FlowGenerator    FlagFIN current has 83 flow
2023-05-03 21:03:01 DEBUG cic.cs.unb.ca.jnetpcap.FlowGenerator    FlagFIN current has 82 flow
2023-05-03 21:03:01 DEBUG cic.cs.unb.ca.jnetpcap.FlowGenerator    FlagFIN current has 81 flow
2023-05-03 21:03:01 DEBUG cic.cs.unb.ca.jnetpcap.FlowGenerator    FlagFIN current has 81 flow
2023-05-03 21:03:01 DEBUG cic.cs.unb.ca.jnetpcap.FlowGenerator    FlagFIN current has 81 flow
2023-05-03 21:03:01 DEBUG cic.cs.unb.ca.jnetpcap.FlowGenerator    FlagFIN current has 80 flow
2023-05-03 21:03:08 DEBUG cic.cs.unb.ca.jnetpcap.FlowGenerator    FlagFIN current has 95 flow
2023-05-03 21:03:08 DEBUG cic.cs.unb.ca.jnetpcap.FlowGenerator    FlagFIN current has 96 flow
2023-05-03 21:03:10 DEBUG cic.cs.unb.ca.jnetpcap.FlowGenerator    FlagFIN current has 97 flow
2023-05-03 21:03:12 DEBUG cic.cs.unb.ca.jnetpcap.FlowGenerator    FlagFIN current has 126 flow
2023-05-03 21:03:18 DEBUG cic.cs.unb.ca.jnetpcap.FlowGenerator    FlagFIN current has 166 flow
2023-05-03 21:03:18 DEBUG cic.cs.unb.ca.jnetpcap.FlowGenerator    FlagFIN current has 166 flow
2023-05-03 21:03:22 DEBUG cic.cs.unb.ca.jnetpcap.FlowGenerator    FlagFIN current has 180 flow
2023-05-03 21:03:22 DEBUG cic.cs.unb.ca.jnetpcap.FlowGenerator    FlagFIN current has 180 flow
2023-05-03 21:03:22 DEBUG cic.cs.unb.ca.jnetpcap.FlowGenerator    FlagFIN current has 180 flow
2023-05-03 21:03:22 DEBUG cic.cs.unb.ca.jnetpcap.FlowGenerator    FlagFIN current has 179 flow
2023-05-03 21:03:22 DEBUG cic.cs.unb.ca.jnetpcap.FlowGenerator    FlagFIN current has 191 flow
2023-05-03 21:03:22 DEBUG cic.cs.unb.ca.jnetpcap.FlowGenerator    FlagFIN current has 191 flow
2023-05-03 21:03:22 DEBUG cic.cs.unb.ca.jnetpcap.FlowGenerator    FlagFIN current has 190 flow
2023-05-03 21:03:22 DEBUG cic.cs.unb.ca.jnetpcap.FlowGenerator    FlagFIN current has 191 flow
2023-05-03 21:03:24 DEBUG cic.cs.unb.ca.jnetpcap.FlowGenerator    FlagFIN current has 244 flow
2023-05-03 21:03:24 DEBUG cic.cs.unb.ca.jnetpcap.FlowGenerator    FlagFIN current has 243 flow
2023-05-03 21:03:24 DEBUG cic.cs.unb.ca.jnetpcap.FlowGenerator    FlagFIN current has 244 flow
2023-05-03 21:03:24 DEBUG cic.cs.unb.ca.jnetpcap.FlowGenerator    FlagFIN current has 243 flow
2023-05-03 21:03:25 DEBUG cic.cs.unb.ca.jnetpcap.FlowGenerator    FlagFIN current has 255 flow
2023-05-03 21:03:25 DEBUG cic.cs.unb.ca.jnetpcap.FlowGenerator    FlagFIN current has 255 flow
2023-05-03 21:03:25 DEBUG cic.cs.unb.ca.jnetpcap.FlowGenerator    FlagFIN current has 254 flow
2023-05-03 21:03:25 DEBUG cic.cs.unb.ca.jnetpcap.FlowGenerator    FlagFIN current has 254 flow
2023-05-03 21:03:25 DEBUG cic.cs.unb.ca.jnetpcap.FlowGenerator    FlagFIN current has 255 flow
2023-05-03 21:03:25 DEBUG cic.cs.unb.ca.jnetpcap.FlowGenerator    FlagFIN current has 255 flow
2023-05-03 21:03:25 DEBUG cic.cs.unb.ca.jnetpcap.FlowGenerator    FlagFIN current has 258 flow
2023-05-03 21:03:25 DEBUG cic.cs.unb.ca.jnetpcap.FlowGenerator    FlagFIN current has 258 flow
2023-05-03 21:03:26 DEBUG cic.cs.unb.ca.jnetpcap.FlowGenerator    FlagFIN current has 259 flow
2023-05-03 21:03:26 DEBUG cic.cs.unb.ca.jnetpcap.FlowGenerator    FlagFIN current has 259 flow
2023-05-03 21:03:27 DEBUG cic.cs.unb.ca.jnetpcap.FlowGenerator    FlagFIN current has 260 flow
2023-05-03 21:03:27 DEBUG cic.cs.unb.ca.jnetpcap.FlowGenerator    FlagFIN current has 260 flow
2023-05-03 21:03:27 DEBUG cic.cs.unb.ca.jnetpcap.FlowGenerator    FlagFIN current has 262 flow
2023-05-03 21:03:27 DEBUG cic.cs.unb.ca.jnetpcap.FlowGenerator    FlagFIN current has 262 flow
2023-05-03 21:03:28 DEBUG cic.cs.unb.ca.jnetpcap.FlowGenerator    FlagFIN current has 267 flow
2023-05-03 21:03:28 DEBUG cic.cs.unb.ca.jnetpcap.FlowGenerator    FlagFIN current has 267 flow
2023-05-03 21:03:31 DEBUG cic.cs.unb.ca.jnetpcap.FlowGenerator    FlagFIN current has 273 flow
2023-05-03 21:03:31 DEBUG cic.cs.unb.ca.jnetpcap.FlowGenerator    FlagFIN current has 273 flow
2023-05-03 21:03:31 DEBUG cic.cs.unb.ca.jnetpcap.FlowGenerator    FlagFIN current has 272 flow
2023-05-03 21:03:31 DEBUG cic.cs.unb.ca.jnetpcap.FlowGenerator    FlagFIN current has 272 flow
2023-05-03 21:03:34 DEBUG cic.cs.unb.ca.jnetpcap.FlowGenerator    FlagFIN current has 280 flow
2023-05-03 21:03:34 DEBUG cic.cs.unb.ca.jnetpcap.FlowGenerator    FlagFIN current has 285 flow
2023-05-03 21:03:41 DEBUG cic.cs.unb.ca.jnetpcap.FlowGenerator    FlagFIN current has 315 flow
2023-05-03 21:03:41 DEBUG cic.cs.unb.ca.jnetpcap.FlowGenerator    FlagFIN current has 315 flow
2023-05-03 21:03:46 DEBUG cic.cs.unb.ca.jnetpcap.FlowGenerator    FlagFIN current has 328 flow
2023-05-03 21:03:46 DEBUG cic.cs.unb.ca.jnetpcap.FlowGenerator    FlagFIN current has 328 flow
2023-05-03 21:03:46 DEBUG cic.cs.unb.ca.jnetpcap.FlowGenerator    FlagFIN current has 328 flow
2023-05-03 21:03:46 DEBUG cic.cs.unb.ca.jnetpcap.FlowGenerator    FlagFIN current has 328 flow
2023-05-03 21:03:48 DEBUG cic.cs.unb.ca.jnetpcap.FlowGenerator    FlagFIN current has 331 flow
2023-05-03 21:03:48 DEBUG cic.cs.unb.ca.jnetpcap.FlowGenerator    FlagFIN current has 331 flow
2023-05-03 21:03:52 DEBUG cic.cs.unb.ca.jnetpcap.FlowGenerator    FlagFIN current has 337 flow
2023-05-03 21:03:52 DEBUG cic.cs.unb.ca.jnetpcap.FlowGenerator    FlagFIN current has 337 flow
2023-05-03 21:03:53 DEBUG cic.cs.unb.ca.jnetpcap.FlowGenerator    FlagFIN current has 339 flow
2023-05-03 21:03:53 DEBUG cic.cs.unb.ca.jnetpcap.FlowGenerator    FlagFIN current has 339 flow
2023-05-03 21:03:58 DEBUG cic.cs.unb.ca.jnetpcap.FlowGenerator    FlagFIN current has 347 flow
2023-05-03 21:03:58 DEBUG cic.cs.unb.ca.jnetpcap.FlowGenerator    FlagFIN current has 347 flow
2023-05-03 21:04:00 DEBUG cic.cs.unb.ca.jnetpcap.FlowGenerator    FlagFIN current has 353 flow
2023-05-03 21:04:00 DEBUG cic.cs.unb.ca.jnetpcap.FlowGenerator    FlagFIN current has 353 flow
2023-05-03 21:04:00 DEBUG cic.cs.unb.ca.jnetpcap.FlowGenerator    FlagFIN current has 355 flow
2023-05-03 21:04:00 DEBUG cic.cs.unb.ca.jnetpcap.FlowGenerator    FlagFIN current has 355 flow
2023-05-03 21:04:01 DEBUG cic.cs.unb.ca.jnetpcap.FlowGenerator    FlagFIN current has 356 flow
2023-05-03 21:04:01 DEBUG cic.cs.unb.ca.jnetpcap.FlowGenerator    FlagFIN current has 356 flow
2023-05-03 21:04:03 DEBUG cic.cs.unb.ca.jnetpcap.FlowGenerator    FlagFIN current has 362 flow
2023-05-03 21:04:03 DEBUG cic.cs.unb.ca.jnetpcap.FlowGenerator    FlagFIN current has 362 flow
2023-05-03 21:04:05 DEBUG cic.cs.unb.ca.jnetpcap.FlowGenerator    FlagFIN current has 365 flow
2023-05-03 21:04:05 DEBUG cic.cs.unb.ca.jnetpcap.FlowGenerator    FlagFIN current has 365 flow
2023-05-03 21:04:05 DEBUG cic.cs.unb.ca.jnetpcap.FlowGenerator    FlagFIN current has 365 flow
2023-05-03 21:04:05 DEBUG cic.cs.unb.ca.jnetpcap.FlowGenerator    FlagFIN current has 364 flow
2023-05-03 21:04:06 DEBUG cic.cs.unb.ca.jnetpcap.FlowGenerator    FlagFIN current has 366 flow
2023-05-03 21:04:06 DEBUG cic.cs.unb.ca.jnetpcap.FlowGenerator    FlagFIN current has 366 flow
2023-05-03 21:04:08 DEBUG cic.cs.unb.ca.jnetpcap.FlowGenerator    FlagFIN current has 368 flow
2023-05-03 21:04:08 DEBUG cic.cs.unb.ca.jnetpcap.FlowGenerator    FlagFIN current has 368 flow
2023-05-03 21:04:19 DEBUG cic.cs.unb.ca.jnetpcap.FlowGenerator    FlagFIN current has 396 flow
2023-05-03 21:04:19 DEBUG cic.cs.unb.ca.jnetpcap.FlowGenerator    FlagFIN current has 396 flow
2023-05-03 21:04:20 DEBUG cic.cs.unb.ca.jnetpcap.FlowGenerator    FlagFIN current has 396 flow
2023-05-03 21:04:20 DEBUG cic.cs.unb.ca.jnetpcap.FlowGenerator    FlagFIN current has 396 flow
2023-05-03 21:04:25 DEBUG cic.cs.unb.ca.jnetpcap.FlowGenerator    FlagFIN current has 423 flow
2023-05-03 21:04:25 DEBUG cic.cs.unb.ca.jnetpcap.FlowGenerator    FlagFIN current has 423 flow
2023-05-03 21:04:38 DEBUG cic.cs.unb.ca.jnetpcap.FlowGenerator    FlagFIN current has 433 flow
2023-05-03 21:04:40 DEBUG cic.cs.unb.ca.jnetpcap.FlowGenerator    FlagFIN current has 433 flow
2023-05-03 21:04:46 DEBUG cic.cs.unb.ca.jnetpcap.FlowGenerator    FlagFIN current has 434 flow
2023-05-03 21:04:46 DEBUG cic.cs.unb.ca.jnetpcap.FlowGenerator    FlagFIN current has 434 flow
2023-05-03 21:04:47 DEBUG cic.cs.unb.ca.jnetpcap.FlowGenerator    FlagFIN current has 440 flow
2023-05-03 21:04:47 DEBUG cic.cs.unb.ca.jnetpcap.FlowGenerator    FlagFIN current has 440 flow
2023-05-03 21:04:49 DEBUG cic.cs.unb.ca.jnetpcap.FlowGenerator    FlagFIN current has 441 flow
2023-05-03 21:04:49 DEBUG cic.cs.unb.ca.jnetpcap.FlowGenerator    FlagFIN current has 440 flow
2023-05-03 21:04:49 DEBUG cic.cs.unb.ca.jnetpcap.FlowGenerator    FlagFIN current has 440 flow
2023-05-03 21:05:06 DEBUG cic.cs.unb.ca.jnetpcap.FlowGenerator    FlagFIN current has 445 flow
2023-05-03 21:05:06 DEBUG cic.cs.unb.ca.jnetpcap.FlowGenerator    FlagFIN current has 445 flow
2023-05-03 21:05:23 DEBUG cic.cs.unb.ca.jnetpcap.FlowGenerator    FlagFIN current has 456 flow
2023-05-03 21:05:23 DEBUG cic.cs.unb.ca.jnetpcap.FlowGenerator    FlagFIN current has 455 flow
2023-05-03 21:05:23 DEBUG cic.cs.unb.ca.jnetpcap.FlowGenerator    FlagFIN current has 454 flow
2023-05-03 21:05:23 DEBUG cic.cs.unb.ca.jnetpcap.FlowGenerator    FlagFIN current has 454 flow
2023-05-03 21:05:23 DEBUG cic.cs.unb.ca.jnetpcap.FlowGenerator    FlagFIN current has 454 flow
2023-05-03 21:05:23 DEBUG cic.cs.unb.ca.jnetpcap.FlowGenerator    FlagFIN current has 456 flow
2023-05-03 21:05:26 DEBUG cic.cs.unb.ca.jnetpcap.FlowGenerator    FlagFIN current has 458 flow
2023-05-03 21:05:42 DEBUG cic.cs.unb.ca.jnetpcap.FlowGenerator    FlagFIN current has 509 flow
2023-05-03 21:05:42 DEBUG cic.cs.unb.ca.jnetpcap.FlowGenerator    FlagFIN current has 509 flow
2023-05-03 21:05:44 DEBUG cic.cs.unb.ca.jnetpcap.FlowGenerator    FlagFIN current has 821 flow
2023-05-03 21:05:46 DEBUG cic.cs.unb.ca.jnetpcap.FlowGenerator    FlagFIN current has 1050 flow
2023-05-03 21:05:46 DEBUG cic.cs.unb.ca.jnetpcap.FlowGenerator    FlagFIN current has 1050 flow
2023-05-03 21:05:46 DEBUG cic.cs.unb.ca.jnetpcap.FlowGenerator    FlagFIN current has 1060 flow
2023-05-03 21:05:46 DEBUG cic.cs.unb.ca.jnetpcap.FlowGenerator    FlagFIN current has 1059 flow
2023-05-03 21:05:49 DEBUG cic.cs.unb.ca.jnetpcap.FlowGenerator    FlagFIN current has 1293 flow
2023-05-03 21:05:49 DEBUG cic.cs.unb.ca.jnetpcap.FlowGenerator    FlagFIN current has 1293 flow
2023-05-03 21:05:50 DEBUG cic.cs.unb.ca.jnetpcap.FlowGenerator    FlagFIN current has 1302 flow
2023-05-03 21:05:50 DEBUG cic.cs.unb.ca.jnetpcap.FlowGenerator    FlagFIN current has 1301 flow
2023-05-03 21:05:50 DEBUG cic.cs.unb.ca.jnetpcap.FlowGenerator    FlagFIN current has 1300 flow
2023-05-03 21:05:50 DEBUG cic.cs.unb.ca.jnetpcap.FlowGenerator    FlagFIN current has 1299 flow
2023-05-03 21:05:50 DEBUG cic.cs.unb.ca.jnetpcap.FlowGenerator    FlagFIN current has 1298 flow
2023-05-03 21:05:50 DEBUG cic.cs.unb.ca.jnetpcap.FlowGenerator    FlagFIN current has 1297 flow
2023-05-03 21:05:50 DEBUG cic.cs.unb.ca.jnetpcap.FlowGenerator    FlagFIN current has 1296 flow
2023-05-03 21:05:50 DEBUG cic.cs.unb.ca.jnetpcap.FlowGenerator    FlagFIN current has 1295 flow
2023-05-03 21:05:50 DEBUG cic.cs.unb.ca.jnetpcap.FlowGenerator    FlagFIN current has 1294 flow
2023-05-03 21:05:50 DEBUG cic.cs.unb.ca.jnetpcap.FlowGenerator    FlagFIN current has 1293 flow
2023-05-03 21:05:50 DEBUG cic.cs.unb.ca.jnetpcap.FlowGenerator    FlagFIN current has 1292 flow
2023-05-03 21:05:50 DEBUG cic.cs.unb.ca.jnetpcap.FlowGenerator    FlagFIN current has 1291 flow
2023-05-03 21:05:50 DEBUG cic.cs.unb.ca.jnetpcap.FlowGenerator    FlagFIN current has 1290 flow
2023-05-03 21:05:50 DEBUG cic.cs.unb.ca.jnetpcap.FlowGenerator    FlagFIN current has 1304 flow
2023-05-03 21:05:50 DEBUG cic.cs.unb.ca.jnetpcap.FlowGenerator    FlagFIN current has 1305 flow
2023-05-03 21:05:50 DEBUG cic.cs.unb.ca.jnetpcap.FlowGenerator    FlagFIN current has 1313 flow
2023-05-03 21:05:50 DEBUG cic.cs.unb.ca.jnetpcap.FlowGenerator    FlagFIN current has 1313 flow
2023-05-03 21:05:53 DEBUG cic.cs.unb.ca.jnetpcap.FlowGenerator    FlagFIN current has 1578 flow
2023-05-03 21:05:54 DEBUG cic.cs.unb.ca.jnetpcap.FlowGenerator    FlagFIN current has 1589 flow
2023-05-03 21:05:54 DEBUG cic.cs.unb.ca.jnetpcap.FlowGenerator    FlagFIN current has 1588 flow
2023-05-03 21:06:00 DEBUG cic.cs.unb.ca.jnetpcap.FlowGenerator    FlagFIN current has 2442 flow
2023-05-03 21:06:00 DEBUG cic.cs.unb.ca.jnetpcap.FlowGenerator    FlagFIN current has 2441 flow
2023-05-03 21:06:00 DEBUG cic.cs.unb.ca.jnetpcap.FlowGenerator    FlagFIN current has 2440 flow
2023-05-03 21:06:00 DEBUG cic.cs.unb.ca.jnetpcap.FlowGenerator    FlagFIN current has 2439 flow
2023-05-03 21:06:00 DEBUG cic.cs.unb.ca.jnetpcap.FlowGenerator    FlagFIN current has 2438 flow
2023-05-03 21:06:00 DEBUG cic.cs.unb.ca.jnetpcap.FlowGenerator    FlagFIN current has 2437 flow
2023-05-03 21:06:00 DEBUG cic.cs.unb.ca.jnetpcap.FlowGenerator    FlagFIN current has 2436 flow
2023-05-03 21:06:00 DEBUG cic.cs.unb.ca.jnetpcap.FlowGenerator    FlagFIN current has 2435 flow
2023-05-03 21:06:00 DEBUG cic.cs.unb.ca.jnetpcap.FlowGenerator    FlagFIN current has 2434 flow
2023-05-03 21:06:00 DEBUG cic.cs.unb.ca.jnetpcap.FlowGenerator    FlagFIN current has 2433 flow
2023-05-03 21:06:00 DEBUG cic.cs.unb.ca.jnetpcap.FlowGenerator    FlagFIN current has 2432 flow
2023-05-03 21:06:00 DEBUG cic.cs.unb.ca.jnetpcap.FlowGenerator    FlagFIN current has 2431 flow
2023-05-03 21:06:00 DEBUG cic.cs.unb.ca.jnetpcap.FlowGenerator    FlagFIN current has 2436 flow
2023-05-03 21:06:00 DEBUG cic.cs.unb.ca.jnetpcap.FlowGenerator    FlagFIN current has 2437 flow
2023-05-03 21:06:00 DEBUG cic.cs.unb.ca.jnetpcap.FlowGenerator    FlagFIN current has 2438 flow
2023-05-03 21:06:00 DEBUG cic.cs.unb.ca.jnetpcap.FlowGenerator    FlagFIN current has 2438 flow
2023-05-03 21:06:00 DEBUG cic.cs.unb.ca.jnetpcap.FlowGenerator    FlagFIN current has 2441 flow
2023-05-03 21:06:00 DEBUG cic.cs.unb.ca.jnetpcap.FlowGenerator    FlagFIN current has 2440 flow
2023-05-03 21:06:01 DEBUG cic.cs.unb.ca.jnetpcap.FlowGenerator    FlagFIN current has 2445 flow
2023-05-03 21:06:02 DEBUG cic.cs.unb.ca.jnetpcap.FlowGenerator    FlagFIN current has 2445 flow
2023-05-03 21:06:10 DEBUG cic.cs.unb.ca.jnetpcap.FlowGenerator    FlagFIN current has 2520 flow
2023-05-03 21:06:19 DEBUG cic.cs.unb.ca.jnetpcap.FlowGenerator    FlagFIN current has 2533 flow
2023-05-03 21:06:19 DEBUG cic.cs.unb.ca.jnetpcap.FlowGenerator    FlagFIN current has 2532 flow
2023-05-03 21:06:19 DEBUG cic.cs.unb.ca.jnetpcap.FlowGenerator    FlagFIN current has 2531 flow
2023-05-03 21:06:19 DEBUG cic.cs.unb.ca.jnetpcap.FlowGenerator    FlagFIN current has 2531 flow
2023-05-03 21:06:19 DEBUG cic.cs.unb.ca.jnetpcap.FlowGenerator    FlagFIN current has 2531 flow
2023-05-03 21:06:20 DEBUG cic.cs.unb.ca.jnetpcap.FlowGenerator    FlagFIN current has 2533 flow
2023-05-03 21:06:21 DEBUG cic.cs.unb.ca.jnetpcap.FlowGenerator    FlagFIN current has 2533 flow
2023-05-03 21:06:32 DEBUG cic.cs.unb.ca.jnetpcap.FlowGenerator    FlagFIN current has 2561 flow
2023-05-03 21:06:32 DEBUG cic.cs.unb.ca.jnetpcap.FlowGenerator    FlagFIN current has 2561 flow
2023-05-03 21:06:34 DEBUG cic.cs.unb.ca.jnetpcap.FlowGenerator    FlagFIN current has 2566 flow
2023-05-03 21:06:34 DEBUG cic.cs.unb.ca.jnetpcap.FlowGenerator    FlagFIN current has 2566 flow
2023-05-03 21:06:35 DEBUG cic.cs.unb.ca.jnetpcap.FlowGenerator    FlagFIN current has 2570 flow
2023-05-03 21:06:35 DEBUG cic.cs.unb.ca.jnetpcap.FlowGenerator    FlagFIN current has 2569 flow
2023-05-03 21:06:35 DEBUG cic.cs.unb.ca.jnetpcap.FlowGenerator    FlagFIN current has 2570 flow
2023-05-03 21:06:36 DEBUG cic.cs.unb.ca.jnetpcap.FlowGenerator    FlagFIN current has 2570 flow
2023-05-03 21:06:36 DEBUG cic.cs.unb.ca.jnetpcap.FlowGenerator    FlagFIN current has 2570 flow
2023-05-03 21:06:36 DEBUG cic.cs.unb.ca.jnetpcap.FlowGenerator    FlagFIN current has 2570 flow
2023-05-03 21:06:36 DEBUG cic.cs.unb.ca.jnetpcap.FlowGenerator    FlagFIN current has 2570 flow
2023-05-03 21:06:52 DEBUG cic.cs.unb.ca.jnetpcap.FlowGenerator    FlagFIN current has 2659 flow
2023-05-03 21:06:52 DEBUG cic.cs.unb.ca.jnetpcap.FlowGenerator    FlagFIN current has 2659 flow
2023-05-03 21:06:53 DEBUG cic.cs.unb.ca.jnetpcap.FlowGenerator    FlagFIN current has 2946 flow
2023-05-03 21:06:53 DEBUG cic.cs.unb.ca.jnetpcap.FlowGenerator    FlagFIN current has 2963 flow
2023-05-03 21:07:02 DEBUG cic.cs.unb.ca.jnetpcap.FlowGenerator    FlagFIN current has 3143 flow
2023-05-03 21:07:02 DEBUG cic.cs.unb.ca.jnetpcap.FlowGenerator    FlagFIN current has 3143 flow
2023-05-03 21:07:03 DEBUG cic.cs.unb.ca.jnetpcap.FlowGenerator    FlagFIN current has 3174 flow
2023-05-03 21:07:03 DEBUG cic.cs.unb.ca.jnetpcap.FlowGenerator    FlagFIN current has 3175 flow
2023-05-03 21:07:03 DEBUG cic.cs.unb.ca.jnetpcap.FlowGenerator    FlagFIN current has 3180 flow
2023-05-03 21:07:03 DEBUG cic.cs.unb.ca.jnetpcap.FlowGenerator    FlagFIN current has 3182 flow
2023-05-03 21:07:11 DEBUG cic.cs.unb.ca.jnetpcap.FlowGenerator    Timeout current has 3200 flow
2023-05-03 21:07:14 DEBUG cic.cs.unb.ca.jnetpcap.FlowGenerator    FlagFIN current has 3201 flow
2023-05-03 21:07:47 DEBUG cic.cs.unb.ca.jnetpcap.FlowGenerator    FlagFIN current has 3356 flow
2023-05-03 21:07:47 DEBUG cic.cs.unb.ca.jnetpcap.FlowGenerator    FlagFIN current has 3356 flow
2023-05-03 21:07:54 DEBUG cic.cs.unb.ca.jnetpcap.FlowGenerator    FlagFIN current has 3393 flow
2023-05-03 21:07:54 DEBUG cic.cs.unb.ca.jnetpcap.FlowGenerator    FlagFIN current has 3392 flow
2023-05-03 21:07:54 DEBUG cic.cs.unb.ca.jnetpcap.FlowGenerator    FlagFIN current has 3392 flow
2023-05-03 21:07:54 DEBUG cic.cs.unb.ca.jnetpcap.FlowGenerator    FlagFIN current has 3392 flow
2023-05-03 21:07:55 DEBUG cic.cs.unb.ca.jnetpcap.FlowGenerator    FlagFIN current has 3393 flow
2023-05-03 21:07:55 DEBUG cic.cs.unb.ca.jnetpcap.FlowGenerator    FlagFIN current has 3392 flow
2023-05-03 21:07:55 DEBUG cic.cs.unb.ca.jnetpcap.FlowGenerator    FlagFIN current has 3392 flow
2023-05-03 21:07:55 DEBUG cic.cs.unb.ca.jnetpcap.FlowGenerator    FlagFIN current has 3392 flow
2023-05-03 21:07:55 DEBUG cic.cs.unb.ca.jnetpcap.FlowGenerator    FlagFIN current has 3391 flow
2023-05-03 21:07:55 DEBUG cic.cs.unb.ca.jnetpcap.FlowGenerator    FlagFIN current has 3391 flow
2023-05-03 21:07:55 DEBUG cic.cs.unb.ca.jnetpcap.FlowGenerator    FlagFIN current has 3391 flow
2023-05-03 21:07:55 DEBUG cic.cs.unb.ca.jnetpcap.FlowGenerator    FlagFIN current has 3395 flow
2023-05-03 21:07:55 DEBUG cic.cs.unb.ca.jnetpcap.FlowGenerator    FlagFIN current has 3395 flow
2023-05-03 21:07:58 DEBUG cic.cs.unb.ca.jnetpcap.FlowGenerator    FlagFIN current has 3473 flow
2023-05-03 21:08:10 DEBUG cic.cs.unb.ca.jnetpcap.FlowGenerator    FlagFIN current has 3569 flow
2023-05-03 21:08:27 DEBUG cic.cs.unb.ca.jnetpcap.FlowGenerator    FlagFIN current has 3588 flow
2023-05-03 21:08:27 DEBUG cic.cs.unb.ca.jnetpcap.FlowGenerator    FlagFIN current has 3588 flow
2023-05-03 21:08:28 DEBUG cic.cs.unb.ca.jnetpcap.FlowGenerator    FlagFIN current has 3588 flow
2023-05-03 21:08:28 DEBUG cic.cs.unb.ca.jnetpcap.FlowGenerator    FlagFIN current has 3588 flow
2023-05-03 21:08:34 DEBUG cic.cs.unb.ca.jnetpcap.FlowGenerator    FlagFIN current has 3591 flow
2023-05-03 21:08:34 DEBUG cic.cs.unb.ca.jnetpcap.FlowGenerator    FlagFIN current has 3591 flow
2023-05-03 21:08:34 DEBUG cic.cs.unb.ca.jnetpcap.FlowGenerator    FlagFIN current has 3591 flow
2023-05-03 21:08:51 DEBUG cic.cs.unb.ca.jnetpcap.FlowGenerator    FlagFIN current has 3596 flow
2023-05-03 21:09:04 DEBUG cic.cs.unb.ca.jnetpcap.FlowGenerator    FlagFIN current has 3602 flow
2023-05-03 21:09:04 DEBUG cic.cs.unb.ca.jnetpcap.FlowGenerator    FlagFIN current has 3601 flow
2023-05-03 21:09:16 DEBUG cic.cs.unb.ca.jnetpcap.FlowGenerator    FlagFIN current has 3614 flow
2023-05-03 21:09:18 DEBUG cic.cs.unb.ca.jnetpcap.FlowGenerator    FlagFIN current has 3614 flow
2023-05-03 21:09:18 DEBUG cic.cs.unb.ca.jnetpcap.FlowGenerator    FlagFIN current has 3623 flow
2023-05-03 21:09:19 DEBUG cic.cs.unb.ca.jnetpcap.FlowGenerator    FlagFIN current has 3623 flow
2023-05-03 21:09:19 DEBUG cic.cs.unb.ca.jnetpcap.FlowGenerator    FlagFIN current has 3632 flow
2023-05-03 21:09:22 DEBUG cic.cs.unb.ca.jnetpcap.FlowGenerator    FlagFIN current has 3636 flow
2023-05-03 21:09:23 DEBUG cic.cs.unb.ca.jnetpcap.FlowGenerator    FlagFIN current has 3640 flow
2023-05-03 21:09:27 DEBUG cic.cs.unb.ca.jnetpcap.FlowGenerator    FlagFIN current has 3649 flow
2023-05-03 21:09:27 DEBUG cic.cs.unb.ca.jnetpcap.FlowGenerator    FlagFIN current has 3650 flow
2023-05-03 21:09:28 DEBUG cic.cs.unb.ca.jnetpcap.FlowGenerator    FlagFIN current has 3652 flow
2023-05-03 21:09:28 DEBUG cic.cs.unb.ca.jnetpcap.FlowGenerator    FlagFIN current has 3652 flow
2023-05-03 21:09:28 DEBUG cic.cs.unb.ca.jnetpcap.FlowGenerator    FlagFIN current has 3651 flow
2023-05-03 21:09:28 DEBUG cic.cs.unb.ca.jnetpcap.FlowGenerator    FlagFIN current has 3651 flow
2023-05-03 21:09:29 DEBUG cic.cs.unb.ca.jnetpcap.FlowGenerator    FlagFIN current has 3653 flow
2023-05-03 21:09:29 DEBUG cic.cs.unb.ca.jnetpcap.FlowGenerator    FlagFIN current has 3654 flow
2023-05-03 21:09:30 DEBUG cic.cs.unb.ca.jnetpcap.FlowGenerator    FlagFIN current has 3654 flow
2023-05-03 21:09:30 DEBUG cic.cs.unb.ca.jnetpcap.FlowGenerator    FlagFIN current has 3654 flow
2023-05-03 21:09:55 DEBUG cic.cs.unb.ca.jnetpcap.FlowGenerator    FlagFIN current has 3699 flow
2023-05-03 21:09:55 DEBUG cic.cs.unb.ca.jnetpcap.FlowGenerator    FlagFIN current has 3699 flow
2023-05-03 21:09:59 DEBUG cic.cs.unb.ca.jnetpcap.FlowGenerator    FlagFIN current has 3706 flow
2023-05-03 21:09:59 DEBUG cic.cs.unb.ca.jnetpcap.FlowGenerator    FlagFIN current has 3706 flow
2023-05-03 21:10:15 DEBUG cic.cs.unb.ca.jnetpcap.FlowGenerator    FlagFIN current has 3718 flow
2023-05-03 21:10:15 DEBUG cic.cs.unb.ca.jnetpcap.FlowGenerator    FlagFIN current has 3718 flow
2023-05-03 21:10:15 DEBUG cic.cs.unb.ca.jnetpcap.FlowGenerator    FlagFIN current has 3718 flow
2023-05-03 21:10:15 DEBUG cic.cs.unb.ca.jnetpcap.FlowGenerator    FlagFIN current has 3718 flow
2023-05-03 21:10:19 DEBUG cic.cs.unb.ca.jnetpcap.FlowGenerator    FlagFIN current has 3725 flow
2023-05-03 21:10:19 DEBUG cic.cs.unb.ca.jnetpcap.FlowGenerator    FlagFIN current has 3725 flow
2023-05-03 21:10:19 DEBUG cic.cs.unb.ca.jnetpcap.FlowGenerator    FlagFIN current has 3725 flow
2023-05-03 21:10:19 DEBUG cic.cs.unb.ca.jnetpcap.FlowGenerator    FlagFIN current has 3725 flow
2023-05-03 21:10:46 DEBUG cic.cs.unb.ca.jnetpcap.FlowGenerator    FlagFIN current has 3746 flow
2023-05-03 21:10:46 DEBUG cic.cs.unb.ca.jnetpcap.FlowGenerator    FlagFIN current has 3768 flow
2023-05-03 21:10:46 DEBUG cic.cs.unb.ca.jnetpcap.FlowGenerator    FlagFIN current has 3768 flow
2023-05-03 21:10:53 DEBUG cic.cs.unb.ca.jnetpcap.FlowGenerator    FlagFIN current has 3781 flow
2023-05-03 21:10:53 DEBUG cic.cs.unb.ca.jnetpcap.FlowGenerator    FlagFIN current has 3781 flow
2023-05-03 21:10:54 DEBUG cic.cs.unb.ca.jnetpcap.FlowGenerator    FlagFIN current has 3782 flow
2023-05-03 21:10:54 DEBUG cic.cs.unb.ca.jnetpcap.FlowGenerator    FlagFIN current has 3782 flow
2023-05-03 21:10:58 DEBUG cic.cs.unb.ca.jnetpcap.FlowGenerator    FlagFIN current has 3801 flow
2023-05-03 21:10:58 DEBUG cic.cs.unb.ca.jnetpcap.FlowGenerator    FlagFIN current has 3801 flow
2023-05-03 21:10:59 DEBUG cic.cs.unb.ca.jnetpcap.FlowGenerator    FlagFIN current has 3802 flow
2023-05-03 21:10:59 DEBUG cic.cs.unb.ca.jnetpcap.FlowGenerator    FlagFIN current has 3802 flow
2023-05-03 21:11:08 DEBUG cic.cs.unb.ca.jnetpcap.FlowGenerator    FlagFIN current has 3804 flow
2023-05-03 21:11:14 DEBUG cic.cs.unb.ca.jnetpcap.FlowGenerator    FlagFIN current has 3815 flow
2023-05-03 21:11:14 DEBUG cic.cs.unb.ca.jnetpcap.FlowGenerator    FlagFIN current has 3815 flow
2023-05-03 21:11:14 DEBUG cic.cs.unb.ca.jnetpcap.FlowGenerator    FlagFIN current has 3815 flow
2023-05-03 21:11:14 DEBUG cic.cs.unb.ca.jnetpcap.FlowGenerator    FlagFIN current has 3815 flow
2023-05-03 21:11:30 DEBUG cic.cs.unb.ca.jnetpcap.FlowGenerator    FlagFIN current has 3819 flow
2023-05-03 21:11:32 DEBUG cic.cs.unb.ca.jnetpcap.FlowGenerator    FlagFIN current has 3830 flow
2023-05-03 21:11:32 DEBUG cic.cs.unb.ca.jnetpcap.FlowGenerator    FlagFIN current has 3830 flow
2023-05-03 21:11:32 DEBUG cic.cs.unb.ca.jnetpcap.FlowGenerator    FlagFIN current has 3829 flow
2023-05-03 21:11:32 DEBUG cic.cs.unb.ca.jnetpcap.FlowGenerator    FlagFIN current has 3829 flow
2023-05-03 21:11:35 DEBUG cic.cs.unb.ca.jnetpcap.FlowGenerator    FlagFIN current has 3832 flow
2023-05-03 21:11:35 DEBUG cic.cs.unb.ca.jnetpcap.FlowGenerator    FlagFIN current has 3832 flow
2023-05-03 21:11:35 DEBUG cic.cs.unb.ca.jnetpcap.FlowGenerator    FlagFIN current has 3832 flow
2023-05-03 21:11:35 DEBUG cic.cs.unb.ca.jnetpcap.FlowGenerator    FlagFIN current has 3831 flow
2023-05-03 21:11:35 DEBUG cic.cs.unb.ca.jnetpcap.FlowGenerator    FlagFIN current has 3831 flow
2023-05-03 21:11:36 DEBUG cic.cs.unb.ca.jnetpcap.FlowGenerator    FlagFIN current has 3832 flow
2023-05-03 21:11:36 DEBUG cic.cs.unb.ca.jnetpcap.FlowGenerator    FlagFIN current has 3831 flow
2023-05-03 21:11:36 DEBUG cic.cs.unb.ca.jnetpcap.FlowGenerator    FlagFIN current has 3831 flow
2023-05-03 21:11:36 DEBUG cic.cs.unb.ca.jnetpcap.FlowGenerator    FlagFIN current has 3830 flow
2023-05-03 21:11:36 DEBUG cic.cs.unb.ca.jnetpcap.FlowGenerator    FlagFIN current has 3833 flow
2023-05-03 21:11:36 DEBUG cic.cs.unb.ca.jnetpcap.FlowGenerator    FlagFIN current has 3834 flow
2023-05-03 21:11:44 DEBUG cic.cs.unb.ca.jnetpcap.FlowGenerator    FlagFIN current has 3845 flow
2023-05-03 21:11:44 DEBUG cic.cs.unb.ca.jnetpcap.FlowGenerator    FlagFIN current has 3845 flow
2023-05-03 21:12:01 DEBUG cic.cs.unb.ca.jnetpcap.FlowGenerator    FlagFIN current has 3993 flow
2023-05-03 21:12:26 DEBUG cic.cs.unb.ca.jnetpcap.FlowGenerator    FlagFIN current has 4222 flow
2023-05-03 21:12:26 DEBUG cic.cs.unb.ca.jnetpcap.FlowGenerator    FlagFIN current has 4222 flow
2023-05-03 21:12:26 DEBUG cic.cs.unb.ca.jnetpcap.FlowGenerator    FlagFIN current has 4222 flow
2023-05-03 21:12:26 DEBUG cic.cs.unb.ca.jnetpcap.FlowGenerator    FlagFIN current has 4222 flow
2023-05-03 21:12:26 DEBUG cic.cs.unb.ca.jnetpcap.FlowGenerator    FlagFIN current has 4221 flow
2023-05-03 21:12:26 DEBUG cic.cs.unb.ca.jnetpcap.FlowGenerator    FlagFIN current has 4221 flow
2023-05-03 21:12:35 DEBUG cic.cs.unb.ca.jnetpcap.FlowGenerator    FlagFIN current has 4334 flow
2023-05-03 21:12:35 DEBUG cic.cs.unb.ca.jnetpcap.FlowGenerator    FlagFIN current has 4334 flow
2023-05-03 21:12:35 DEBUG cic.cs.unb.ca.jnetpcap.FlowGenerator    FlagFIN current has 4334 flow
2023-05-03 21:12:35 DEBUG cic.cs.unb.ca.jnetpcap.FlowGenerator    FlagFIN current has 4334 flow
2023-05-03 21:13:06 DEBUG cic.cs.unb.ca.jnetpcap.FlowGenerator    FlagFIN current has 5071 flow
2023-05-03 21:13:16 DEBUG cic.cs.unb.ca.jnetpcap.FlowGenerator    FlagFIN current has 5523 flow
2023-05-03 21:13:16 DEBUG cic.cs.unb.ca.jnetpcap.FlowGenerator    FlagFIN current has 5522 flow
2023-05-03 21:13:16 DEBUG cic.cs.unb.ca.jnetpcap.FlowGenerator    FlagFIN current has 5521 flow
2023-05-03 21:13:16 DEBUG cic.cs.unb.ca.jnetpcap.FlowGenerator    FlagFIN current has 5520 flow
2023-05-03 21:13:16 DEBUG cic.cs.unb.ca.jnetpcap.FlowGenerator    FlagFIN current has 5519 flow
2023-05-03 21:13:16 DEBUG cic.cs.unb.ca.jnetpcap.FlowGenerator    FlagFIN current has 5518 flow
2023-05-03 21:13:16 DEBUG cic.cs.unb.ca.jnetpcap.FlowGenerator    FlagFIN current has 5517 flow
2023-05-03 21:13:16 DEBUG cic.cs.unb.ca.jnetpcap.FlowGenerator    FlagFIN current has 5516 flow
2023-05-03 21:13:16 DEBUG cic.cs.unb.ca.jnetpcap.FlowGenerator    FlagFIN current has 5515 flow
2023-05-03 21:13:16 DEBUG cic.cs.unb.ca.jnetpcap.FlowGenerator    FlagFIN current has 5523 flow
2023-05-03 21:13:16 DEBUG cic.cs.unb.ca.jnetpcap.FlowGenerator    FlagFIN current has 5523 flow
2023-05-03 21:13:16 DEBUG cic.cs.unb.ca.jnetpcap.FlowGenerator    FlagFIN current has 5525 flow
2023-05-03 21:13:24 DEBUG cic.cs.unb.ca.jnetpcap.FlowGenerator    Timeout current has 5600 flow
2023-05-03 21:14:24 DEBUG cic.cs.unb.ca.jnetpcap.FlowGenerator    FlagFIN current has 5800 flow
2023-05-03 21:14:24 DEBUG cic.cs.unb.ca.jnetpcap.FlowGenerator    FlagFIN current has 5800 flow
2023-05-03 21:14:26 DEBUG cic.cs.unb.ca.jnetpcap.FlowGenerator    FlagFIN current has 5803 flow
2023-05-03 21:14:26 DEBUG cic.cs.unb.ca.jnetpcap.FlowGenerator    FlagFIN current has 5803 flow
2023-05-03 21:14:27 DEBUG cic.cs.unb.ca.jnetpcap.FlowGenerator    FlagFIN current has 5803 flow
2023-05-03 21:14:27 DEBUG cic.cs.unb.ca.jnetpcap.FlowGenerator    FlagFIN current has 5803 flow
2023-05-03 21:14:30 DEBUG cic.cs.unb.ca.jnetpcap.FlowGenerator    FlagFIN current has 5813 flow
2023-05-03 21:14:30 DEBUG cic.cs.unb.ca.jnetpcap.FlowGenerator    FlagFIN current has 5813 flow
2023-05-03 21:14:31 DEBUG cic.cs.unb.ca.jnetpcap.FlowGenerator    FlagFIN current has 5813 flow
2023-05-03 21:14:31 DEBUG cic.cs.unb.ca.jnetpcap.FlowGenerator    FlagFIN current has 5813 flow
2023-05-03 21:14:33 DEBUG cic.cs.unb.ca.jnetpcap.FlowGenerator    FlagFIN current has 5822 flow
2023-05-03 21:14:33 DEBUG cic.cs.unb.ca.jnetpcap.FlowGenerator    FlagFIN current has 5822 flow
2023-05-03 21:14:33 DEBUG cic.cs.unb.ca.jnetpcap.FlowGenerator    FlagFIN current has 5822 flow
2023-05-03 21:14:33 DEBUG cic.cs.unb.ca.jnetpcap.FlowGenerator    FlagFIN current has 5822 flow
2023-05-03 21:14:35 DEBUG cic.cs.unb.ca.jnetpcap.FlowGenerator    FlagFIN current has 5825 flow
2023-05-03 21:14:35 DEBUG cic.cs.unb.ca.jnetpcap.FlowGenerator    FlagFIN current has 5824 flow
2023-05-03 21:14:36 DEBUG cic.cs.unb.ca.jnetpcap.FlowGenerator    FlagFIN current has 5825 flow
2023-05-03 21:14:36 DEBUG cic.cs.unb.ca.jnetpcap.FlowGenerator    FlagFIN current has 5824 flow
2023-05-03 21:14:36 DEBUG cic.cs.unb.ca.jnetpcap.FlowGenerator    FlagFIN current has 5823 flow
2023-05-03 21:14:36 DEBUG cic.cs.unb.ca.jnetpcap.FlowGenerator    FlagFIN current has 5822 flow
2023-05-03 21:14:36 DEBUG cic.cs.unb.ca.jnetpcap.FlowGenerator    FlagFIN current has 5821 flow
2023-05-03 21:14:36 DEBUG cic.cs.unb.ca.jnetpcap.FlowGenerator    FlagFIN current has 5820 flow
2023-05-03 21:14:36 DEBUG cic.cs.unb.ca.jnetpcap.FlowGenerator    FlagFIN current has 5824 flow
2023-05-03 21:14:36 DEBUG cic.cs.unb.ca.jnetpcap.FlowGenerator    FlagFIN current has 5823 flow
2023-05-03 21:14:38 DEBUG cic.cs.unb.ca.jnetpcap.FlowGenerator    FlagFIN current has 5830 flow
2023-05-03 21:14:38 DEBUG cic.cs.unb.ca.jnetpcap.FlowGenerator    FlagFIN current has 5830 flow
2023-05-03 21:14:40 DEBUG cic.cs.unb.ca.jnetpcap.FlowGenerator    FlagFIN current has 5832 flow
2023-05-03 21:14:40 DEBUG cic.cs.unb.ca.jnetpcap.FlowGenerator    FlagFIN current has 5832 flow
2023-05-03 21:14:42 DEBUG cic.cs.unb.ca.jnetpcap.FlowGenerator    FlagFIN current has 5834 flow
2023-05-03 21:14:42 DEBUG cic.cs.unb.ca.jnetpcap.FlowGenerator    FlagFIN current has 5834 flow
2023-05-03 21:14:42 DEBUG cic.cs.unb.ca.jnetpcap.FlowGenerator    FlagFIN current has 5834 flow
2023-05-03 21:14:42 DEBUG cic.cs.unb.ca.jnetpcap.FlowGenerator    FlagFIN current has 5834 flow
2023-05-03 21:14:44 DEBUG cic.cs.unb.ca.jnetpcap.FlowGenerator    FlagFIN current has 5844 flow
2023-05-03 21:14:44 DEBUG cic.cs.unb.ca.jnetpcap.FlowGenerator    FlagFIN current has 5844 flow
2023-05-03 21:14:44 DEBUG cic.cs.unb.ca.jnetpcap.FlowGenerator    FlagFIN current has 5843 flow
2023-05-03 21:14:44 DEBUG cic.cs.unb.ca.jnetpcap.FlowGenerator    FlagFIN current has 5843 flow
2023-05-03 21:14:49 DEBUG cic.cs.unb.ca.jnetpcap.FlowGenerator    FlagFIN current has 5849 flow
2023-05-03 21:14:49 DEBUG cic.cs.unb.ca.jnetpcap.FlowGenerator    FlagFIN current has 5849 flow
2023-05-03 21:14:49 DEBUG cic.cs.unb.ca.jnetpcap.FlowGenerator    FlagFIN current has 5849 flow
2023-05-03 21:14:49 DEBUG cic.cs.unb.ca.jnetpcap.FlowGenerator    FlagFIN current has 5849 flow
2023-05-03 21:14:51 DEBUG cic.cs.unb.ca.jnetpcap.FlowGenerator    Timeout current has 5850 flow
2023-05-03 21:14:51 DEBUG cic.cs.unb.ca.jnetpcap.FlowGenerator    Timeout current has 5850 flow
2023-05-03 21:14:52 DEBUG cic.cs.unb.ca.jnetpcap.FlowGenerator    Timeout current has 5850 flow
2023-05-03 21:14:55 DEBUG cic.cs.unb.ca.jnetpcap.FlowGenerator    FlagFIN current has 5852 flow
2023-05-03 21:14:55 DEBUG cic.cs.unb.ca.jnetpcap.FlowGenerator    FlagFIN current has 5852 flow
2023-05-03 21:15:04 DEBUG cic.cs.unb.ca.jnetpcap.FlowGenerator    FlagFIN current has 5864 flow
2023-05-03 21:15:04 DEBUG cic.cs.unb.ca.jnetpcap.FlowGenerator    FlagFIN current has 5864 flow
2023-05-03 21:15:04 DEBUG cic.cs.unb.ca.jnetpcap.FlowGenerator    FlagFIN current has 5864 flow
2023-05-03 21:15:04 DEBUG cic.cs.unb.ca.jnetpcap.FlowGenerator    FlagFIN current has 5864 flow
2023-05-03 21:15:17 DEBUG cic.cs.unb.ca.jnetpcap.FlowGenerator    FlagFIN current has 5876 flow
2023-05-03 21:15:20 DEBUG cic.cs.unb.ca.jnetpcap.FlowGenerator    FlagFIN current has 5884 flow
2023-05-03 21:15:20 DEBUG cic.cs.unb.ca.jnetpcap.FlowGenerator    FlagFIN current has 5884 flow
2023-05-03 21:15:21 DEBUG cic.cs.unb.ca.jnetpcap.FlowGenerator    FlagFIN current has 5890 flow
2023-05-03 21:15:21 DEBUG cic.cs.unb.ca.jnetpcap.FlowGenerator    FlagFIN current has 5890 flow
2023-05-03 21:15:22 DEBUG cic.cs.unb.ca.jnetpcap.FlowGenerator    FlagFIN current has 5890 flow
2023-05-03 21:15:22 DEBUG cic.cs.unb.ca.jnetpcap.FlowGenerator    FlagFIN current has 5890 flow
2023-05-03 21:15:26 DEBUG cic.cs.unb.ca.jnetpcap.FlowGenerator    FlagFIN current has 5900 flow
2023-05-03 21:15:26 DEBUG cic.cs.unb.ca.jnetpcap.FlowGenerator    FlagFIN current has 5900 flow
2023-05-03 21:15:26 DEBUG cic.cs.unb.ca.jnetpcap.FlowGenerator    FlagFIN current has 5900 flow
2023-05-03 21:15:26 DEBUG cic.cs.unb.ca.jnetpcap.FlowGenerator    FlagFIN current has 5900 flow
2023-05-03 21:15:37 DEBUG cic.cs.unb.ca.jnetpcap.FlowGenerator    FlagFIN current has 5915 flow
2023-05-03 21:15:37 DEBUG cic.cs.unb.ca.jnetpcap.FlowGenerator    FlagFIN current has 5915 flow
2023-05-03 21:15:37 DEBUG cic.cs.unb.ca.jnetpcap.FlowGenerator    FlagFIN current has 5915 flow
2023-05-03 21:15:37 DEBUG cic.cs.unb.ca.jnetpcap.FlowGenerator    FlagFIN current has 5915 flow
2023-05-03 21:16:07 DEBUG cic.cs.unb.ca.jnetpcap.FlowGenerator    FlagFIN current has 5990 flow
2023-05-03 21:16:08 DEBUG cic.cs.unb.ca.jnetpcap.FlowGenerator    FlagFIN current has 5999 flow
2023-05-03 21:16:08 DEBUG cic.cs.unb.ca.jnetpcap.FlowGenerator    FlagFIN current has 5999 flow
2023-05-03 21:16:08 DEBUG cic.cs.unb.ca.jnetpcap.FlowGenerator    FlagFIN current has 6000 flow
2023-05-03 21:16:08 DEBUG cic.cs.unb.ca.jnetpcap.FlowGenerator    Timeout current has 6000 flow
2023-05-03 21:16:12 DEBUG cic.cs.unb.ca.jnetpcap.FlowGenerator    FlagFIN current has 6010 flow
2023-05-03 21:16:12 DEBUG cic.cs.unb.ca.jnetpcap.FlowGenerator    FlagFIN current has 6010 flow
2023-05-03 21:16:16 DEBUG cic.cs.unb.ca.jnetpcap.FlowGenerator    FlagFIN current has 6013 flow
2023-05-03 21:16:16 DEBUG cic.cs.unb.ca.jnetpcap.FlowGenerator    FlagFIN current has 6012 flow
2023-05-03 21:16:16 DEBUG cic.cs.unb.ca.jnetpcap.FlowGenerator    FlagFIN current has 6011 flow
2023-05-03 21:16:19 DEBUG cic.cs.unb.ca.jnetpcap.FlowGenerator    FlagFIN current has 6024 flow
2023-05-03 21:16:19 DEBUG cic.cs.unb.ca.jnetpcap.FlowGenerator    FlagFIN current has 6024 flow
2023-05-03 21:16:20 DEBUG cic.cs.unb.ca.jnetpcap.FlowGenerator    FlagFIN current has 6027 flow
2023-05-03 21:16:20 DEBUG cic.cs.unb.ca.jnetpcap.FlowGenerator    FlagFIN current has 6027 flow
2023-05-03 21:16:24 DEBUG cic.cs.unb.ca.jnetpcap.FlowGenerator    FlagFIN current has 6037 flow
2023-05-03 21:16:24 DEBUG cic.cs.unb.ca.jnetpcap.FlowGenerator    FlagFIN current has 6037 flow
2023-05-03 21:16:40 DEBUG cic.cs.unb.ca.jnetpcap.FlowGenerator    FlagFIN current has 6234 flow
2023-05-03 21:17:12 DEBUG cic.cs.unb.ca.jnetpcap.FlowGenerator    FlagFIN current has 6295 flow
2023-05-03 21:17:12 DEBUG cic.cs.unb.ca.jnetpcap.FlowGenerator    FlagFIN current has 6295 flow
2023-05-03 21:17:40 DEBUG cic.cs.unb.ca.jnetpcap.FlowGenerator    FlagFIN current has 6336 flow
2023-05-03 21:17:57 DEBUG cic.cs.unb.ca.jnetpcap.FlowGenerator    FlagFIN current has 6364 flow
2023-05-03 21:17:57 DEBUG cic.cs.unb.ca.jnetpcap.FlowGenerator    FlagFIN current has 6364 flow
2023-05-03 21:18:06 DEBUG cic.cs.unb.ca.jnetpcap.FlowGenerator    FlagFIN current has 6383 flow
2023-05-03 21:18:06 DEBUG cic.cs.unb.ca.jnetpcap.FlowGenerator    FlagFIN current has 6383 flow
2023-05-03 21:18:07 DEBUG cic.cs.unb.ca.jnetpcap.FlowGenerator    FlagFIN current has 6384 flow
2023-05-03 21:18:07 DEBUG cic.cs.unb.ca.jnetpcap.FlowGenerator    FlagFIN current has 6384 flow
2023-05-03 21:18:08 DEBUG cic.cs.unb.ca.jnetpcap.FlowGenerator    FlagFIN current has 6388 flow
2023-05-03 21:18:08 DEBUG cic.cs.unb.ca.jnetpcap.FlowGenerator    FlagFIN current has 6388 flow
2023-05-03 21:18:10 DEBUG cic.cs.unb.ca.jnetpcap.FlowGenerator    FlagFIN current has 6389 flow
2023-05-03 21:18:10 DEBUG cic.cs.unb.ca.jnetpcap.FlowGenerator    FlagFIN current has 6389 flow
2023-05-03 21:18:19 DEBUG cic.cs.unb.ca.jnetpcap.FlowGenerator    FlagFIN current has 6424 flow
2023-05-03 21:18:19 DEBUG cic.cs.unb.ca.jnetpcap.FlowGenerator    FlagFIN current has 6424 flow
2023-05-03 21:18:26 DEBUG cic.cs.unb.ca.jnetpcap.FlowGenerator    FlagFIN current has 6443 flow
2023-05-03 21:18:26 DEBUG cic.cs.unb.ca.jnetpcap.FlowGenerator    FlagFIN current has 6443 flow
2023-05-03 21:18:26 DEBUG cic.cs.unb.ca.jnetpcap.FlowGenerator    FlagFIN current has 6443 flow
2023-05-03 21:18:26 DEBUG cic.cs.unb.ca.jnetpcap.FlowGenerator    FlagFIN current has 6443 flow
2023-05-03 21:18:29 DEBUG cic.cs.unb.ca.jnetpcap.FlowGenerator    FlagFIN current has 6448 flow
2023-05-03 21:18:29 DEBUG cic.cs.unb.ca.jnetpcap.FlowGenerator    FlagFIN current has 6448 flow
2023-05-03 21:18:29 DEBUG cic.cs.unb.ca.jnetpcap.FlowGenerator    FlagFIN current has 6448 flow
2023-05-03 21:18:29 DEBUG cic.cs.unb.ca.jnetpcap.FlowGenerator    FlagFIN current has 6448 flow
2023-05-03 21:18:32 DEBUG cic.cs.unb.ca.jnetpcap.FlowGenerator    Timeout current has 6450 flow
2023-05-03 21:18:34 DEBUG cic.cs.unb.ca.jnetpcap.FlowGenerator    FlagFIN current has 6452 flow
2023-05-03 21:18:34 DEBUG cic.cs.unb.ca.jnetpcap.FlowGenerator    FlagFIN current has 6452 flow
2023-05-03 21:18:38 DEBUG cic.cs.unb.ca.jnetpcap.FlowGenerator    FlagFIN current has 6457 flow
2023-05-03 21:18:38 DEBUG cic.cs.unb.ca.jnetpcap.FlowGenerator    FlagFIN current has 6457 flow
2023-05-03 21:18:40 DEBUG cic.cs.unb.ca.jnetpcap.FlowGenerator    FlagFIN current has 6461 flow
2023-05-03 21:18:41 DEBUG cic.cs.unb.ca.jnetpcap.FlowGenerator    FlagFIN current has 6461 flow
2023-05-03 21:18:42 DEBUG cic.cs.unb.ca.jnetpcap.FlowGenerator    FlagFIN current has 6465 flow
2023-05-03 21:18:42 DEBUG cic.cs.unb.ca.jnetpcap.FlowGenerator    FlagFIN current has 6465 flow
2023-05-03 21:18:43 DEBUG cic.cs.unb.ca.jnetpcap.FlowGenerator    FlagFIN current has 6465 flow
2023-05-03 21:18:43 DEBUG cic.cs.unb.ca.jnetpcap.FlowGenerator    FlagFIN current has 6465 flow
2023-05-03 21:18:50 DEBUG cic.cs.unb.ca.jnetpcap.FlowGenerator    FlagFIN current has 6468 flow
2023-05-03 21:18:50 DEBUG cic.cs.unb.ca.jnetpcap.FlowGenerator    FlagFIN current has 6468 flow
2023-05-03 21:18:50 DEBUG cic.cs.unb.ca.jnetpcap.FlowGenerator    FlagFIN current has 6467 flow
2023-05-03 21:18:50 DEBUG cic.cs.unb.ca.jnetpcap.FlowGenerator    FlagFIN current has 6467 flow
2023-05-03 21:18:51 DEBUG cic.cs.unb.ca.jnetpcap.FlowGenerator    FlagFIN current has 6471 flow
2023-05-03 21:18:51 DEBUG cic.cs.unb.ca.jnetpcap.FlowGenerator    FlagFIN current has 6471 flow
2023-05-03 21:18:52 DEBUG cic.cs.unb.ca.jnetpcap.FlowGenerator    FlagFIN current has 6471 flow
2023-05-03 21:18:52 DEBUG cic.cs.unb.ca.jnetpcap.FlowGenerator    FlagFIN current has 6471 flow
2023-05-03 21:18:58 DEBUG cic.cs.unb.ca.jnetpcap.FlowGenerator    FlagFIN current has 6486 flow
2023-05-03 21:18:58 DEBUG cic.cs.unb.ca.jnetpcap.FlowGenerator    FlagFIN current has 6486 flow
2023-05-03 21:18:58 DEBUG cic.cs.unb.ca.jnetpcap.FlowGenerator    FlagFIN current has 6486 flow
2023-05-03 21:18:58 DEBUG cic.cs.unb.ca.jnetpcap.FlowGenerator    FlagFIN current has 6486 flow
2023-05-03 21:19:02 DEBUG cic.cs.unb.ca.jnetpcap.FlowGenerator    FlagFIN current has 6495 flow
2023-05-03 21:19:02 DEBUG cic.cs.unb.ca.jnetpcap.FlowGenerator    FlagFIN current has 6495 flow
2023-05-03 21:19:03 DEBUG cic.cs.unb.ca.jnetpcap.FlowGenerator    FlagFIN current has 6498 flow
2023-05-03 21:19:03 DEBUG cic.cs.unb.ca.jnetpcap.FlowGenerator    FlagFIN current has 6498 flow
2023-05-03 21:19:09 DEBUG cic.cs.unb.ca.jnetpcap.FlowGenerator    FlagFIN current has 6513 flow
2023-05-03 21:19:09 DEBUG cic.cs.unb.ca.jnetpcap.FlowGenerator    FlagFIN current has 6513 flow
2023-05-03 21:19:10 DEBUG cic.cs.unb.ca.jnetpcap.FlowGenerator    FlagFIN current has 6514 flow
2023-05-03 21:19:10 DEBUG cic.cs.unb.ca.jnetpcap.FlowGenerator    FlagFIN current has 6514 flow
2023-05-03 21:19:15 DEBUG cic.cs.unb.ca.jnetpcap.FlowGenerator    FlagFIN current has 6533 flow
2023-05-03 21:19:15 DEBUG cic.cs.unb.ca.jnetpcap.FlowGenerator    FlagFIN current has 6533 flow
2023-05-03 21:19:16 DEBUG cic.cs.unb.ca.jnetpcap.FlowGenerator    FlagFIN current has 6533 flow
2023-05-03 21:19:16 DEBUG cic.cs.unb.ca.jnetpcap.FlowGenerator    FlagFIN current has 6533 flow
2023-05-03 21:19:19 DEBUG cic.cs.unb.ca.jnetpcap.FlowGenerator    FlagFIN current has 6543 flow
2023-05-03 21:19:19 DEBUG cic.cs.unb.ca.jnetpcap.FlowGenerator    FlagFIN current has 6543 flow
2023-05-03 21:19:28 DEBUG cic.cs.unb.ca.jnetpcap.FlowGenerator    FlagFIN current has 6560 flow
2023-05-03 21:19:28 DEBUG cic.cs.unb.ca.jnetpcap.FlowGenerator    FlagFIN current has 6560 flow
2023-05-03 21:19:29 DEBUG cic.cs.unb.ca.jnetpcap.FlowGenerator    FlagFIN current has 6560 flow
2023-05-03 21:19:29 DEBUG cic.cs.unb.ca.jnetpcap.FlowGenerator    FlagFIN current has 6560 flow
2023-05-03 21:19:46 DEBUG cic.cs.unb.ca.jnetpcap.FlowGenerator    FlagFIN current has 6612 flow
2023-05-03 21:19:46 DEBUG cic.cs.unb.ca.jnetpcap.FlowGenerator    FlagFIN current has 6612 flow
2023-05-03 21:20:15 DEBUG cic.cs.unb.ca.jnetpcap.FlowGenerator    FlagFIN current has 6638 flow
2023-05-03 21:20:15 DEBUG cic.cs.unb.ca.jnetpcap.FlowGenerator    FlagFIN current has 6638 flow
2023-05-03 21:20:31 DEBUG cic.cs.unb.ca.jnetpcap.FlowGenerator    Timeout current has 6650 flow
2023-05-03 21:20:32 DEBUG cic.cs.unb.ca.jnetpcap.FlowGenerator    Timeout current has 6650 flow
2023-05-03 21:20:32 DEBUG cic.cs.unb.ca.jnetpcap.FlowGenerator    Timeout current has 6650 flow
2023-05-03 21:20:35 DEBUG cic.cs.unb.ca.jnetpcap.FlowGenerator    FlagFIN current has 6660 flow
2023-05-03 21:20:35 DEBUG cic.cs.unb.ca.jnetpcap.FlowGenerator    FlagFIN current has 6660 flow
2023-05-03 21:20:45 DEBUG cic.cs.unb.ca.jnetpcap.FlowGenerator    Timeout current has 6700 flow
2023-05-03 21:20:45 DEBUG cic.cs.unb.ca.jnetpcap.FlowGenerator    Timeout current has 6700 flow
2023-05-03 21:20:53 DEBUG cic.cs.unb.ca.jnetpcap.FlowGenerator    FlagFIN current has 6758 flow
2023-05-03 21:20:53 DEBUG cic.cs.unb.ca.jnetpcap.FlowGenerator    FlagFIN current has 6758 flow
2023-05-03 21:20:54 DEBUG cic.cs.unb.ca.jnetpcap.FlowGenerator    FlagFIN current has 6759 flow
2023-05-03 21:20:54 DEBUG cic.cs.unb.ca.jnetpcap.FlowGenerator    FlagFIN current has 6759 flow
2023-05-03 21:20:58 DEBUG cic.cs.unb.ca.jnetpcap.FlowGenerator    FlagFIN current has 6763 flow
2023-05-03 21:20:58 DEBUG cic.cs.unb.ca.jnetpcap.FlowGenerator    FlagFIN current has 6763 flow
2023-05-03 21:21:08 DEBUG cic.cs.unb.ca.jnetpcap.FlowGenerator    FlagFIN current has 6775 flow
2023-05-03 21:21:17 DEBUG cic.cs.unb.ca.jnetpcap.FlowGenerator    FlagFIN current has 6788 flow
2023-05-03 21:21:18 DEBUG cic.cs.unb.ca.jnetpcap.FlowGenerator    FlagFIN current has 6788 flow
2023-05-03 21:21:21 DEBUG cic.cs.unb.ca.jnetpcap.FlowGenerator    FlagFIN current has 6797 flow
2023-05-03 21:21:21 DEBUG cic.cs.unb.ca.jnetpcap.FlowGenerator    FlagFIN current has 6797 flow
2023-05-03 21:21:21 DEBUG cic.cs.unb.ca.jnetpcap.FlowGenerator    FlagFIN current has 6797 flow
2023-05-03 21:21:21 DEBUG cic.cs.unb.ca.jnetpcap.FlowGenerator    FlagFIN current has 6797 flow
2023-05-03 21:21:26 DEBUG cic.cs.unb.ca.jnetpcap.FlowGenerator    FlagFIN current has 6802 flow
2023-05-03 21:21:26 DEBUG cic.cs.unb.ca.jnetpcap.FlowGenerator    FlagFIN current has 6802 flow
2023-05-03 21:21:27 DEBUG cic.cs.unb.ca.jnetpcap.FlowGenerator    FlagFIN current has 6863 flow
2023-05-03 21:21:28 DEBUG cic.cs.unb.ca.jnetpcap.FlowGenerator    FlagFIN current has 6894 flow
2023-05-03 21:21:29 DEBUG cic.cs.unb.ca.jnetpcap.FlowGenerator    FlagFIN current has 6895 flow
2023-05-03 21:21:29 DEBUG cic.cs.unb.ca.jnetpcap.FlowGenerator    FlagFIN current has 6895 flow
2023-05-03 21:21:29 DEBUG cic.cs.unb.ca.jnetpcap.FlowGenerator    FlagFIN current has 6895 flow
2023-05-03 21:21:30 DEBUG cic.cs.unb.ca.jnetpcap.FlowGenerator    FlagFIN current has 6894 flow
2023-05-03 21:21:30 DEBUG cic.cs.unb.ca.jnetpcap.FlowGenerator    FlagFIN current has 6894 flow
2023-05-03 21:21:34 DEBUG cic.cs.unb.ca.jnetpcap.FlowGenerator    FlagFIN current has 6909 flow
2023-05-03 21:21:34 DEBUG cic.cs.unb.ca.jnetpcap.FlowGenerator    FlagFIN current has 6909 flow
2023-05-03 21:21:34 DEBUG cic.cs.unb.ca.jnetpcap.FlowGenerator    FlagFIN current has 6909 flow
2023-05-03 21:21:34 DEBUG cic.cs.unb.ca.jnetpcap.FlowGenerator    FlagFIN current has 6909 flow
2023-05-03 21:21:35 DEBUG cic.cs.unb.ca.jnetpcap.FlowGenerator    FlagFIN current has 6909 flow
2023-05-03 21:21:39 DEBUG cic.cs.unb.ca.jnetpcap.FlowGenerator    FlagFIN current has 6914 flow
2023-05-03 21:21:56 DEBUG cic.cs.unb.ca.jnetpcap.FlowGenerator    FlagFIN current has 6952 flow
2023-05-03 21:21:56 DEBUG cic.cs.unb.ca.jnetpcap.FlowGenerator    FlagFIN current has 6952 flow
2023-05-03 21:22:05 DEBUG cic.cs.unb.ca.jnetpcap.FlowGenerator    FlagFIN current has 6983 flow
2023-05-03 21:22:34 DEBUG cic.cs.unb.ca.jnetpcap.FlowGenerator    FlagFIN current has 7007 flow
2023-05-03 21:22:34 DEBUG cic.cs.unb.ca.jnetpcap.FlowGenerator    FlagFIN current has 7006 flow
2023-05-03 21:22:36 DEBUG cic.cs.unb.ca.jnetpcap.FlowGenerator    FlagFIN current has 7033 flow
2023-05-03 21:22:43 DEBUG cic.cs.unb.ca.jnetpcap.FlowGenerator    FlagFIN current has 7042 flow
2023-05-03 21:22:51 DEBUG cic.cs.unb.ca.jnetpcap.FlowGenerator    FlagFIN current has 7059 flow
2023-05-03 21:22:51 DEBUG cic.cs.unb.ca.jnetpcap.FlowGenerator    FlagFIN current has 7059 flow
2023-05-03 21:23:35 DEBUG cic.cs.unb.ca.jnetpcap.FlowGenerator    FlagFIN current has 7375 flow
2023-05-03 21:23:35 DEBUG cic.cs.unb.ca.jnetpcap.FlowGenerator    FlagFIN current has 7375 flow
2023-05-03 21:23:35 DEBUG cic.cs.unb.ca.jnetpcap.FlowGenerator    FlagFIN current has 7375 flow
2023-05-03 21:23:47 DEBUG cic.cs.unb.ca.jnetpcap.FlowGenerator    FlagFIN current has 7413 flow
2023-05-03 21:23:55 DEBUG cic.cs.unb.ca.jnetpcap.FlowGenerator    FlagFIN current has 7437 flow
2023-05-03 21:23:55 DEBUG cic.cs.unb.ca.jnetpcap.FlowGenerator    FlagFIN current has 7437 flow
2023-05-03 21:24:07 DEBUG cic.cs.unb.ca.jnetpcap.FlowGenerator    FlagFIN current has 7460 flow
2023-05-03 21:24:07 DEBUG cic.cs.unb.ca.jnetpcap.FlowGenerator    FlagFIN current has 7460 flow
2023-05-03 21:24:51 DEBUG cic.cs.unb.ca.jnetpcap.FlowGenerator    Timeout current has 7650 flow
2023-05-03 21:25:04 DEBUG cic.cs.unb.ca.jnetpcap.FlowGenerator    FlagFIN current has 7686 flow
2023-05-03 21:25:04 DEBUG cic.cs.unb.ca.jnetpcap.FlowGenerator    FlagFIN current has 7686 flow
2023-05-03 21:25:07 DEBUG cic.cs.unb.ca.jnetpcap.FlowGenerator    FlagFIN current has 7704 flow
2023-05-03 21:25:07 DEBUG cic.cs.unb.ca.jnetpcap.FlowGenerator    FlagFIN current has 7704 flow
2023-05-03 21:25:08 DEBUG cic.cs.unb.ca.jnetpcap.FlowGenerator    FlagFIN current has 7704 flow
2023-05-03 21:25:08 DEBUG cic.cs.unb.ca.jnetpcap.FlowGenerator    FlagFIN current has 7704 flow
2023-05-03 21:25:11 DEBUG cic.cs.unb.ca.jnetpcap.FlowGenerator    FlagFIN current has 7716 flow
2023-05-03 21:25:11 DEBUG cic.cs.unb.ca.jnetpcap.FlowGenerator    FlagFIN current has 7716 flow
2023-05-03 21:25:14 DEBUG cic.cs.unb.ca.jnetpcap.FlowGenerator    FlagFIN current has 7726 flow
2023-05-03 21:25:14 DEBUG cic.cs.unb.ca.jnetpcap.FlowGenerator    FlagFIN current has 7726 flow
2023-05-03 21:25:18 DEBUG cic.cs.unb.ca.jnetpcap.FlowGenerator    FlagFIN current has 7739 flow
2023-05-03 21:25:18 DEBUG cic.cs.unb.ca.jnetpcap.FlowGenerator    FlagFIN current has 7739 flow
2023-05-03 21:25:22 DEBUG cic.cs.unb.ca.jnetpcap.FlowGenerator    FlagFIN current has 7752 flow
2023-05-03 21:25:22 DEBUG cic.cs.unb.ca.jnetpcap.FlowGenerator    FlagFIN current has 7752 flow
2023-05-03 21:25:22 DEBUG cic.cs.unb.ca.jnetpcap.FlowGenerator    FlagFIN current has 7752 flow
2023-05-03 21:25:22 DEBUG cic.cs.unb.ca.jnetpcap.FlowGenerator    FlagFIN current has 7752 flow
2023-05-03 21:25:32 DEBUG cic.cs.unb.ca.jnetpcap.FlowGenerator    FlagFIN current has 7775 flow
2023-05-03 21:25:32 DEBUG cic.cs.unb.ca.jnetpcap.FlowGenerator    FlagFIN current has 7775 flow
2023-05-03 21:25:34 DEBUG cic.cs.unb.ca.jnetpcap.FlowGenerator    FlagFIN current has 7785 flow
2023-05-03 21:25:34 DEBUG cic.cs.unb.ca.jnetpcap.FlowGenerator    FlagFIN current has 7785 flow
2023-05-03 21:25:37 DEBUG cic.cs.unb.ca.jnetpcap.FlowGenerator    FlagFIN current has 7794 flow
2023-05-03 21:25:37 DEBUG cic.cs.unb.ca.jnetpcap.FlowGenerator    FlagFIN current has 7794 flow
2023-05-03 21:25:38 DEBUG cic.cs.unb.ca.jnetpcap.FlowGenerator    FlagFIN current has 7795 flow
2023-05-03 21:25:38 DEBUG cic.cs.unb.ca.jnetpcap.FlowGenerator    FlagFIN current has 7795 flow
2023-05-03 21:25:45 DEBUG cic.cs.unb.ca.jnetpcap.FlowGenerator    FlagFIN current has 7813 flow
2023-05-03 21:25:45 DEBUG cic.cs.unb.ca.jnetpcap.FlowGenerator    FlagFIN current has 7813 flow
2023-05-03 21:25:55 DEBUG cic.cs.unb.ca.jnetpcap.FlowGenerator    FlagFIN current has 7830 flow
2023-05-03 21:25:55 DEBUG cic.cs.unb.ca.jnetpcap.FlowGenerator    FlagFIN current has 7830 flow
2023-05-03 21:25:57 DEBUG cic.cs.unb.ca.jnetpcap.FlowGenerator    FlagFIN current has 7836 flow
2023-05-03 21:25:57 DEBUG cic.cs.unb.ca.jnetpcap.FlowGenerator    FlagFIN current has 7836 flow
2023-05-03 21:26:02 DEBUG cic.cs.unb.ca.jnetpcap.FlowGenerator    FlagFIN current has 7863 flow
2023-05-03 21:26:02 DEBUG cic.cs.unb.ca.jnetpcap.FlowGenerator    FlagFIN current has 7863 flow
2023-05-03 21:26:02 DEBUG cic.cs.unb.ca.jnetpcap.FlowGenerator    FlagFIN current has 7863 flow
2023-05-03 21:26:02 DEBUG cic.cs.unb.ca.jnetpcap.FlowGenerator    FlagFIN current has 7863 flow
2023-05-03 21:26:08 DEBUG cic.cs.unb.ca.jnetpcap.FlowGenerator    FlagFIN current has 7876 flow
2023-05-03 21:26:08 DEBUG cic.cs.unb.ca.jnetpcap.FlowGenerator    FlagFIN current has 7876 flow
2023-05-03 21:26:08 DEBUG cic.cs.unb.ca.jnetpcap.FlowGenerator    FlagFIN current has 7879 flow
2023-05-03 21:26:08 DEBUG cic.cs.unb.ca.jnetpcap.FlowGenerator    FlagFIN current has 7879 flow
2023-05-03 21:26:11 DEBUG cic.cs.unb.ca.jnetpcap.FlowGenerator    FlagFIN current has 7901 flow
2023-05-03 21:26:11 DEBUG cic.cs.unb.ca.jnetpcap.FlowGenerator    FlagFIN current has 7901 flow
2023-05-03 21:26:11 DEBUG cic.cs.unb.ca.jnetpcap.FlowGenerator    FlagFIN current has 7902 flow
2023-05-03 21:26:11 DEBUG cic.cs.unb.ca.jnetpcap.FlowGenerator    FlagFIN current has 7902 flow
2023-05-03 21:26:14 DEBUG cic.cs.unb.ca.jnetpcap.FlowGenerator    FlagFIN current has 7915 flow
2023-05-03 21:26:14 DEBUG cic.cs.unb.ca.jnetpcap.FlowGenerator    FlagFIN current has 7915 flow
2023-05-03 21:26:14 DEBUG cic.cs.unb.ca.jnetpcap.FlowGenerator    FlagFIN current has 7914 flow
2023-05-03 21:26:14 DEBUG cic.cs.unb.ca.jnetpcap.FlowGenerator    FlagFIN current has 7914 flow
2023-05-03 21:26:17 DEBUG cic.cs.unb.ca.jnetpcap.FlowGenerator    FlagFIN current has 7923 flow
2023-05-03 21:26:22 DEBUG cic.cs.unb.ca.jnetpcap.FlowGenerator    FlagFIN current has 7933 flow
2023-05-03 21:26:22 DEBUG cic.cs.unb.ca.jnetpcap.FlowGenerator    FlagFIN current has 7933 flow
2023-05-03 21:26:22 DEBUG cic.cs.unb.ca.jnetpcap.FlowGenerator    FlagFIN current has 7933 flow
2023-05-03 21:26:22 DEBUG cic.cs.unb.ca.jnetpcap.FlowGenerator    FlagFIN current has 7933 flow
2023-05-03 21:26:28 DEBUG cic.cs.unb.ca.jnetpcap.FlowGenerator    FlagFIN current has 7949 flow
2023-05-03 21:26:28 DEBUG cic.cs.unb.ca.jnetpcap.FlowGenerator    FlagFIN current has 7949 flow
2023-05-03 21:26:30 DEBUG cic.cs.unb.ca.jnetpcap.FlowGenerator    FlagFIN current has 7951 flow
2023-05-03 21:26:30 DEBUG cic.cs.unb.ca.jnetpcap.FlowGenerator    FlagFIN current has 7951 flow
2023-05-03 21:26:35 DEBUG cic.cs.unb.ca.jnetpcap.FlowGenerator    FlagFIN current has 7961 flow
2023-05-03 21:26:35 DEBUG cic.cs.unb.ca.jnetpcap.FlowGenerator    FlagFIN current has 7961 flow
2023-05-03 21:26:35 DEBUG cic.cs.unb.ca.jnetpcap.FlowGenerator    FlagFIN current has 7961 flow
2023-05-03 21:26:35 DEBUG cic.cs.unb.ca.jnetpcap.FlowGenerator    FlagFIN current has 7961 flow
2023-05-03 21:26:36 DEBUG cic.cs.unb.ca.jnetpcap.FlowGenerator    FlagFIN current has 7962 flow
2023-05-03 21:26:43 DEBUG cic.cs.unb.ca.jnetpcap.FlowGenerator    FlagFIN current has 7968 flow
2023-05-03 21:26:43 DEBUG cic.cs.unb.ca.jnetpcap.FlowGenerator    FlagFIN current has 7968 flow
2023-05-03 21:26:47 DEBUG cic.cs.unb.ca.jnetpcap.FlowGenerator    FlagFIN current has 7975 flow
2023-05-03 21:26:54 DEBUG cic.cs.unb.ca.jnetpcap.FlowGenerator    FlagFIN current has 7985 flow
2023-05-03 21:26:55 DEBUG cic.cs.unb.ca.jnetpcap.FlowGenerator    FlagFIN current has 7985 flow
2023-05-03 21:26:57 DEBUG cic.cs.unb.ca.jnetpcap.FlowGenerator    FlagFIN current has 8017 flow
2023-05-03 21:26:57 DEBUG cic.cs.unb.ca.jnetpcap.FlowGenerator    FlagFIN current has 8017 flow
2023-05-03 21:26:57 DEBUG cic.cs.unb.ca.jnetpcap.FlowGenerator    FlagFIN current has 8045 flow
2023-05-03 21:26:57 DEBUG cic.cs.unb.ca.jnetpcap.FlowGenerator    FlagFIN current has 8044 flow
2023-05-03 21:26:58 DEBUG cic.cs.unb.ca.jnetpcap.FlowGenerator    FlagFIN current has 8050 flow
2023-05-03 21:26:58 DEBUG cic.cs.unb.ca.jnetpcap.FlowGenerator    FlagFIN current has 8049 flow
2023-05-03 21:26:58 DEBUG cic.cs.unb.ca.jnetpcap.FlowGenerator    FlagFIN current has 8060 flow
2023-05-03 21:26:58 DEBUG cic.cs.unb.ca.jnetpcap.FlowGenerator    FlagFIN current has 8060 flow
2023-05-03 21:26:58 DEBUG cic.cs.unb.ca.jnetpcap.FlowGenerator    FlagFIN current has 8066 flow
2023-05-03 21:26:58 DEBUG cic.cs.unb.ca.jnetpcap.FlowGenerator    FlagFIN current has 8066 flow
2023-05-03 21:27:00 DEBUG cic.cs.unb.ca.jnetpcap.FlowGenerator    FlagFIN current has 8101 flow
2023-05-03 21:27:01 DEBUG cic.cs.unb.ca.jnetpcap.FlowGenerator    FlagFIN current has 8102 flow
2023-05-03 21:27:01 DEBUG cic.cs.unb.ca.jnetpcap.FlowGenerator    FlagFIN current has 8102 flow
2023-05-03 21:27:01 DEBUG cic.cs.unb.ca.jnetpcap.FlowGenerator    FlagFIN current has 8103 flow
2023-05-03 21:27:01 DEBUG cic.cs.unb.ca.jnetpcap.FlowGenerator    FlagFIN current has 8102 flow
2023-05-03 21:27:01 DEBUG cic.cs.unb.ca.jnetpcap.FlowGenerator    FlagFIN current has 8103 flow
2023-05-03 21:27:01 DEBUG cic.cs.unb.ca.jnetpcap.FlowGenerator    FlagFIN current has 8102 flow
2023-05-03 21:27:01 DEBUG cic.cs.unb.ca.jnetpcap.FlowGenerator    FlagFIN current has 8105 flow
2023-05-03 21:27:01 DEBUG cic.cs.unb.ca.jnetpcap.FlowGenerator    FlagFIN current has 8105 flow
2023-05-03 21:27:02 DEBUG cic.cs.unb.ca.jnetpcap.FlowGenerator    FlagFIN current has 8108 flow
2023-05-03 21:27:02 DEBUG cic.cs.unb.ca.jnetpcap.FlowGenerator    FlagFIN current has 8108 flow
2023-05-03 21:27:03 DEBUG cic.cs.unb.ca.jnetpcap.FlowGenerator    FlagFIN current has 8112 flow
2023-05-03 21:27:03 DEBUG cic.cs.unb.ca.jnetpcap.FlowGenerator    FlagFIN current has 8112 flow
2023-05-03 21:27:04 DEBUG cic.cs.unb.ca.jnetpcap.FlowGenerator    FlagFIN current has 8113 flow
2023-05-03 21:27:04 DEBUG cic.cs.unb.ca.jnetpcap.FlowGenerator    FlagFIN current has 8113 flow
2023-05-03 21:27:04 DEBUG cic.cs.unb.ca.jnetpcap.FlowGenerator    FlagFIN current has 8112 flow
2023-05-03 21:27:04 DEBUG cic.cs.unb.ca.jnetpcap.FlowGenerator    FlagFIN current has 8112 flow
2023-05-03 21:27:05 DEBUG cic.cs.unb.ca.jnetpcap.FlowGenerator    FlagFIN current has 8114 flow
2023-05-03 21:27:05 DEBUG cic.cs.unb.ca.jnetpcap.FlowGenerator    FlagFIN current has 8114 flow
2023-05-03 21:27:05 DEBUG cic.cs.unb.ca.jnetpcap.FlowGenerator    FlagFIN current has 8124 flow
2023-05-03 21:27:05 DEBUG cic.cs.unb.ca.jnetpcap.FlowGenerator    FlagFIN current has 8124 flow
2023-05-03 21:27:06 DEBUG cic.cs.unb.ca.jnetpcap.FlowGenerator    FlagFIN current has 8136 flow
2023-05-03 21:27:06 DEBUG cic.cs.unb.ca.jnetpcap.FlowGenerator    FlagFIN current has 8136 flow
2023-05-03 21:27:06 DEBUG cic.cs.unb.ca.jnetpcap.FlowGenerator    FlagFIN current has 8136 flow
2023-05-03 21:27:06 DEBUG cic.cs.unb.ca.jnetpcap.FlowGenerator    FlagFIN current has 8136 flow
2023-05-03 21:27:11 DEBUG cic.cs.unb.ca.jnetpcap.FlowGenerator    FlagFIN current has 8153 flow
2023-05-03 21:27:11 DEBUG cic.cs.unb.ca.jnetpcap.FlowGenerator    FlagFIN current has 8153 flow
2023-05-03 21:27:11 DEBUG cic.cs.unb.ca.jnetpcap.FlowGenerator    FlagFIN current has 8152 flow
2023-05-03 21:27:11 DEBUG cic.cs.unb.ca.jnetpcap.FlowGenerator    FlagFIN current has 8152 flow
2023-05-03 21:27:12 DEBUG cic.cs.unb.ca.jnetpcap.FlowGenerator    FlagFIN current has 8160 flow
2023-05-03 21:27:12 DEBUG cic.cs.unb.ca.jnetpcap.FlowGenerator    FlagFIN current has 8160 flow
2023-05-03 21:27:12 DEBUG cic.cs.unb.ca.jnetpcap.FlowGenerator    FlagFIN current has 8160 flow
2023-05-03 21:27:13 DEBUG cic.cs.unb.ca.jnetpcap.FlowGenerator    FlagFIN current has 8160 flow
2023-05-03 21:27:26 DEBUG cic.cs.unb.ca.jnetpcap.FlowGenerator    FlagFIN current has 8207 flow
2023-05-03 21:27:26 DEBUG cic.cs.unb.ca.jnetpcap.FlowGenerator    FlagFIN current has 8207 flow
2023-05-03 21:27:27 DEBUG cic.cs.unb.ca.jnetpcap.FlowGenerator    FlagFIN current has 8207 flow
2023-05-03 21:27:27 DEBUG cic.cs.unb.ca.jnetpcap.FlowGenerator    FlagFIN current has 8207 flow
2023-05-03 21:27:53 DEBUG cic.cs.unb.ca.jnetpcap.FlowGenerator    FlagFIN current has 8270 flow
2023-05-03 21:27:53 DEBUG cic.cs.unb.ca.jnetpcap.FlowGenerator    FlagFIN current has 8270 flow
2023-05-03 21:27:54 DEBUG cic.cs.unb.ca.jnetpcap.FlowGenerator    FlagFIN current has 8270 flow
2023-05-03 21:27:54 DEBUG cic.cs.unb.ca.jnetpcap.FlowGenerator    FlagFIN current has 8270 flow
2023-05-03 21:27:56 DEBUG cic.cs.unb.ca.jnetpcap.FlowGenerator    FlagFIN current has 8277 flow
2023-05-03 21:27:56 DEBUG cic.cs.unb.ca.jnetpcap.FlowGenerator    FlagFIN current has 8277 flow
2023-05-03 21:27:56 DEBUG cic.cs.unb.ca.jnetpcap.FlowGenerator    FlagFIN current has 8276 flow
2023-05-03 21:27:56 DEBUG cic.cs.unb.ca.jnetpcap.FlowGenerator    FlagFIN current has 8276 flow
2023-05-03 21:28:26 DEBUG cic.cs.unb.ca.jnetpcap.FlowGenerator    FlagFIN current has 8338 flow
2023-05-03 21:28:26 DEBUG cic.cs.unb.ca.jnetpcap.FlowGenerator    FlagFIN current has 8338 flow
2023-05-03 21:28:32 DEBUG cic.cs.unb.ca.jnetpcap.FlowGenerator    FlagFIN current has 8354 flow
2023-05-03 21:28:32 DEBUG cic.cs.unb.ca.jnetpcap.FlowGenerator    FlagFIN current has 8354 flow
2023-05-03 21:28:35 DEBUG cic.cs.unb.ca.jnetpcap.FlowGenerator    FlagFIN current has 8369 flow
2023-05-03 21:28:35 DEBUG cic.cs.unb.ca.jnetpcap.FlowGenerator    FlagFIN current has 8369 flow
2023-05-03 21:28:40 DEBUG cic.cs.unb.ca.jnetpcap.FlowGenerator    FlagFIN current has 8385 flow
2023-05-03 21:28:40 DEBUG cic.cs.unb.ca.jnetpcap.FlowGenerator    FlagFIN current has 8385 flow
2023-05-03 21:28:40 DEBUG cic.cs.unb.ca.jnetpcap.FlowGenerator    FlagFIN current has 8385 flow
2023-05-03 21:28:40 DEBUG cic.cs.unb.ca.jnetpcap.FlowGenerator    FlagFIN current has 8385 flow
2023-05-03 21:28:45 DEBUG cic.cs.unb.ca.jnetpcap.FlowGenerator    FlagFIN current has 8407 flow
2023-05-03 21:28:45 DEBUG cic.cs.unb.ca.jnetpcap.FlowGenerator    FlagFIN current has 8407 flow
2023-05-03 21:28:45 DEBUG cic.cs.unb.ca.jnetpcap.FlowGenerator    FlagFIN current has 8407 flow
2023-05-03 21:28:45 DEBUG cic.cs.unb.ca.jnetpcap.FlowGenerator    FlagFIN current has 8407 flow
2023-05-03 21:28:52 DEBUG cic.cs.unb.ca.jnetpcap.FlowGenerator    FlagFIN current has 8427 flow
2023-05-03 21:28:52 DEBUG cic.cs.unb.ca.jnetpcap.FlowGenerator    FlagFIN current has 8427 flow
2023-05-03 21:28:52 DEBUG cic.cs.unb.ca.jnetpcap.FlowGenerator    FlagFIN current has 8428 flow
2023-05-03 21:28:52 DEBUG cic.cs.unb.ca.jnetpcap.FlowGenerator    FlagFIN current has 8428 flow
2023-05-03 21:28:54 DEBUG cic.cs.unb.ca.jnetpcap.FlowGenerator    FlagFIN current has 8436 flow
2023-05-03 21:28:54 DEBUG cic.cs.unb.ca.jnetpcap.FlowGenerator    FlagFIN current has 8436 flow
2023-05-03 21:28:55 DEBUG cic.cs.unb.ca.jnetpcap.FlowGenerator    FlagFIN current has 8436 flow
2023-05-03 21:28:56 DEBUG cic.cs.unb.ca.jnetpcap.FlowGenerator    FlagFIN current has 8436 flow
2023-05-03 21:29:01 DEBUG cic.cs.unb.ca.jnetpcap.FlowGenerator    FlagFIN current has 8480 flow
2023-05-03 21:29:01 DEBUG cic.cs.unb.ca.jnetpcap.FlowGenerator    FlagFIN current has 8479 flow
2023-05-03 21:29:04 DEBUG cic.cs.unb.ca.jnetpcap.FlowGenerator    FlagFIN current has 8505 flow
2023-05-03 21:29:11 DEBUG cic.cs.unb.ca.jnetpcap.FlowGenerator    FlagFIN current has 8529 flow
2023-05-03 21:29:11 DEBUG cic.cs.unb.ca.jnetpcap.FlowGenerator    FlagFIN current has 8530 flow
2023-05-03 21:29:11 DEBUG cic.cs.unb.ca.jnetpcap.FlowGenerator    FlagFIN current has 8530 flow
2023-05-03 21:29:11 DEBUG cic.cs.unb.ca.jnetpcap.FlowGenerator    FlagFIN current has 8529 flow
2023-05-03 21:29:11 DEBUG cic.cs.unb.ca.jnetpcap.FlowGenerator    FlagFIN current has 8529 flow
2023-05-03 21:29:21 DEBUG cic.cs.unb.ca.jnetpcap.FlowGenerator    FlagFIN current has 8559 flow
2023-05-03 21:29:27 DEBUG cic.cs.unb.ca.jnetpcap.FlowGenerator    FlagFIN current has 8573 flow
2023-05-03 21:29:27 DEBUG cic.cs.unb.ca.jnetpcap.FlowGenerator    FlagFIN current has 8573 flow
2023-05-03 21:29:36 DEBUG cic.cs.unb.ca.jnetpcap.FlowGenerator    FlagFIN current has 8598 flow
2023-05-03 21:29:36 DEBUG cic.cs.unb.ca.jnetpcap.FlowGenerator    FlagFIN current has 8598 flow
2023-05-03 21:29:39 DEBUG cic.cs.unb.ca.jnetpcap.FlowGenerator    FlagFIN current has 8603 flow
2023-05-03 21:29:39 DEBUG cic.cs.unb.ca.jnetpcap.FlowGenerator    FlagFIN current has 8603 flow
2023-05-03 21:29:42 DEBUG cic.cs.unb.ca.jnetpcap.FlowGenerator    FlagFIN current has 8622 flow
2023-05-03 21:29:43 DEBUG cic.cs.unb.ca.jnetpcap.FlowGenerator    FlagFIN current has 8622 flow
2023-05-03 21:29:43 DEBUG cic.cs.unb.ca.jnetpcap.FlowGenerator    FlagFIN current has 8622 flow
2023-05-03 21:29:43 DEBUG cic.cs.unb.ca.jnetpcap.FlowGenerator    FlagFIN current has 8622 flow
2023-05-03 21:29:48 DEBUG cic.cs.unb.ca.jnetpcap.FlowGenerator    FlagFIN current has 8633 flow
2023-05-03 21:29:48 DEBUG cic.cs.unb.ca.jnetpcap.FlowGenerator    FlagFIN current has 8633 flow
2023-05-03 21:29:55 DEBUG cic.cs.unb.ca.jnetpcap.FlowGenerator    FlagFIN current has 8650 flow
2023-05-03 21:29:55 DEBUG cic.cs.unb.ca.jnetpcap.FlowGenerator    FlagFIN current has 8650 flow
2023-05-03 21:29:58 DEBUG cic.cs.unb.ca.jnetpcap.FlowGenerator    FlagFIN current has 8668 flow
2023-05-03 21:29:58 DEBUG cic.cs.unb.ca.jnetpcap.FlowGenerator    FlagFIN current has 8668 flow
2023-05-03 21:29:58 DEBUG cic.cs.unb.ca.jnetpcap.FlowGenerator    FlagFIN current has 8668 flow
2023-05-03 21:29:58 DEBUG cic.cs.unb.ca.jnetpcap.FlowGenerator    FlagFIN current has 8668 flow
2023-05-03 21:30:05 DEBUG cic.cs.unb.ca.jnetpcap.FlowGenerator    FlagFIN current has 8691 flow
2023-05-03 21:30:05 DEBUG cic.cs.unb.ca.jnetpcap.FlowGenerator    FlagFIN current has 8691 flow
2023-05-03 21:30:05 DEBUG cic.cs.unb.ca.jnetpcap.FlowGenerator    FlagFIN current has 8690 flow
2023-05-03 21:30:05 DEBUG cic.cs.unb.ca.jnetpcap.FlowGenerator    FlagFIN current has 8690 flow
2023-05-03 21:30:09 DEBUG cic.cs.unb.ca.jnetpcap.FlowGenerator    FlagFIN current has 8705 flow
2023-05-03 21:30:09 DEBUG cic.cs.unb.ca.jnetpcap.FlowGenerator    FlagFIN current has 8705 flow
2023-05-03 21:30:09 DEBUG cic.cs.unb.ca.jnetpcap.FlowGenerator    FlagFIN current has 8705 flow
2023-05-03 21:30:09 DEBUG cic.cs.unb.ca.jnetpcap.FlowGenerator    FlagFIN current has 8705 flow
2023-05-03 21:30:28 DEBUG cic.cs.unb.ca.jnetpcap.FlowGenerator    FlagFIN current has 8735 flow
2023-05-03 21:30:28 DEBUG cic.cs.unb.ca.jnetpcap.FlowGenerator    FlagFIN current has 8735 flow
2023-05-03 21:31:15 DEBUG cic.cs.unb.ca.jnetpcap.FlowGenerator    FlagFIN current has 8838 flow
2023-05-03 21:31:22 DEBUG cic.cs.unb.ca.jnetpcap.FlowGenerator    Timeout current has 8850 flow
2023-05-03 21:31:26 DEBUG cic.cs.unb.ca.jnetpcap.FlowGenerator    FlagFIN current has 8867 flow
2023-05-03 21:31:26 DEBUG cic.cs.unb.ca.jnetpcap.FlowGenerator    FlagFIN current has 8867 flow
2023-05-03 21:31:37 DEBUG cic.cs.unb.ca.jnetpcap.FlowGenerator    FlagFIN current has 8944 flow
2023-05-03 21:31:47 DEBUG cic.cs.unb.ca.jnetpcap.FlowGenerator    FlagFIN current has 8990 flow
2023-05-03 21:31:47 DEBUG cic.cs.unb.ca.jnetpcap.FlowGenerator    FlagFIN current has 8989 flow
2023-05-03 21:31:47 DEBUG cic.cs.unb.ca.jnetpcap.FlowGenerator    FlagFIN current has 8988 flow
2023-05-03 21:31:49 DEBUG cic.cs.unb.ca.jnetpcap.FlowGenerator    FlagFIN current has 9004 flow
2023-05-03 21:31:58 DEBUG cic.cs.unb.ca.jnetpcap.FlowGenerator    FlagFIN current has 9027 flow
2023-05-03 21:32:27 DEBUG cic.cs.unb.ca.jnetpcap.FlowGenerator    FlagFIN current has 9084 flow
2023-05-03 21:32:27 DEBUG cic.cs.unb.ca.jnetpcap.FlowGenerator    FlagFIN current has 9084 flow
2023-05-03 21:32:27 DEBUG cic.cs.unb.ca.jnetpcap.FlowGenerator    FlagFIN current has 9084 flow
2023-05-03 21:32:27 DEBUG cic.cs.unb.ca.jnetpcap.FlowGenerator    FlagFIN current has 9084 flow
2023-05-03 21:32:35 DEBUG cic.cs.unb.ca.jnetpcap.FlowGenerator    FlagFIN current has 9101 flow
2023-05-03 21:32:35 DEBUG cic.cs.unb.ca.jnetpcap.FlowGenerator    FlagFIN current has 9101 flow
2023-05-03 21:32:39 DEBUG cic.cs.unb.ca.jnetpcap.FlowGenerator    FlagFIN current has 9121 flow
2023-05-03 21:32:39 DEBUG cic.cs.unb.ca.jnetpcap.FlowGenerator    FlagFIN current has 9121 flow
2023-05-03 21:32:51 DEBUG cic.cs.unb.ca.jnetpcap.FlowGenerator    Timeout current has 9200 flow
2023-05-03 21:32:56 DEBUG cic.cs.unb.ca.jnetpcap.FlowGenerator    FlagFIN current has 9892 flow
2023-05-03 21:32:56 DEBUG cic.cs.unb.ca.jnetpcap.FlowGenerator    FlagFIN current has 9907 flow
2023-05-03 21:32:59 DEBUG cic.cs.unb.ca.jnetpcap.FlowGenerator    Timeout current has 10550 flow
2023-05-03 21:33:02 DEBUG cic.cs.unb.ca.jnetpcap.FlowGenerator    FlagFIN current has 10905 flow
2023-05-03 21:33:39 DEBUG cic.cs.unb.ca.jnetpcap.FlowGenerator    FlagFIN current has 11376 flow
2023-05-03 21:33:39 DEBUG cic.cs.unb.ca.jnetpcap.FlowGenerator    FlagFIN current has 11376 flow
2023-05-03 21:33:58 DEBUG cic.cs.unb.ca.jnetpcap.FlowGenerator    FlagFIN current has 11848 flow
2023-05-03 21:33:58 DEBUG cic.cs.unb.ca.jnetpcap.FlowGenerator    FlagFIN current has 11852 flow
2023-05-03 21:33:58 DEBUG cic.cs.unb.ca.jnetpcap.FlowGenerator    FlagFIN current has 11853 flow
2023-05-03 21:33:59 DEBUG cic.cs.unb.ca.jnetpcap.FlowGenerator    FlagFIN current has 11856 flow
2023-05-03 21:34:04 DEBUG cic.cs.unb.ca.jnetpcap.FlowGenerator    FlagFIN current has 11894 flow
2023-05-03 21:34:07 DEBUG cic.cs.unb.ca.jnetpcap.FlowGenerator    FlagFIN current has 11904 flow
2023-05-03 21:34:07 DEBUG cic.cs.unb.ca.jnetpcap.FlowGenerator    FlagFIN current has 11907 flow
2023-05-03 21:34:07 DEBUG cic.cs.unb.ca.jnetpcap.FlowGenerator    FlagFIN current has 11906 flow
2023-05-03 21:34:07 DEBUG cic.cs.unb.ca.jnetpcap.FlowGenerator    FlagFIN current has 11905 flow
2023-05-03 21:34:24 DEBUG cic.cs.unb.ca.jnetpcap.FlowGenerator    FlagFIN current has 12125 flow
2023-05-03 21:34:38 DEBUG cic.cs.unb.ca.jnetpcap.FlowGenerator    FlagFIN current has 12161 flow
2023-05-03 21:34:38 DEBUG cic.cs.unb.ca.jnetpcap.FlowGenerator    FlagFIN current has 12161 flow
2023-05-03 21:34:41 DEBUG cic.cs.unb.ca.jnetpcap.FlowGenerator    FlagFIN current has 12162 flow
2023-05-03 21:34:44 DEBUG cic.cs.unb.ca.jnetpcap.FlowGenerator    FlagFIN current has 12191 flow
2023-05-03 21:34:44 DEBUG cic.cs.unb.ca.jnetpcap.FlowGenerator    FlagFIN current has 12191 flow
2023-05-03 21:34:46 DEBUG cic.cs.unb.ca.jnetpcap.FlowGenerator    FlagFIN current has 12214 flow
2023-05-03 21:34:46 DEBUG cic.cs.unb.ca.jnetpcap.FlowGenerator    FlagFIN current has 12214 flow
2023-05-03 21:34:47 DEBUG cic.cs.unb.ca.jnetpcap.FlowGenerator    FlagFIN current has 12217 flow
2023-05-03 21:34:47 DEBUG cic.cs.unb.ca.jnetpcap.FlowGenerator    FlagFIN current has 12217 flow
2023-05-03 21:34:47 DEBUG cic.cs.unb.ca.jnetpcap.FlowGenerator    FlagFIN current has 12216 flow
2023-05-03 21:34:47 DEBUG cic.cs.unb.ca.jnetpcap.FlowGenerator    FlagFIN current has 12218 flow
2023-05-03 21:34:48 DEBUG cic.cs.unb.ca.jnetpcap.FlowGenerator    FlagFIN current has 12218 flow
2023-05-03 21:34:54 DEBUG cic.cs.unb.ca.jnetpcap.FlowGenerator    FlagFIN current has 12223 flow
2023-05-03 21:34:54 DEBUG cic.cs.unb.ca.jnetpcap.FlowGenerator    FlagFIN current has 12223 flow
2023-05-03 21:35:11 DEBUG cic.cs.unb.ca.jnetpcap.FlowGenerator    FlagFIN current has 12256 flow
2023-05-03 21:35:11 DEBUG cic.cs.unb.ca.jnetpcap.FlowGenerator    FlagFIN current has 12257 flow
2023-05-03 21:35:11 DEBUG cic.cs.unb.ca.jnetpcap.FlowGenerator    FlagFIN current has 12257 flow
2023-05-03 21:35:21 DEBUG cic.cs.unb.ca.jnetpcap.FlowGenerator    Timeout current has 12300 flow
2023-05-03 21:35:29 DEBUG cic.cs.unb.ca.jnetpcap.FlowGenerator    FlagFIN current has 12326 flow
2023-05-03 21:35:41 DEBUG cic.cs.unb.ca.jnetpcap.FlowGenerator    Timeout current has 12350 flow
2023-05-03 21:35:44 DEBUG cic.cs.unb.ca.jnetpcap.FlowGenerator    FlagFIN current has 12398 flow
2023-05-03 21:35:44 DEBUG cic.cs.unb.ca.jnetpcap.FlowGenerator    FlagFIN current has 12398 flow
2023-05-03 21:40:55 DEBUG cic.cs.unb.ca.jnetpcap.FlowGenerator    FlagFIN current has 12471 flow
2023-05-03 21:40:55 DEBUG cic.cs.unb.ca.jnetpcap.FlowGenerator    FlagFIN current has 12470 flow
2023-05-03 21:40:55 DEBUG cic.cs.unb.ca.jnetpcap.FlowGenerator    FlagFIN current has 12469 flow
2023-05-03 21:40:55 DEBUG cic.cs.unb.ca.jnetpcap.FlowGenerator    FlagFIN current has 12468 flow
2023-05-03 21:40:55 DEBUG cic.cs.unb.ca.jnetpcap.FlowGenerator    FlagFIN current has 12467 flow
2023-05-03 21:40:55 DEBUG cic.cs.unb.ca.jnetpcap.FlowGenerator    FlagFIN current has 12466 flow
2023-05-03 21:40:55 DEBUG cic.cs.unb.ca.jnetpcap.FlowGenerator    FlagFIN current has 12465 flow
2023-05-03 21:40:55 DEBUG cic.cs.unb.ca.jnetpcap.FlowGenerator    FlagFIN current has 12464 flow
2023-05-03 21:40:55 DEBUG cic.cs.unb.ca.jnetpcap.FlowGenerator    FlagFIN current has 12463 flow
2023-05-03 21:40:55 DEBUG cic.cs.unb.ca.jnetpcap.FlowGenerator    FlagFIN current has 12462 flow
2023-05-03 21:40:55 DEBUG cic.cs.unb.ca.jnetpcap.FlowGenerator    FlagFIN current has 12461 flow
2023-05-03 21:40:55 DEBUG cic.cs.unb.ca.jnetpcap.FlowGenerator    FlagFIN current has 12460 flow
2023-05-03 21:40:55 DEBUG cic.cs.unb.ca.jnetpcap.FlowGenerator    FlagFIN current has 12459 flow
2023-05-03 21:40:55 DEBUG cic.cs.unb.ca.jnetpcap.FlowGenerator    FlagFIN current has 12458 flow
2023-05-03 21:40:55 DEBUG cic.cs.unb.ca.jnetpcap.FlowGenerator    FlagFIN current has 12493 flow
2023-05-03 21:40:55 DEBUG cic.cs.unb.ca.jnetpcap.FlowGenerator    FlagFIN current has 12492 flow
2023-05-03 21:40:55 DEBUG cic.cs.unb.ca.jnetpcap.FlowGenerator    FlagFIN current has 12570 flow
2023-05-03 21:40:55 DEBUG cic.cs.unb.ca.jnetpcap.FlowGenerator    FlagFIN current has 12569 flow
2023-05-03 21:40:56 DEBUG cic.cs.unb.ca.jnetpcap.FlowGenerator    FlagFIN current has 12648 flow
2023-05-03 21:40:56 DEBUG cic.cs.unb.ca.jnetpcap.FlowGenerator    FlagFIN current has 12649 flow
2023-05-03 21:40:57 DEBUG cic.cs.unb.ca.jnetpcap.FlowGenerator    FlagFIN current has 12665 flow
2023-05-03 21:40:57 DEBUG cic.cs.unb.ca.jnetpcap.FlowGenerator    FlagFIN current has 12715 flow
2023-05-03 21:40:57 DEBUG cic.cs.unb.ca.jnetpcap.FlowGenerator    FlagFIN current has 12742 flow
2023-05-03 21:40:58 DEBUG cic.cs.unb.ca.jnetpcap.FlowGenerator    FlagFIN current has 12766 flow
2023-05-03 21:40:58 DEBUG cic.cs.unb.ca.jnetpcap.FlowGenerator    FlagFIN current has 12787 flow
2023-05-03 21:40:58 DEBUG cic.cs.unb.ca.jnetpcap.FlowGenerator    FlagFIN current has 12793 flow
2023-05-03 21:40:58 DEBUG cic.cs.unb.ca.jnetpcap.FlowGenerator    FlagFIN current has 12792 flow
2023-05-03 21:40:58 DEBUG cic.cs.unb.ca.jnetpcap.FlowGenerator    FlagFIN current has 12791 flow
2023-05-03 21:40:58 DEBUG cic.cs.unb.ca.jnetpcap.FlowGenerator    FlagFIN current has 12791 flow
