2022-04-06 13:29:00 DEBUG cic.cs.unb.ca.flow.ui.FlowOfflinePane    offline select input D:\870-DDoS\traffic.pcap
2022-04-06 13:29:03 DEBUG cic.cs.unb.ca.flow.ui.FlowOfflinePane    offline select output D:\870-DDoS
2022-04-06 13:29:05 DEBUG cic.cs.unb.ca.jnetpcap.worker.ReadPcapFileWorker    Working on... D:\870-DDoS\traffic.pcap
2022-04-06 13:29:06 DEBUG cic.cs.unb.ca.jnetpcap.PacketReader    null
********************************************************************************
0000:*81 f7 4d 62* b7 2e 09 00  58 00 00 00  58 00 00 00    ..Mb....X...X...
0010: 24 41 8c 00  be c8 44 fe  3b aa b9 8f  08 00 45 00    $A....D.;.....E.
0020: 00 4a 6b a0  40 00 77 06  92 41 59 2f  ea ac c0 a8    .Jk.@.w..AY/....
0030: 01 48 c4 0e  d0 c6 e9 7e  cb d0 fa 4a  8b 96 50 18    .H.....~...J..P.
0040: 18 01 b6 0a  00 00 00 00  00 0d 06 00  00 01 ea 00    ................
0050: 0c 80 00 00  00 40 00 00  00 00 0d 06  00 00 01 ea    .....@..........
0060: 00 0c c0 00  00 00 40 00  44 fe 3b aa  b9 8f 24 41    ......@.D.;...$A
0070: 8c 00 be c8  08 00 45 00  00 00 6d 69  40 00 80 06    ......E...mi@...
0080: 00 00 c0 a8  01 48 9a 06  1a f5 d0 c6  98 35 c6 de    .....H.......5..
0090: 69 c6 c3 97  f9 b4 50 10  02 03 76 f2  00 00 78 5c    i.....P...v...x\
00a0: 2a 7e 68 fe  c1 88 25 b0  32 21 ea 0d  5d 96 a0 c9    *~h...%.2!..]...
00b0: 73 97 90 93  1c e2 a4 26  1d 6d 05 26  31 29 84 f4    s......&.m.&1)..
00c0: 25 c2 36 2e  cd 6b f9 7e  cb aa 67 37  5f 3c 13 89    %.6..k.~..g7_<..
00d0: d7 5b 7e 66  9c 0b 99 9f  a1 04 24 0d  a3 ce 29 27    .[~f......$...)'
00e0: d5 a6 58 c9  62 98 24 2f  88 f9 0f 74  92 a1 47 19    ..X.b.$/...t..G.
00f0: 51 7a 26 40  c3 fe af 58  34 2d d6 7e  95 be e8 4e    Qz&@...X4-.~...N
0100: 19 f5 c0 65  16 07 87 bd  fa 9c 01 24  34 ad ef 11    ...e.......$4...
0110: 28 09 42 01  14 76 01 a3  b9 a4 58 5e  1a 38 01 4e    (.B..v....X^.8.N
0120: ad f1 50 63  64 f3 c3 59  f4 4f da 16  27 19 09 79    ..Pcd..Y.O..'..y
0130: a0 67 3c c8  23 82 67 93  ec f0 dd 4c  7e 07 97 8b    .g<.#.g....L~...
0140: 5b f7 2b d4  58 4a c0 03  90 60 c3 b6  99 f6 d5 c6    [.+.XJ...`......
0150: c2 bc 4f d9  d9 c1 f6 a5  ba cb 2c c6  0e 25 ba 2d    ..O.......,..%.-
0160: 5d 6c af 69  c2 a6 7a 20  01 04 21 a5  79 f8 71 0d    ]l.i..z ..!.y.q.
0170: 0c ef 40 e4  69 d6 b6 da  67 0b e0 dc  78 19 d7 64    ..@.i...g...x..d
0180: 46 25 c2 c5  22 86 66 65  84 13 09 83  40 e4 2b 89    F%..".fe....@.+.
0190: 8c 56 8d af  48 cc b0 00  05 e1 4a 63  3b aa 20 54    .V..H.....Jc;. T
01a0: 02 e9 af 19  46 68 9d c7  c0 10 8d 2a  26 db 4c 84    ....Fh.....*&.L.
01b0: 31 10 60 10  b9 4e 34 18  42 ae 90 8a  6b 08 a8 0e    1.`..N4.B...k...
01c0: ee 1d b0 9f  9f 70 af 77  7a ab af f1  a4 68 47 64    .....p.wz....hGd
01d0: 07 8e 43 6a  93 ca 5b 4b  0d f1 07 24  30 db 8d f3    ..Cj..[K...$0...
01e0: 4c df b9 6b  b0 6c bc 9f  d5 e9 1f c7  d9 ba 24 fb    L..k.l.......$.
01f0: 3a bd b2 56  42 ab 8e 63  5d a2 52 ca  a6 d9 a9 50    :..VB..c].R....P
0200: aa e4 a9 a7  0d 1e 03 ba  a2 b4 e6 40  38 f1 56 30    ...........@8.V0
0210: 7e b2 a4 82  ad a8 6b aa  33 c5 a5 e7  b2 11 b1 b8    ~.....k.3.......
0220: ad 5b 0b 94  f8 74 d9 c4  6d 26 a6 f6  fb 6b 6f 12    .[...t..m&...ko.
0230: 43 9f db 80  2d 83 77 62  8b 59 75 f5  b8 69 27 17    C...-.wb.Yu..i'.
0240: 41 d4 a8 5e  65 08 e4 93  56 d4 d3 a7  c2 99 3e 6d    A..^e...V.....>m
0250: 1b c1 db 17  5c d9 30 df  bb bd 31 b2  13 ab d1 da    ....\.0...1.....
0260: 95 a4 d3 f4  e2 e3 ea 37  d9 ac 2b 25  2a 05 56 9e    .......7..+%*.V.
0270: c2 96 c8 e6  0b f4 69 95  2c b7 09 4c  20 78 d5 71    ......i.,..L x.q
0280: 34 1c e8 94  f7 17 74 b7  e4 60 c7 e8  79 dc 19 ca    4.....t..`..y...
0290: 22 ea b5 a6  67 22 16 a8  f8 10 07 97  a5 17 f0 a7    "...g"..........
02a0: 54 eb be 92  61 55 96 db  ee a5 42 5a  a8 59 6a 42    T...aU....BZ.YjB
02b0: 8c e4 a4 94  16 4e 35 45  38 59 64 f2  45 f6 cd 5c    .....N5E8Yd.E..\
02c0: cf 31 ef 23  bb d0 22 85  8c 99 f3 c2  b5 2a cb 77    .1.#.."......*.w
02d0: 1a d4 f9 61  57 fb cf 05  4f 6a 20 c4  20 20 0b 37    ...aW...Oj .  .7
02e0: 02 a2 a4 54  4c 5c a5 d0  1a 7d 49 8b  c5 67 19 a2    ...TL\...}I..g..
02f0: a1 ef bb a9  5a 57 4e b5  28 b5 da f0  bf cb c6 6a    ....ZWN.(......j
0300: 4f a1 f3 d6  30 97 b3 87  ba 75 61 30  a1 73 e4 7c    O...0....ua0.s.|
0310: 7d 50 37 ef  bf 89 f7 68  bf 91 cf 65  13 34 66 fc    }P7....h...e.4f.
0320: c1 e5 77 4d  30 c9 0c 34  5c f6 50 9a  a9 b3 be a9    ..wM0..4\.P.....
0330: 26 ef ef 1f  0b b7 6d f0  91 e7 5b bf  60 c6 aa 92    &....m...[.`...
0340: 00 c6 68 00  91 e9 19 64  33 89 32 9e  e2 7e 21 a4    ..h....d3.2..~!.
0350: 74 66 40 b6  ba 4a f7 91  96 63 00 c4  50 e7 43 80    tf@..J...c..P.C.
0360: b3 34 a5 65  5c 73 2a 15  a2 fb e8 e0  fb e8 96 7c    .4.e\s*........|
0370: cb 9e 99 d5  af 8b c5 3a  05 51 36 e6  39 ec ba ad    .......:.Q6.9...
0380: 97 06 8c 38  c9 2e da 06  e0 0a 64 31  83 22 54 10    ...8......d1."T.
0390: 8b 51 f2 68  5d 30 20 f6  3d 84 52 e5  35 57 4f ac    .Q.h]0 .=.R.5WO.
03a0: ec f8 f3 02  2c 06 e3 3e  4d 4d f6 6b  d8 b3 ee 0d    ....,..>MM.k....
03b0: 3a f5 68 1d  36 fe fa 55  58 04 63 4a  78 b5 c1 11    :.h.6..UX.cJx...
03c0: 24 b1 23 04  02 b2 9a ba  cd 63 94 29  80 00 14 82    $.#......c.)....
03d0: 0e ef ea 8f  da 71 56 d3  a5 2a be ff  bd 3a aa 03    .....qV..*...:..
03e0: 9f af 0e 31  a4 33 2e ff  e4 35 55 33  10 a6 e8 de    ...1.3...5U3....
03f0: 67 68 4e 8c  86 cb ac 69  8c 0e 65 6b  71 f3 1c 3d    ghN....i..ekq..=
0400: 23 c3 2a 08  98 cf 7b d7  23 9e 59 73  ad 86 43 96    #.*...{.#.Ys..C.
0410: b2 8f 45 39  2c d6 18 14  a3 d4 c2 39  ce 11 2c 2d    ..E9,......9..,-
0420: 4f e8 a1 d8  0c 9a 18 05  f2 25 8f 60  60 62 fd 39    O........%.``b.9
0430: 8a 08 7d b0  9b db 9d b9  d0 1e ea 16  a2 c5 09 11    ..}.............
0440: 15 26 18 0c  16 63 a9 26  4f 7b f5 99  16 4b 61 e6    .&...c.&O{...Ka.
0450: ed 78 ee 08  2f 2f c6 69  91 29 18 11  99 21 d5 3c    .x..//.i.)...!.<
0460: c0 80 eb 63  a5 b1 45 44  91 08 08 54  ab ba 2b 0a    ...c..ED...T..+.
0470: 65 02 82 c0  60 5f a6 0a  43 e9 b6 1d  88 2c d7 b2    e...`_..C....,..
0480: 77 85 74 b4  3f 19 b0 76  7e 22 7f c9  7b 7c 87 a1    w.t.?..v~"..{|..
0490: b5 b9 c9 47  5e 5b c6 2b  46 5a 96 cf  61 39 9f 0e    ...G^[.+FZ..a9..
04a0: 43 45 07 63  58 22 c2 86  22 57 a1 20  b1 68 f0 bd    CE.cX".."W. .h..
04b0: 3d 19 36 fb  f1 db 1f da  b7 c7 5b 8a  4f 84 85 96    =.6......[.O...
04c0: 4b 7e 0a 46  8e b2 ad e7  7b 89 78 fc  fe 14 ad 3b    K~.F....{.x....;
04d0: 18 12 8a 0c  d1 d9 d7 cd  95 e7 3c 5e  52 45 18 30    ..........<^RE.0
04e0: 30 04 ba 89  8c de 2b 86  d9 02 b1 eb  fc 50 be 40    0.....+......P.@
04f0: 7a eb aa 4e  df d0 6d 67  44 16 6f 58  4d 84 18 50    z..N..mgD.oXM..P
0500: 00 60 18 e0  01 28 34 ad  ac 63 89 04  04 a1 00 86    .`...(4..c......
0510: 56 66 38 52  ca 84 5a a1  a2 38 bb d8  28 d1 73 60    Vf8R..Z..8..(.s`
0520: 28 d6 a0 e8  f2 dd 9c 05  2a 7c 1d 10  50 1b f4 17    (.......*|..P...
0530: 1b 87 08 3b  c6 a3 3e e5  db 8b 92 fc  cb fd 17 d2    ...;..>.........
0540: 21 95 40 74  23 e6 01 02  1a ff 69 db  e8 09 4e 49    !.@t#.....i...NI
0550: 26 9a 1a 3e  27 ff 2f 17  e9 25 e3 e4  79 20 23 e1    &..>'./..%..y #.
0560: 57 bd c3 f3  7c 7e a1 95  f1 b6 29 c7  2c bf 9e 6e    W...|~....).,..n
0570: b0 e6 69 a1  31 44 4b 08  5b a7 7d b7  42 f8 3f ad    ..i.1DK.[.}.B.?.
0580: a6 ab 99 96  32 54 00 69  b0 67 6e da  1c 38 fa 88    ....2T.i.gn..8..
0590: 6f e8 20 31  9b 8d af 99  53 90 bd 25  4d fc 53 44    o. 1....S..%M.SD
05a0: 23 4a 83 b6  43 28 30 96  20 8c 02 cc  55 34 96 a5    #J..C(0. ...U4..
05b0: 25 89 55 69  4c 07 ac 5b  44 61 83 12  a8 08 40 10    %.UiL..[Da....@.
05c0: 65 61 fa 2d  cb 43 83 10  e2 ee a3 e9  ae a9 fd 0c    ea.-.C..........
05d0: 4d f7 49 e6  c7 63 f2 46  7e e4 7a 6d  45 bf 46 0b    M.I..c.F~.zmE.F.
05e0: 78 6b 89 8e  1b d7 77 e1  47 0d 19 10  c4 1e 4d 25    xk....w.G.....M%
05f0: 5e ac b3 82  ca c6 6a 4d  40 4d c6 9a  9a 51 ad 75    ^.....jM@M...Q.u
0600: bc 16 54 f6  ad ea 58 fa  d8 72 6a b7  55 b6 ec f0    ..T...X..rj.U...
0610: 60 94 68 eb  46 ba 35 4c  50 54 5b 7a  4f 72 eb 54    `.h.F.5LPT[zOr.T
0620: 34 4f ab 8c  c0 56 ef a3  5f 23 d9 fa  71 9b 22 74    4O...V.._#..q."t
0630: 27 cc b1 8e  94 db a9 e0  db 51 11 91  20 55 11 cd    '........Q.. U..
0640: 7f 8a fe 4b  6d a3 3b 6c  cc f8 c4 59  c7 89 32 12    ...Km.;l...Y..2.
0650: 71 a4 2c 99  5e 21 ce 49  0d 9d 63 f3  48 c6 2e 70    q.,.^!.I..c.H..p
0660: bb 42 db 99  35 18 9b cf  ce 93 34 d7  34 a0 03 c1    .B..5.....4.4...
0670: b2 ca 42 9a  35 05 11 26  b4 8b ec cd  a2 a0 56 15    ..B.5..&......V.
0680: 7f 65 6b 6a  d9 36 07 1c  e9 12 a7 c5  68 ea ba 95    .ekj.6......h...
0690: 36 6a 0c 2a  84 ca 3d 9a  76 6d d5 b3  69 41 c4 f6    6j.*..=.vm..iA..
06a0: e5 c7 56 fd  18 e8 af b7  af 05 b3 82  49 62 4b 65    ..V.........IbKe
06b0: 01 73 5b dd  42 b2 56 2c  69 a6 0d 5d  09 c4 26 10    .s[.B.V,i..]..&.
06c0: 02 32 80 d2  53 34 00 20  6d 70 56 44  85 94 83 10    .2..S4. mpVD....
06d0: 80 80 b2 9b  63 40 4a 2e  52 2a e5 28  1c 1c bd d4    ....c@J.R*.(....
06e0: fb a6 1d 15  d6 fc 4e e1  8f 73 04 77  65 f4 17 11    ......N..s.we...
06f0: df f0 9a 46  31 da 90 6a  35 7c 11 2e  fe b9 08 07    ...F1..j5|......
0700: 93 55 c4 68  61 2d 31 ab  8e 16 05 16  29 38 c4 1c    .U.ha-1.....)8..
0710: 2c b3 bb bb  9a 28 41 d1  10 e8 b3 44  88 8c 55 e3    ,....(A....D..U.
0720: 57 85 33 c9  10 c6 0e 93  a7 57 f9 f5  ed 7c f0 ad    W.3......W...|..
0730: b8 e1 70 46  84 b4 da ad  00 97 d9 12  3d b5 47 92    ..pF........=.G.
0740: a8 25 6a da  65 74 ca 52  98 ae dc 57  57 39 00 4a    .%j.et.R...WW9.J
0750: 34 df 56 d0  b2 33 65 b6  a6 d4 d3 12  a5 7c 6a 13    4.V..3e......|j.
0760: 7b e6 df 9c  18 5f d9 6a  61 5c c2 cf  22 4c 16 3d    {...._.ja\.."L.=
0770: 14 ee aa 7a  a9 48 27 c1  51 e9 4b c0  a0 6b eb 89    ...z.H'.Q.K..k..
0780: c3 2d cb 97  79 98 a0 c6  2b 86 b9 56  c9 6a b0 14    .-..y...+..V.j..
0790: 24 de b7 3b  ff 4d e2 7b  55 f7 df bb  1a 32 72 7b    $..;.M.{U....2r{
07a0: d3 8b 0f 51  ec 1e ee 0b  15 02 31 a5  3c 5a a0 a8    ...Q......1.<Z..
07b0: 71 7a 0c 02  e0 21 53 06  e6 06 14 16  02 04 23 a5    qz...!S.......#.
07c0: 64 f0 5a 26  b4 41 b3 b3  76 ce 51 e3  75 4d c9 99    d.Z&.A..v.Q.uM..
07d0: f1 1c dd 7d  cf 37 0d 35  b9 3b af af  2e 3e a6 8a    ...}.7.5.;...>..
07e0: 74 d3 91 50  38 97 cb 64  b4 1a 12 ca  87 89 09 4d    t..P8..d.......M
07f0: 75 7e 41 3c  b0 26 2b 0b  0c 2a 67 25  0a c6 c8 51    u~A<.&+..*g%...Q
0800: 28 98 cd 9c  78 b6 d5 78  74 38 aa 17  c0 23 70 f9    (...x..xt8...#p.
0810: ec fd 68 ca  9f a2 7c ab  f1 55 78 5e  b3 52 32 52    ..h...|..Ux^.R2R
0820: bb fa 46 95  8e 7d 36 3c  14 8d 92 fe  cf 44 b7 f5    ..F..}6<.....D..
0830: d2 dd 0c 2d  a0 e9 21 86  98 bb cb 36  f7 5d d7 8b    ...-..!....6.]..
0840: ac 3e a5 28  3f b8 89 ca  d1 44 62 21  45 e4 21 18    .>.(?....Db!E.!.
0850: 26 58 ac c2  b6 00 00 0b  07 54 bc 3c  c9 ee dd f2    &X.......T.<....
0860: 40 89 72 d6  05 f2 48 3e  61 d1 19 2f  3c e1 1e 77    @.r...H>a../<..w
0870: 60 de 63 7a  e3 22 04 ea  50 6f d0 af  fa ef c2 60    `.cz."..Po.....`
0880: a7 ad 4a c5  a3 15 4f 4f  9e 6f 6d bd  65 b5 49 ca    ..J...OO.om.e.I.
0890: 4a d2 4c d9  78 72 6b 58  cf ee e1 1d  1d 25 46 63    J.L.xrkX.....%Fc
08a0: cf d5 eb 17  62 f1 fe 1a  d5 43 02 05  c9 65 80 d3    ....b....C...e..
08b0: 18 dd 7e 3d  6b 59 97 4d  e4 82 5e e5  67 f2 ef 9e    ..~=kY.M..^.g...
08c0: 3d a7 b6 d3  ba 2c 7c 45  f8 a1 c6 79  60 8b 33 03    =....,|E...y`.3.
08d0: 73 44 75 fc  e0 92 9b 10  c0 25 d2 a5  17 00 61 40    sDu......%....a@
08e0: 01 80 63 07  00 00 23 e0  01 9f df 6a  49 6f fe be    ..c...#....jIo..
08f0: 3d bf 11 94  27 cd 21 ca  52 19 22 ec  ca 9f 96 ce    =...'.!.R.".....
0900: 0f 1e e3 7f  56 89 9f 64  a9 67 c1 70  dc 81 b1 b7    ....V..d.g.p....
0910: bf 8c 48 72  d9 7e 05 af  92 ae c4 c9  83 d9 d6 a9    ..Hr.~..........
0920: a4 25 0d 20  c4 d4 a9 31  1c 29 ab 8c  1a c0 38 f8    .%. ...1.)....8.
0930: 34 76 57 55  be 6d 71 ae  cb a8 38 2a  00 ac 8a 66    4vWU.mq...8*...f
0940: 0b d9 d7 2b  4d 51 2e 9f  59 29 6c 64  ad a0 10 92    ...+MQ..Y)ld....
0950: d8 f8 a4 06  2c 89 1c ab  e2 49 76 7c  a0 59 e0 4b    ....,....Iv|.Y.K
0960: f5 fb a0 60  0b dd 94 70  81 b0 21 0b  bf 14 4d 9c    ...`...p..!...M.
0970: c1 0a 79 9d  20 a2 43 02  13 be e8 81  0e df 9a 83    ..y. .C.........
0980: 09 49 6e e6  6d 34 75 59  3e 26 e6 95  8b 3f 33 84    .In.m4uY>&...?3.
0990: 49 8a b2 cc  3f 36 b6 52  d8 91 6a f8  7e d4 93 a7    I...?6.R..j.~...
09a0: 3b 6f cb 95  46 bf 9a a6  21 c1 e3 e2  30 ca 8a e3    ;o..F...!...0...
09b0: 74 91 dc d2  75 d8 98 05  54 30 55 fa  72 c2 57 59    t...u...T0U.r.WY
09c0: c0 a8 7b c6  60 c0 bc 20  c9 f8 81 44  95 d3 71 f9    ..{.`.. ...D..q.
09d0: 16 f1 93 54  cb b6 19 09  e0 60 df fa  be af f5 04    ...T.....`......
09e0: 1b 66 55 cb  8d 1c 10 d6  e4 be d3 75  6d 3d 98 87    .fU........um=..
09f0: a1 a8 26 9b  8f f4 cb 72  6c 0c e6 06  ba 11 9b 49    ..&....rl......I
0a00: d4 5e 59 d1  ed 97 2a 4e  88 20 a4 de  b7 bd 9e b5    .^Y...*N. ......
0a10: 1d 2e f8 95  75 66 66 6e  f7 89 6c 53  fb e0 5d c7    ....uffn..lS..].
0a20: c9 7a 0f 6a  2e 86 10 31  fc ad ec 58  cc 2e 42 6c    .z.j...1...X..Bl
0a30: 2d 89 15 49  fe bb 7f d9  ee ce 8b 81  20 24 10 30    -..I........ $.0
0a40: e2 85 4b 8a  44 53 3f 0b  b7 a0 95 b1  3b 8f fd 1a    ..K.DS?.....;...
0a50: 2f bc 8a fd  b2 64 69 25  14 45 d4 3a  5a dc 73 b1    /....di%.E.:Z.s.
0a60: 41 d2 be a0  6b c7 49 13  84 df 5c 72  5b 31 98 76    A...k.I...\r[1.v
0a70: 85 44 60 0b  d5 2e f6 77  69 3d 09 e2  c9 8d d1 68    .D`....wi=.....h
0a80: 4a 09 0c 71  32 64 02 ef  e6 8e 44 99  93 61 7c e3    J..q2d....D..a|.
0a90: fa e0 1d c5  a8 ca d8 91  86 1c 77 89  da e8 06 74    ..........w....t
0aa0: 17 16 5c 2f  69 14 7a 99  4f 83 31 e0  b6 76 09 4c    ..\/i.z.O.1..v.L
0ab0: 9e 2a 0b e9  86 1a 8a a8  ab b1 ee 00  7b 8b 84 94    .*..........{...
0ac0: fd b6 fa 77  9a 88 73 7d  87 42 5f c9  c3 aa ea cf    ...w..s}.B_.....
0ad0: 56 cb 5e df  01 c4 57 9c  2a 71 3a 4c  cb 18 e7 67    V.^...W.*q:L...g
0ae0: 20 59 90 13  50 e5 64 3a  5c 9a 68 bb  0a 0f 53 f9     Y..P.d:\.h...S.
0af0: 32 fd 5a 3a  fe 8b a6 46  8c b0 1b b1  2a 3f 35 b0    2.Z:...F....*?5.
0b00: f2 42 3c 79  41 a1 1e 11  4c 26 f0 78  ed 21 60 06    .B<yA...L&.x.!`.
0b10: 5f 08 d3 d5  b6 0f 6a e9  68 62 43 9f  6a e1 51 ab    _.....j.hbC.j.Q.
0b20: 78 37 24 97  c7 2b 02 ad  9c f1 2a ce  5d d4 b3 bf    x7$..+....*.]...
0b30: 53 86 8f e8  05 18 05 f8  e7 92 89 1d  63 db c3 d7    S...........c...
0b40: b9 5a e1 06  c8 d8 d7 ad  ef fd 70 f5  c5 d1 fe 2f    .Z........p..../
0b50: a3 d4 d3 bd  47 34 cf 7a  c3 56 4f 09  ae 4b b9 ff    ....G4.z.VO..K..
0b60: e2 17 a1 2c  e6 f8 9d 5f  d7 de 60 70  b2 e4 7b 38    ...,..._..`p..{8
0b70: 38 38 9a 9f  ef 48 a4 2e  a2 e1 48 1e  08 09 e4 75    88...H....H....u
0b80: 93 66 3a 75  1d 02 d2 06  3d 66 e0 a8  1a 2d f9 67    .f:u....=f...-.g
0b90: 57 90 12 60  de 24 00 f4  29 9d 24 35  d1 3b 9e 1a    W..`.$..).$5.;..
0ba0: 3e 07 74 e4  5d cf 18 cf  6e 8e 2d 13  7f 3b 61 fc    >.t.]...n.-..;a.
0bb0: ff 2b a6 b6  8d 89 92 71  50 ae f0 d3  84 47 2d 12    .+.....qP....G-.
0bc0: 8c 3d 63 f0  81 97 7d bb  ff 06 d9 3e  5f 5b ae 89    .=c...}....>_[..
0bd0: 98 f5 6c 4c  23 5e 8f 17  49 9f 65 14  a5 d6 8a 38    ..lL#^..I.e....8
0be0: f8 85 03 08  cb da 08 5b  b8 86 7a 3e  fb 5b 4b cf    .......[..z>.[K.
0bf0: 60 ee cf 8e  50 ed 89 50  9f 49 00 6d  5c bf 16 5a    `...P..P.I.m\..Z
0c00: af 2e 72 5c  25 28 ca ae  bf 55 65 d6  54 3f 30 d9    ..r\%(...Ue.T?0.
0c10: 7c 5a ad 13  d2 9a 82 ee  86 ad a8 1b  6f a4 21 10    |Z..........o.!.
0c20: 20 92 b8 d5  08 ec 61 c2  a0 ed bd 89  b1 99 4d 0b     .....a.......M.
0c30: c3 f4 15 54  4e f4 7e 26  6e 2a f2 52  c5 3b 9d 74    ...TN.~&n*.R.;.t
0c40: 23 48 80 92  59 d4 ee b8  fa 36 b7 b8  e9 30 7d 8d    #H..Y....6...0}.
0c50: d3 90 99 97  7c c7 a9 33  da 68 b4 90  9e f3 38 75    ....|..3.h....8u
0c60: ee 81 df 67  e3 59 73 cd  7e fa ab a6  60 81 43 4a    ...g.Ys.~...`.CJ
0c70: 33 5d cf c0  4c 2d c8 33  6c a0 79 5d  d6 40 11 99    3]..L-.3l.y].@..
0c80: 3e 46 c3 6e  d4 fb 5b a1  b0 18 15 3a  b6 f4 9d 24    >F.n..[....:...$
0c90: 2e cc a5 52  f8 03 19 51  50 60 9c 67  fb 84 63 22    ...R...QP`.g..c"
0ca0: 71 9e 89 eb  4d 66 ad b0  12 0c 7e a5  ac aa 2c 9f    q...Mf....~...,.
0cb0: 1c d0 6e f1  b2 39 ab 4e  dd cd ff 47  d9 38 b9 fe    ..n..9.N...G.8..
0cc0: 8a 0e f5 82  04 c4 14 14  74 6b 76 64  3e 28 e0 32    ........tkvd>(.2
0cd0: 95 2f 6a aa  85 f1 1d 19  9f d6 45 88  a3 d9 5d 93    ./j.......E...].
0ce0: cd 74 f8 d5  53 7d 69 b3  8d 8c 10 c7  bc f2 6d 24    .t..S}i.......m$
0cf0: eb 12 b6 e3  30 87 1c 0b  c6 80 0f 5c  24 56 b7 97    ....0......\$V..
0d00: dd c6 50 ed  7b 01 2e 4e  4d 22 5d df  2e e6 ca 13    ..P.{..NM"].....
0d10: 7b 16 3b 61  d3 18 eb 8b  f1 d9 27 2c  a9 aa 18 cb    {.;a......',....
0d20: ce 1f 6f ad  01 2d 4b 06  e1 54 fe ff  c6 b3 83 97    .o..-K..T......
0d30: 5c ab 38 e6  7d 8c 92 cf  40 7b 12 fd  e3 72 56 a1    \.8.}...@{...rV.
0d40: e6 a0 35 a5  6f 25 2f 39  55 b7 c5 a4  56 c1 d9 60    ..5.o%/9U...V..`
0d50: f5 0e 73 c1  96 0a ce 34  0d 33 4b 00  f9 d4 f5 34    ..s....4.3K....4
0d60: 62 65 8c 91  ef dd 82 83  f7 85 91 6e  e6 fa 67 78    be.........n..gx
0d70: 7c 14 64 44  54 4e af 73  d8 f8 43 b7  c9 a1 b1 f8    |.dDTN.s..C.....
0d80: 1c f5 69 ec  65 09 87 4e  6e 3a a3 77  84 5d 7e 62    ..i.e..Nn:.w.]~b
0d90: 27 a6 c8 d9  af 1c 4a 43  25 b1 b0 d9  b3 31 a1 25    '.....JC%....1.%
0da0: 0b e1 44 80  2c 60 e3 50  f1 39 21 0a  7a bf 3d 25    ..D.,`.P.9!.z.=%
0db0: c9 06 9d 3b  8c 24 81 ce  a0 33 24 6a  95 f2 c4 da    ...;.$...3$j....
0dc0: ec b1 ea 55  56 0b d5 c5  1f d0 f7 c1  43 75 08 85    ...UV......Cu..
0dd0: 47 3e be e1  a1 0b 78 b8  c3 ae 4d f0  c5 e7 c9 4d    G>....x...M....M
0de0: 24 57 d9 cf  ea 87 c5 50  7d 7d 04 1a  95 6b 63 75    $W.....P}}...kcu
0df0: 56 08 ee 29  4f 95 20 7a  47 ff 25 8e  e7 82 4b e4    V..)O. zG.%...K.
0e00: 78 0d a6 f9  28 07 b4 5b  ec 04 a3 ed  c3 59 af ba    x...(..[.....Y..
0e10: f0 d4 a9 1d  8f 31 50 c8  65 d1 9c 0b  2e 69 9c a5    .....1P.e....i..
0e20: 25 46 9f bf  84 85 eb 96  a8 0a 5e 6c  50 2c 96 2c    %F........^lP,.,
0e30: 1f bc 0c 8e  bd e2 ef a2  96 26 55 8b  39 e4 5d f9    ........&U.9.].
0e40: 35 3f 50 b7  55 ed 2c e8  40 31 59 f3  e2 ec d3 04    5?P.U.,.@1Y.....
0e50: 20 26 10 3c  0f c8 82 3a  c2 ed c6 ae  08 25 c8 ad     &.<...:.....%..
0e60: 1c 9e c6 92  34 2f 7a 87  cf ba a9 76  bd 39 e8 9c    ....4/z....v.9..
0e70: 21 40 f4 cb  de a6 89 cd  45 80 13 a3  84 e2 81 96    !@......E.......
0e80: 1a c0 5e de  6d 59 dc 1b  97 42 c9 d8  08 1f ef 6c    ..^.mY...B....l
0e90: ee da 36 94  0a e2 d2 43  8a 7f 3c a2  51 f2 5a 44    ..6....C..<.Q.ZD
0ea0: 3c 1f 96 a4  8b 8b f0 9c  f5 40 1d 9e  71 42 e3 75    <.......@..qB.u
0eb0: a3 94 b3 84  3b 8e 4f e3  d8 fe 2f 43  d3 f2 f9 6c    ....;.O.../C...l
0ec0: 80 b7 5c 90  20 10 e7 69  29 f9 14 6d  14 38 82 ce    ..\. ..i)..m.8..
0ed0: ca 84 cd 8d  56 e1 d2 05  65 59 df 79  c8 b3 0a 00    ....V...eY.y....
0ee0: 15 19 28 5c  0f 70 77 1e  a3 40 23 e1  07 9d 9d 0a    ..(\.pw..@#.....
0ef0: c1 22 5e 7e  96 cc 0e 40  1c 72 a4 c1  2e 80 4f a8    ."^~...@.r....O.
0f00: 8a 23 f1 24  52 89 da be  2a d3 be d1  b9 0c fc f7    .#.$R...*.......
0f10: 25 a3 00 87  be 10 5e d3  3d a7 97 86  55 de e0 73    %.....^.=...U..s
0f20: 94 99 7b 30  1a 48 e2 84  9b 66 13 1c  fc 17 b5 f4    ..{0.H...f......
0f30: 57 29 86 79  22 49 76 9c  da 59 17 eb  6b 24 8e 6f    W).y"Iv..Y..k$.o
0f40: a4 61 6a 92  bd 2b 04 68  b7 ce 4c 12  7d 0a e0 fe    .aj..+.h..L.}...
0f50: f9 cf 15 73  8f b4 21 8b  95 e6 73 a6  9a 2b d0 9a    ...s..!...s..+..
0f60: 3d a4 61 28  96 a1 63 0b  37 bf bf c8  78 c7 5d 43    =.a(..c.7...x.]C
0f70: 92 9a 50 45  f8 4d 02 80  7b 09 f6 ed  c0 04 c9 31    ..PE.M..{......1
0f80: 08 0c b3 a1  c6 31 28 e6  13 e0 eb fe  00 e9 da c4    .....1(.........
0f90: 2e 27 9f 61  e6 04 68 ba  1f 77 4d cf  dd 98 bc 03    .'.a..h.wM.....
0fa0: 17 aa 77 40  f2 07 f4 8d  36 43 2d 1f  fc 28 26 f7    ..w@....6C-.(&.
0fb0: 45 b0 8c 27  56 5c 7d 87  16 12 25 a1  df 6c 0c c9    E..'V\}...%..l..
0fc0: 7a 5f 2c c0  3b 93 57 45  56 3d ea 25  63 57 e9 92    z_,.;.WEV=.%cW..
0fd0: d5 03 92 7b  65 e1 28 65  57 08 0e de  d6 c7 d9 25    ...{e.(eW......%
0fe0: f2 b1 38 de  61 5b c3 d3  ec 35 53 73  4c 0a ec ae    ..8.a[...5SsL...
0ff0: 06 bc df 2c  04 cb 1d d6  59 f4 05 5f  60 e1 f6 80    ...,....Y.._`...
1000: 6b 09 97 68  2c 24 0e d7  2f ac 75 25  a7 cc a5 37    k..h,$../.u%...7
1010: 4c a0 0c 6c  ea 2b 0f e0  f1 d9 ec 07  72 ef ab 28    L..l.+......r..(
1020: 09 8f 97 d1  a8 4a 75 be  75 e3 91 9e  c7 0a 2f 4a    .....Ju.u...../J
1030: 3f 52 4b d8  89 51 2b c5  58 8b 61 79  1a 70 2e 45    ?RK..Q+.X.ay.p.E
1040: 26 f5 a9 e9  c9 5f d2 83  1c 3c fa 85  56 18 95 f7    &...._...<..V...
1050: 0a ea f9 ec  7a 50 76 15  4d ca 04 2f  74 7d 36 13    ....zPv.M../t}6.
1060: 3c e9 1f c7  eb b6 63 4f  32 f9 9d 98  90 cd 6d af    <....cO2.....m.
1070: 50 32 92 6e  81 fe 65 3f  30 ce f2 5f  c3 dc 26 ba    P2.n..e?0.._..&.
1080: 39 50 c0 a9  ff 31 a2 52  71 cf 8f 67  80 30 01 82    9P...1.Rq..g.0..
1090: 69 eb 91 56  2f 57 35 a8  c7 db 3a 58  22 84 74 89    i..V/W5...:X".t.
10a0: c8 d3 81 72  51 2d 4a b5  36 15 d2 2b  d5 3b d4 00    ...rQ-J.6..+.;..
10b0: 24 90 8d e6  7b e2 79 b6  6f 59 66 75  78 e7 28 1d    $...{.y.oYfux.(.
10c0: 28 c5 f7 8b  ff 22 f5 44  c2 9f b1 0b  45 54 c3 36    (....".D....ET.6
10d0: 58 ea 24 ba  3f dc bf 70  93 28 5f 26  ea d2 f1 5b    X.$.?..p.(_&...[
10e0: 39 d6 27 0f  4f 74 9c 22  24 b3 72 07  7e 17 32 31    9.'.Ot."$.r.~.21
10f0: 66 f8 c1 3d  21 69 ae 08  79 ac b2 0c  af 0c 00 8a    f..=!i..y.......
1100: 3e 58 56 5a  1c a0 1c 9e  c4 57 9d 0f  d4 85 91 a9    >XVZ.....W......
1110: 7f 9b 59 48  53 04 98 60  30 01 3b ef  0c cb e0 ea    ..YHS..`0.;.....
1120: 55 2c dd ed  6c 38 71 bd  53 6e 0f 1a  6f f8 b1 28    U,..l8q.Sn..o..(
1130: a1 10 20 9c  fb 07 42 b2  d2 5a 3b 81  e6 b2 f5 01    .. ...B..Z;.....
1140: bc 09 56 b9  c1 e7 19 a6  52 55 09 38  e8 42 da 92    ..V.....RU.8.B..
1150: 25 11 ec 6e  66 3c 03 d9  36 68 d4 ab  8e 76 55 95    %..nf<..6h...vU.
1160: df db d9 42  1e d0 a1 85  e8 87 42 0a  e7 17 2d 19    ...B......B...-.
1170: 03 28 33 0a  a4 84 45 f3  08 c4 db 7d  2b c0 2d bf    .(3...E....}+.-.
1180: eb b7 c9 37  ad f5 03 96  76 bf 95 1a  09 29 9b f9    ...7....v....)..
1190: b1 04 26 cc  ab c7 0c 8e  11 e2 1d 15  7a 2e bd 3d    ..&.........z..=
11a0: d9 8b fa e2  1f c8 ee bd  d2 a9 66 55  fc 20 c1 ca    .........fU. ..
11b0: f6 6b ce 69  09 c0 b8 fc  2e 7c df 8f  47 5b e1 c2    .k.i.....|..G[..
11c0: f6 af eb 24  81 bc c5 a9  28 81 2a 4e  eb 58 af 82    ...$....(.*N.X..
11d0: 9d d2 c8 f3  9e b7 fb 86  d1 36 cf 36  70 2a 30 e6    .........6.6p*0.
11e0: 2c fd cb d2  16 a0 3c 94  f7 4f 7c 71  f7 c1 a1 77    ,.....<..O|q...w
11f0: 1f 3f d2 db  fe 6c fa 82  35 b0 e7 ef  55 03 10 92    ?...l..5...U...
1200: 1a 30 f8 66  44 99 f4 d1  a3 38 c7 a2  97 42 56 37    .0.fD....8...BV7
1210: 0e 9e 34 99  9d 0c 58 98  36 78 c1 27  e7 e7 a2 d5    ..4...X.6x.'....
1220: 05 51 c2 71  e8 fe 72 0d  b7 c3 04 e6  ba 2a d9 65    .Q.q..r......*.e
1230: c8 3e 5c 6b  b2 30 b4 10  6c d6 c2 21  b4 36 23 e2    .>\k.0..l..!.6#.
1240: f5 f8 2c 5d  9f f2 32 5b  c0 01 eb 3e  ab 5a a0 ec    ..,]..2[...>.Z..
1250: 96 03 5a 7a  7f c0 04 24  5a da 41 62  30 35 4d 33    ..Zz...$Z.Ab05M3
1260: bf e3 cb 5f  ce 93 78 2f  26 81 50 0e  0f ea 4d c5    ..._..x/&.P...M.
1270: 4b db d0 bb  aa a2 ce 03  ec fa b8 87  5a 12 d9 89    K...........Z...
1280: 79 6d 67 e3  f8 69 c3 78  66 d8 c7 9c  c7 ff 92 6c    ymg..i.xf......l
1290: 2d 34 bd b0  5c c5 ed 78  81 23 e7 d0  3f 3a f9 52    -4..\..x.#..?:.R
12a0: 98 a3 d9 03  b9 5c e8 d1  a5 b2 c8 61  c4 0d 9d cb    .....\.....a....
12b0: 77 24 99 7e  d8 0a c7 fd  f1 ad 35 f8  f7 6a 4a ee    w$.~......5..jJ.
12c0: 41 0a d1 27  c5 c4 60 de  8e 94 a7 b1  5a e5 87 70    A..'..`.....Z..p
12d0: 61 85 ae 26  10 22 16 79  08 c0 bd bd  98 4a b1 93    a..&.".y.....J..
12e0: e7 18 4c 75  b2 ca 1f 74  27 0f 1c ab  b5 6e 45 95    ..Lu..t'....nE.
12f0: f8 d7 b7 57  14 66 ef a8  73 53 27 27  be 37 8b 9a    ...W.f..sS''.7..
1300: fb a9 ac 13  e2 80 f0 52  98 d7 5f b6  6e 69 a2 6a    .......R.._.ni.j
1310: 3c a3 20 3d  09 36 79 ea  f2 b4 27 64  e4 d0 43 57    <. =.6y...'d..CW
1320: 58 28 02 9d  ad 5b 9d a9  09 bc 8b de  cc 07 7d fd    X(...[........}.
1330: 72 df 86 a7  e4 eb e3 55  dc c1 82 b6  5d f3 ea e3    r......U....]...
1340: b9 fe f6 a2  4f ab e1 5c  f5 07 57 69  9d e5 5e 99    ....O..\..Wi..^.
1350: 02 38 99 df  65 e7 22 fb  83 f7 6c ec  d7 45 7a 96    .8..e."...l..Ez.
1360: a1 62 ea 6e  a9 62 d8 e6  30 09 11 cf  43 d1 38 30    .b.n.b..0...C.80
1370: 07 9a b2 18  7f 99 34 fb  b6 41 a3 b3  8d d2 1b 38    ......4..A.....8
1380: b8 a9 d1 5f  27 d5 bf ee  18 77 4f 08  5c 88 6b 25    ..._'....wO.\.k%
1390: 66 fe ce c6  d3 89 22 58  ac ac f1 43  ba 54 6d 61    f....."X...C.Tma
13a0: 0a ac 9b 8e  de f9 6b 9b  e8 1a 6f 96  5d 68 79 fe    ......k...o.]hy.
13b0: c8 fe 65 1f  75 32 24 66  55 e6 e0 26  d6 54 36 8b    ..eu2$fU..&.T6.
13c0: 34 2f 84 b7  23 f1 f0 08  6d 6d 4d bd  97 47 5c 96    4/..#...mmM..G\.
13d0: 12 55 29 9d  a6 fe 74 eb  9c 24 ac 5a  99 c7 5b e3    .U)...t..$.Z..[.
13e0: 87 86 0f f9  64 aa f2 e3  c7 6d b4 46  cc 69 6e a6    ....d....m.F.in.
13f0: b4 48 67 ad  9e b4 be 2d  e0 7a bc 0b  57 64 01 ad    .Hg....-.z..Wd..
1400: fd 43 fb b9  92 75 bf 26  49 70 00 00  7d 93 cd 04    .C...u.&Ip..}...
1410: db df 81 5e  54 ab ca c9  c0 d2 9a 00  84 3c 37 1f    ...^T........<7
1420: de 35 86 e7  d5 64 95 e3  c4 ef 4b 3b  a6 30 44 65    .5...d....K;.0De
1430: 71 06 99 8a  76 de 12 8d  35 8c e9 76  7f 5c 12 53    q...v...5..v.\.S
1440: ae b1 bc a5  4a b5 3d 42  25 d4 30 89  37 c2 0a 79    ....J.=B%.0.7..y
1450: f7 fb 46 29  2a ca f3 48  f8 34 7b a2  7f df 6f 09    ..F)*..H.4{...o.
1460: 1e 49 09 83  51 08 db 5f  e2 7f 80 ca  46 79 1d 13    .I..Q.._....Fy..
1470: 5d a2 2c 49  b6 ba a1 0f  52 15 45 ac  2e ee 51 15    ].,I....R.E...Q.
1480: d1 52 7e 63  26 72 a6 df  a5 1e 10 b8  e5 b0 b4 3a    .R~c&r.........:
1490: e9 f7 e6 11  36 c3 54 7a  7f 71 25 24  ad 17 c3 e1    ....6.Tz.q%$....
14a0: 5e cc a5 a6  41 33 b4 d0  14 9f ad 4f  d3 59 0d 9c    ^...A3.....O.Y..
14b0: e5 6f d0 80  04 50 a1 f9  f1 4c 91 eb  76 77 78 28    .o...P...L..vwx(
14c0: 12 3b af 7b  90 12 f6 8e  00 60 ac 49  96 ac f3 d6    .;.{.....`.I....
14d0: d2 23 1c 6d  58 d1 cf cb  69 86 62 05  7c b0 85 40    .#.mX...i.b.|..@
14e0: 3d 74 f5 8c  28 b0 88 24  b6 8f f7 b8  1a f9 ca 93    =t..(..$........
14f0: ba 91 6b 8a  07 dc c2 69  02 a1 6a fc  02 fc e3 46    ..k....i..j....F
1500: ca b5 44 34  a8 be a3 c4  f2 ce f7 26  0f 34 c8 a6    ..D4.......&.4..
1510: db b7 52 00  12 eb 8f 4d  74 e5 a4 95  13 ff 59 44    ..R....Mt.....YD
1520: 09 87 3e 38  73 43 35 19  26 8c 9b cb  b5 df 85 e8    ..>8sC5.&.......
1530: 90 63 c0 d0  cc 0a 9d 71  11 cb ba e9  7f 26 e9 4f    .c.....q.....&.O
1540: 78 ff 74 24  22 ee 52 e4  a6 06 78 21  6d 7c f1 98    x.t$".R...x!m|..
1550: c5 01 d1 04  d2 d5 86 1a  0d 69 bf 34  c4 98 09 94    .........i.4....
1560: 8d e6 d5 c6  d5 3f 56 40  ea 6a 1e ec  27 51 33 fd    .....?V@.j..'Q3.
1570: ad 76 9b 03  db 3f b7 35  db 2e 0b d0  2f 41 29 10    .v...?.5..../A).
1580: 63 39 06 05  f7 33 94 cf  0d 84 20 8a  8a 7a 51 d1    c9...3.... ..zQ.
1590: ad 01 09 6a  a0 23 4e 61  f8 77 2a d5  d3 bf 67 92    ...j.#Na.w*...g.
15a0: 61 e2 1a ae  24 8a 25 f9  19 75 5a 72  a0 b0 97 a7    a...$.%..uZr....
15b0: b5 42 d6 de  e7 3b 3a 4d  81 d0 1d 94  4b f7 5b 97    .B...;:M....K.[.
15c0: 7c c0 38 47  58 0e 59 b8  a5 af 5a a2  ce a6 62 89    |.8GX.Y...Z...b.
15d0: 1a 98 ce 64  05 48 9c 7a  04 a6 ac a2  bf 7d 71 51    ...d.H.z.....}qQ
15e0: 11 3f 70 fd  79 16 87 ba  1b 1e 3e 50  c8 4a 4d a4    .?p.y.....>P.JM.
15f0: 96 36 35 50  36 e4 29 37  d0 18 23 34  a4 1f a6 bf    .65P6.)7..#4...
1600: 4e 5e fe 74  c8 bc 68 06  cb a5 35 9b  aa 00 a6 df    N^.t..h...5.....
1610: 53 0a 3b dc  e1 90 d6 4a  da c3 42 dd  eb 44 49 93    S.;....J..B..DI.
1620: 22 2a f8 f5  a5 0b 01 e8  2b 9e bd f9  d9 50 11 fc    "*......+....P..
1630: 44 32 19 e1  f7 c9 3a a6  4b 47 46 f1  77 d7 8e 25    D2....:.KGF.w..%
1640: e2 fc 76 79  4f 99 9c f0  85 68 f9 c7  c7 c5 60 9a    ..vyO....h....`.
1650: 39 ad 6e dc  5b 7b b5 9b  a8 e1 5c 14  9b cc 2d 27    9.n.[{....\...-'
1660: 09 d2 87 08  8c c4 94 ac  50 d9 86 bd  b7 b3 f0 44    ........P......D
1670: 03 21 24 21  69 2c a2 89  eb fe 65 e0  f2 fc de 9d    .!$!i,....e.....
1680: 79 b0 ac f5  13 7d 1c e4  e9 d1 e8 b0  4c f4 93 af    y....}......L...
1690: 6c 26 83 d1  93 67 cc 4d  c5 74 f8 a4  ad ee 5b e7    l&...g.M.t....[.
16a0: 98 74 f5 b4  55 8a 40 21  37 d0 7d 61  07 1b cb 76    .t..U.@!7.}a...v
16b0: 22 37 ac 77  e2 09 bc e9  93 cd f8 a8  fc f1 7e 16    "7.w..........~.
16c0: 83 9b bc 64  82 94 b6 77  df 80 75 59  a9 00 e0 36    ...d...w..uY...6
16d0: 4d 65 bd 0e  4e 2d ec be  c1 13 7e 85  ab 9a 4b 43    Me..N-....~...KC
16e0: ce f2 6c 4f  37 7a 5b 6e  ee 9e 33 70  4e 5b d8 c1    ..lO7z[n..3pN[..
16f0: 0c a9 5e 93  1a b1 3f 2f  ea ef 36 1e  02 1d 5f 1b    ..^...?/..6..._.
1700: 7c b9 01 01  d5 f8 cf c0  32 f2 fb b6  71 bb b6 05    |.......2...q...
1710: c7 2b fd 0a  b9 74 0e 9e  20 5f eb be  e0 d3 5c 4b    .+...t.. _....\K
1720: 3b df e5 c0  3a d3 14 f0  87 aa c0 8d  60 8a f1 b0    ;...:.......`...
1730: e9 99 cf 75  d8 01 ee 89  c3 24 82 11  b3 8d cb 5a    ...u.....$.....Z
1740: f2 92 da 8e  0b 38 aa 28  e4 7b 51 82  4f 88 70 88    .....8.(.{Q.O.p.
1750: f8 70 d1 d8  fb 58 e2 65  e1 9e e8 46  21 86 2f 9f    .p...X.e...F!./.
1760: bb d1 3a 1c  86 d8 5e e2  df 6c c7 ff  7b 34 21 0d    ..:...^..l..{4!.
1770: 75 77 04 ae  bb 4d ab 30  cd ce 65 4c  54 fe 26 59    uw...M.0..eLT.&Y
1780: f1 b1 63 13  ba 14 8e e4  f6 aa b5 1a  c4 4b 83 e6    ..c..........K..
1790: 43 1f 1b 2f  1c b7 bb e4  71 ea 1a 3c  af e8 7e b2    C./....q..<..~.
17a0: 96 e1 68 64  c2 54 62 b9  21 01 95 84  05 14 d7 83    ..hd.Tb.!.......
17b0: 47 51 60 88  7b ba e2 22  c3 aa 27 44  db e1 41 fd    GQ`.{.."..'D..A.
17c0: 16 2d ba 2e  e4 d8 89 0e  5b c5 fc bd  8b 52 c3 a9    .-......[....R..
17d0: 87 f6 5b 6e  84 de c2 d7  a2 17 ea 02  aa 7e 1d 06    ..[n.........~..
17e0: a8 9a 8c 02  4b 78 4a db  fa ad fe b8  49 c2 36 93    ....KxJ.....I.6.
17f0: 56 21 da 42  a8 02 41 01  14 7b db 4f  70 6d 50 80    V!.B..A..{.OpmP.
1800: a0 8d e3 b7  48 31 c8 f0  5b c7 3d 63  37 9f e9 89    ....H1..[.=c7...
1810: 53 1d ac 4b  4d cf be 6d  9e 7c b7 24  69 2b 12 ef    S..KM..m.|.$i+..
1820: 78 1b e7 85  05 f0 36 17  41 77 74 cf  e9 c9 8c dc    x.....6.Awt.....
1830: 81 6e 81 d7  dc b0 af 74  ea c2 16 8a  24 f0 cd cd    .n.....t....$...
1840: 22 e6 f8 9c  e9 38 4c ed  4a 4a 7a 55  7e 31 1d ba    "....8L.JJzU~1..
1850: 0e 3c 9f d0  cc 83 c9 6b  a4 26 22 76  6b 24 0e b6    .<.....k.&"vk$..
1860: 11 fe b7 9a  12 83 1c ed  98 f0 1b 7a  bd 29 dd 29    ...........z.).)
1870: f7 d5 df 30  c1 52 57 8a  3c ef f1 ea  d1 92 a0 75    ...0.RW.<......u
1880: a7 df 52 e1  a1 e2 cd f4  f8 29 ae ca  70 a2 fc df    ..R......)..p...
1890: 73 49 0f 7f  06 59 e6 eb  b0 53 96 41  95 22 f8 5e    sI...Y...S.A.".^
18a0: 57 cc 00 35  78 97 07 23  2b 5f c7 b5  45 11 32 02    W..5x..#+_..E.2.
18b0: fd 85 53 b6  b4 83 74 42  81 df b0 ed  49 e2 66 76    ..S...tB....I.fv
18c0: 17 a9 c8 77  04 ec 93 8e  a9 8f d7 4a  b5 a1 5f 25    ...w.......J.._%
18d0: 6e 50 b4 1b  5a be 0d 09  bc ae 63 eb  18 3e 6e 53    nP..Z.....c..>nS
18e0: 8d 1e 34 ce  c6 e8 63 c8  9c 31 84 63  25 bb 6b bd    ..4...c..1.c%.k.
18f0: b2 c4 fc 3d  66 95 a5 29  bc 7b a4 bf  2e 15 aa 56    ...=f..).{.....V
1900: a1 64 49 8f  18 82 b0 27  95 76 ba ee  04 99 3a f5    .dI....'.v....:.
1910: 01 44 e7 7c  07 f5 c1 21  29 a4 31 77  a9 4b f6 0e    .D.|...!).1w.K..
1920: f6 8c 96 89  14 47 d1 07  95 07 a2 b0  56 7e c0 cc    .....G......V~..
1930: f9 23 ef 76  16 cc af e7  ab 8a d9 b5  5c 35 da 27    .#.v........\5.'
1940: 5f 9f f5 dc  31 dc 12 b7  3e ec 49 85  51 0a b3 76    _...1...>.I.Q..v
1950: 13 80 26 86  19 c7 61 0a  4f 54 e3 2f  6a 2a 87 5f    ..&...a.OT./j*._
1960: bb c6 7f bb  50 d6 2c 18  70 84 a7 1d  e7 56 7a ca    ....P.,.p....Vz.
1970: fc e4 aa 5e  e2 c3 d3 cf  80 cb 35 09  80 17 58 f2    ...^......5...X.
1980: b3 cd 95 e6  c3 da d4 9a  bd 0d 9a 99  40 85 54 50    ............@.TP
1990: 09 7d f2 88  30 35 3b 88  0f 33 bb 89  3b 40 65 39    .}..05;..3..;@e9
19a0: ba f4 ca c9  b1 f2 82 b4  8f fa ed c1  2b fa 44 85    ............+.D.
19b0: 57 1f 29 ab  dc 43 48 6d  88 86 71 0a  4a 96 b5 bb    W)..CHm..q.J...
19c0: cb 06 b6 99  a2 b5 01 85  aa 48 14 7b  9e 31 87 4f    .........H.{.1.O
19d0: 0b a6 4b c3  b6 6b 82 8c  e8 e6 65 c6  1b 36 52 66    ..K..k....e..6Rf
19e0: bd d4 75 45  90 f5 ba a1  2d 29 59 bb  fd 0c c9 5d    ..uE....-)Y....]
19f0: 1e c8 12 38  c0 d6 05 00  5d c8 d9 01  d2 f2 fd 74    ...8....]......t
1a00: bf d5 3d cd  78 79 40 ad  11 d3 e6 f6  b7 8e 1b d4    ..=.xy@.........
1a10: ba 0a 3a af  75 ed b6 c6  c2 24 03 d3  71 99 06 b2    ..:.u....$..q...
1a20: f1 83 5a 36  d7 34 4a 15  4c 06 20 f5  2f b5 d6 e5    ..Z6.4J.L. ./...
1a30: 70 bc 3c 40  a9 7a fa 17  40 e1 0e 04  71 43 20 16    p.<@.z..@...qC .
1a40: 0f cd 03 75  78 d5 41 f2  05 44 c9 af  2a ea c1 b9    ...ux.A..D..*...
1a50: 08 46 99 57  18 6b 9a 97  c7 e8 e8 f3  80 5a 6b a0    .F.W.k.......Zk.
1a60: 89 ef 8d e1  7f b7 fe c4  73 9d fb b6  4e 27 ae 81    ........s...N'..
1a70: 7d 9f c3 6c  50 27 14 c0  34 e6 eb 97  df b3 60 3c    }..lP'..4.....`<
1a80: 4c ec 12 9c  9d 9f f3 26  4b 79 5a 29  fd 94 3a db    L......&KyZ)..:.
1a90: f8 9d d5 ec  61 0d 10 c3  9e 15 18 48  8c 5b 04 e8    ....a......H.[..
1aa0: 26 8c cb 8f  cf 8c 02 78  6b d1 f5 9b  f2 9e 19 a0    &......xk.......
1ab0: 70 fa 43 75  e9 e4 a9 f8  7c 54 56 81  a4 7c fe 75    p.Cu....|TV..|.u
1ac0: 27 1d 57 6c  35 01 1d 2f  c5 b9 5c 56  1f 76 c2 c8    '.Wl5../..\Vv..
1ad0: e8 f7 ea d7  a9 4a 05 58  0f 75 25 00  92 17 12 03    .....J.X.u%.....
1ae0: 83 25 7b 62  50 79 a9 4e  08 39 22 ad  9d f1 bb d3    .%{bPy.N.9".....
1af0: a2 ff 0f 7d  cc 2a 2b 56  b1 0c 90 59  bb a2 8f 4d    ...}.*+V...Y...M
1b00: 63 ce 83 67  00 80 4b c6  11 83 5f 83  fc 40 51 a3    c..g..K..._..@Q.
1b10: c8 d5 27 0b  c6 5e 82 25  cc 1e c5 46  52 cf 4d 4f    ..'..^.%...FR.MO
1b20: a2 9d 68 50  65 1e 97 7a  ea 2e cf ae  f5 36 64 2e    ..hPe..z.....6d.
1b30: a8 f8 4d fe  f7 59 03 20  da 55 2a 62  71 61 ca 6d    ..M..Y. .U*bqa.m
1b40: c0 52 ad e4  8e 16 43 75  54 72 6b c3  9f 46 66 d2    .R....CuTrk..Ff.
1b50: bf ef 16 b8  9d a4 cc be  07 0d 48 d8  c0 1e 96 1a    ..........H.....
1b60: b9 46 2f a1  e3 a6 9a 29  29 b3 21 a9  7c 6c e6 2c    .F/....)).!.|l.,
1b70: a9 5c 3a de  75 34 6c 34  8f 77 2e 25  d7 68 1e ef    .\:.u4l4.w.%.h..
1b80: b2 c4 63 b0  8b d5 7e 13  8e 80 03 7a  6f 02 35 6e    ..c...~....zo.5n
1b90: 69 77 48 21  ed 3b 52 89  81 a5 33 46  ce 25 60 be    iwH!.;R...3F.%`.
1ba0: 3c e2 78 2f  a9 64 bb c1  a6 83 6f 3d  2a 48 4e 1e    <.x/.d....o=*HN.
1bb0: 2b 2f a6 53  35 cf 87 c2  39 d6 b9 91  17 b1 19 7a    +/.S5...9......z
1bc0: a1 f9 26 8c  92 b7 de 01  19 c1 eb 66  93 d2 1f 4c    ..&........f..L
1bd0: 16 81 b9 0b  ca 14 5d 1d  cf 59 b1 2e  df b6 f2 1c    ......]..Y......
1be0: 75 ef 50 57  bf 64 7a e4  e4 75 d1 83  1a 18 ed 4b    u.PW.dz..u.....K
1bf0: 13 1b a0 d3  26 7e 22 f6  73 4c 4e c1  4a f3 62 45    ....&~".sLN.J.bE
1c00: 8a c6 85 7d  74 0e 3e 07  0a a0 a5 b3  73 3a 7b 95    ...}t.>.....s:{.
1c10: fd 83 d3 0e  16 51 d2 8d  4b 5e 90 9c  e7 46 2e 9b    .....Q..K^...F..
1c20: ff f2 e6 92  cb 40 26 81  92 dd 4b 8a  90 62 98 40    .....@&...K..b.@
1c30: 7e 0e b3 fa  02 22 d9 06  1e 66 f4 df  b9 ce ae 78    ~...."...f.....x
1c40: cb 84 a1 2b  68 16 82 5b  e0 c4 f1 33  3b 63 9d f7    ...+h..[...3;c..
1c50: ff be f5 2e  cf 57 78 fb  d5 eb 19 55  6b c6 21 cc    .....Wx....Uk.!.
1c60: ea 44 a0 28  b4 4b 84 01  2b 4d 1d 8e  a5 ba a3 78    .D.(.K..+M.....x
1c70: 07 a5 92 a3  a7 0f cd 10  ce a0 3e b4  d4 cc ca 3e    ..........>....>
1c80: 90 08 a4 93  ec d1 88 de  23 21 32 e6  18 27 6c 44    ........#!2..'lD
1c90: 25 be b2 af  15 5a fd 53  c6 f8 cd 4d  42 91 2f f3    %....Z.S...MB./.
1ca0: 44 7b 89 c5  77 c2 db 41  7c 93 7f ab  d7 19 a0 a0    D{..w..A|.......
1cb0: cb 0a 29 90  e4 4c 34 6b  1f 4c 1c 8a  c1 8a 8f 50    ..)..L4kL.....P
1cc0: 5d 99 33 33  86 c6 f0 d9  16 ff cf 5b  0c 35 38 32    ].33.......[.582
1cd0: 28 57 af bc  ce 20 93 65  6d 87 cd 48  3d 89 5c 44    (W... .em..H=.\D
1ce0: 5f 6b 64 56  ba 08 02 62  a5 43 e2 70  d7 07 f6 9e    _kdV...b.C.p....
1cf0: 00 17 46 b4  d4 c9 5b f1  45 ff 3c a5  a5 64 61 06    ..F...[.E.<..da.
1d00: 2e 1e ba 94  e8 88 16 c2  15 34 8e 7c  3f 9f a4 ae    .........4.|?...
1d10: 23 0c c5 31  a1 ff 79 ff  04 67 9e cd  4d 1a ec 2a    #..1..y..g..M..*
1d20: 9b 32 ee 44  4f 79 e4 71  c9 d8 04 5e  89 a4 3e e1    .2.DOy.q...^..>.
1d30: 9e 43 c0 5c  5d 10 bc 05  ef 7c d9 e9  49 85 e4 6e    .C.\]....|..I..n
1d40: 35 8d d7 69  44 e4 04 13  a7 1e dc 51  16 6c aa e6    5..iD......Q.l..
1d50: e4 8f 27 81  d7 b0 28 04  1e d1 c8 83  06 b6 c3 b8    ..'...(.........
1d60: d3 96 f6 55  ea f5 c1 64  ab 40 b3 63  70 a3 fb 00    ...U...d.@.cp...
1d70: 15 0f 11 f8  38 98 03 ac  93 ef cc 39  0d ae 13 b0    ....8......9....
1d80: 24 1b 6d 4d  ce 2a e1 16  00 6b 56 3a  32 73 7d 7f    $.mM.*...kV:2s}.
1d90: 71 ee 8d 28  34 35 b4 4c  5b 74 85 99  f8 38 f1 ee    q..(45.L[t...8..
1da0: 4a 02 28 0e  1a bb 65 0b  83 81 a8 89  ff 41 ed 16    J.(...e......A..
1db0: 1e 20 8b ec  e7 f3 fa 18  ef 98 d4 ce  61 26 e5 7d    . ..........a&.}
1dc0: a6 28 96 9f  39 b8 d3 e4  21 18 af 58  86 5a 54 d1    .(..9...!..X.ZT.
1dd0: b0 b7 de 52  0e 1e 3a 00  11 84 b1 0a  3e 9f fb f5    ...R..:.....>...
1de0: 97 59 ee 64  e7 dd eb 86  be d2 2d e4  8e d2 ae 79    .Y.d......-....y
1df0: 8a f6 bf 1c  72 56 78 4b  4b 61 79 22  d2 0c 7b 91    ....rVxKKay"..{.
1e00: e7 27 35 d6  5a 89 94 e1  59 e7 8e 46  54 93 6d 77    .'5.Z...Y..FT.mw
1e10: 72 43 8f 95  31 7a 44 e4  2d 3c 2e 2f  99 69 1c f8    rC..1zD.-<./.i..
1e20: be 05 23 d0  45 5c 8c 6a  ea 95 8b a2  54 03 c1 70    ..#.E\.j....T..p
1e30: 76 f8 2c cd  d5 d4 55 1e  46 31 ec 38  8e de 82 70    v.,...U.F1.8...p
1e40: 63 21 13 ed  d0 49 cb d4  cd 03 f0 b0  10 a4 4f ee    c!...I........O.
1e50: b3 9e a1 e9  48 29 a7 b4  3f e4 43 ea  b2 0c 0a 0f    ....H)..?.C.....
1e60: e9 d0 97 ea  8c c6 a3 17  e0 e9 66 82  1b ed d7 2a    ..........f....*
1e70: 3e 5c e1 5d  a5 f0 ee c2  4d e9 19 cd  7b ff 02 73    >\.]....M...{..s
1e80: e5 9f df 06  a0 09 0a 14  b5 08 03 cf  f1 a8 76 47    ..............vG
1e90: 27 21 00 2d  10 b3 5c 2b  d1 fe c1 73  ce 41 71 80    '!.-..\+...s.Aq.
1ea0: 8e 80 21 7b  41 72 8a 9b  33 ad 06 92  ec 39 d1 45    ..!{Ar..3....9.E
1eb0: 59 9f f4 dd  c4 0a 62 88  66 bc 5c a2  42 ef 0e 3e    Y.....b.f.\.B..>
1ec0: fb fb 29 84  9a 43 ec 47  7d a7 6a 69  7e 3f b9 47    ..)..C.G}.ji~?.G
1ed0: 59 97 ac b4  c6 43 11 70  89 42 bf 66  a0 9f a1 86    Y....C.p.B.f....
1ee0: 83 77 01 d1  5e 9c 3a 84  75 1d 9a 2b  a9 0b f1 c2    .w..^.:.u..+....
1ef0: 19 18 49 28  0e de d2 84  a2 4c 18 e0  a1 d4 75 6b    ..I(.....L....uk
1f00: 79 c5 aa c9  47 18 85 ff  f8 6e 68 8f  79 cd b3 83    y...G....nh.y...
1f10: 6c 9e 32 e8  84 5c 9c b5  73 d0 4f 46  29 a3 d4 bc    l.2..\..s.OF)...
1f20: ab 04 a3 31  6b b1 48 44  55 30 ee 0e  a9 d9 37 60    ...1k.HDU0....7`
1f30: 34 02 7a a8  81 c2 b2 9f  44 83 a1 26  2f 01 dd 96    4.z.....D..&/...
1f40: c9 ac 90 a8  f7 b6 3b 24  6d 95 18 73  1f 42 bf 47    ......;$m..sB.G
1f50: 16 5a b2 d7  15 61 7a ff  e1 52 ab d5  5c 51 9e 80    .Z...az..R..\Q..
1f60: 78 3c 84 33  5a c6 df 27  55 d1 08 89  aa 89 fe 0b    x<.3Z..'U.......
1f70: 09 42 16 da  0e f6 ba 0a  26 99 dd 2d  d3 0b 1c 3d    .B......&..-...=
1f80: b1 ef 42 5e  89 9a 62 e7  75 51 0d f8  12 c3 37 5e    ..B^..b.uQ....7^
1f90: 36 79 65 ff  93 a4 16 45  85 22 f1 c8  38 3a 13 6b    6ye....E."..8:.k
1fa0: 5a 14 e6 b0  df f2 f9 87  1b 51 33 62  73 e7 c9 3c    Z........Q3bs..<
1fb0: 17 66 1a 83  ea 4c 96 5a  fe d0 12 58  22 99 c0 ae    .f...L.Z...X"...
1fc0: c0 70 92 92  7f 13 76 b6  d6 6f 35 a2  3b 17 cc 45    .p....v..o5.;..E
1fd0: 41 5d 25 04  b8 83 87 17  2c 65 11 be  38 5b ee d5    A]%.....,e..8[..
1fe0: 48 5d e2 28  58 8b f1 8e  04 91 14 97  c4 d4 49 5f    H].(X.........I_
1ff0: f5 0f b3 46  71 1b a9 84  b8 de ca d9  e4 2b ba 1f    ...Fq........+.
2000: 53 f4 e2 f8  45 64 e3 0d  2b 09 a6 48  02 8d 7d 67    S...Ed..+..H..}g
2010: 52 46 7c 9b  3d 69 bd 31  64 96 4c 52  a3 7d 3f e1    RF|.=i.1d.LR.}?.
2020: 12 95 a2 68  65 f1 30 6c  60 be 75 d3  fb a3 62 96    ...he.0l`.u...b.
2030: 9c a2 a9 ac  ea de 3c 23  da 2e 04 4b  b4 e5 b2 27    ......<#...K...'
2040: 9e 10 e3 5f  72 79 0e 26  8a d7 6b 42  ad ee db ab    ..._ry.&..kB....
2050: 87 7a aa 53  74 51 1e 8a  7e 60 1e 4c  5d e5 ff 8b    .z.StQ..~`.L]...
2060: 5a 6c 02 00  90 19 05 35  9d a0 23 82  d8 e8 76 e9    Zl.....5..#...v.
2070: 7e c1 b4 a4  f2 b9 b4 40  27 30 e4 94  22 0b 7d d1    ~......@'0..".}.
2080: a8 dd 59 87  a0 1d 06 7f  ea f9 6c 7d  1c 2d b7 14    ..Y.......l}.-..
2090: ee 10 6a 3f  5d e0 e7 a0  e7 67 02 a2  5e d0 89 6b    ..j?]....g..^..k
20a0: 67 c2 0e bb  7e 7e 1f bf  f5 09 c2 2a  75 9c 35 c7    g...~~....*u.5.
20b0: e6 7a 15 cc  57 5f aa 36  a5 4f 71 bf  c1 4e c4 ac    .z..W_.6.Oq..N..
20c0: 5e 64 bf a6  b2 c4 26 11  c0 8b f2 73  fc 18 98 0f    ^d....&....s....
20d0: 49 c5 35 b0  f5 32 d7 5b  93 0e 07 2c  59 79 1b 07    I.5..2.[...,Yy..
20e0: b9 75 e0 7d  bf 42 e8 89  90 54 78 24  eb 86 3d 0e    .u.}.B...Tx$..=.
20f0: 90 f0 5e 00  4c 5f 99 fa  8d fb d6 bc  4d 97 95 3d    ..^.L_......M..=
2100: 6b 3c 51 d2  97 78 e4 b9  a4 cf 63 d0  18 f2 c4 56    k<Q..x....c....V
2110: 6e 6b c7 c0  bd a5 43 dc  97 d0 25 ee  9d 52 3f 41    nk....C...%..R?A
2120: c1 1f 5d 49  09 8a 69 77  cb 61 eb 51  7b fd c2 77    .]I..iw.a.Q{..w
2130: d1 0f e1 b9  0c a9 9c 1c  8f 65 9d 9e  5d 55 a4 69    .........e..]U.i
2140: 7b f8 de 33  9b 33 57 06  03 30 63 9e  8d 91 8a 42    {..3.3W..0c....B
2150: a9 2c 71 a5  b5 a1 28 cc  b1 f2 be 8a  3c f3 d9 e1    .,q...(.....<...
2160: 38 1d 57 c5  a9 78 df 03  4c ba 42 0e  9f 00 a8 9a    8.W..x..L.B.....
2170: c7 78 cb 96  7b 82 9c 3b  4a c4 94 fa  9e 7e c0 1a    .x..{..;J....~..
2180: 60 23 83 81  24 bf 11 be  b8 23 b3 e8  ab 2f 98 3a    `#..$....#.../.:
2190: e4 13 a0 2a  fa 9b 9b f3  38 04 4f 72  d5 7e d2 f2    ...*....8.Or.~..
21a0: 40 ff 5d 26  66 a5 c2 0f  63 c0 cd f0  09 d4 ea ec    @.]&f...c.......
21b0: 0b 01 c3 39  8c fb 54 8e  70 c3 39 59  60 47 0f ba    ...9..T.p.9Y`G..
21c0: d7 d1 e7 f7  f8 b6 92 10  38 3a b6 41  be 3e 3a 64    ........8:.A.>:d
21d0: ca 6c 03 8f  be 12 bd 35  7b db 62 00  d8 59 78 ac    .l.....5{.b..Yx.
21e0: ab 20 e5 89  c6 1f 5e 24  c7 24 bf ce  ef 25 9f 46    . ...^$.$...%.F
21f0: 96 56 ce 64  92 4b a0 34  d6 d6 7c 6b  da cf ba c2    .V.d.K.4..|k....
2200: 54 bb b8 ac  b7 04 1e a8  58 e3 d7 49  68 57 fa 1f    T.......X..IhW.
2210: 92 62 d9 7e  3f a0 39 c4  9f 7e 3a ce  4d 82 42 69    .b.~?.9..~:.M.Bi
2220: a5 c6 a4 86  75 d5 ff 44  cf 21 97 66  9f fc 14 04    ....u..D.!.f....
2230: 97 4c a8 d9  06 dd 5c 06  dc 8e 2e 4d  94 fb 0f 4d    .L....\....M...M
2240: 98 27 f6 5d  f1 d5 f6 de  d8 29 3c f5  b6 0b 0f 70    .'.].....)<....p
2250: 80 f9 ec 64  7f 37 76 38  32 b1 a8 e9  04 39 aa 7c    ...d.7v82....9.|
2260: b3 99 77 97  aa 32 32 5f  37 ec c6 70  81 c3 4e 1b    ..w..22_7..p..N.
2270: 3e 0e 59 17  38 f9 5f 07  7d 38 c6 1e  7a 58 7b ed    >.Y.8._.}8..zX{.
2280: 25 c7 c1 65  b0 5d 88 91  74 cd ab d0  65 68 89 c4    %..e.]..t...eh..
2290: f3 11 93 a7  42 34 2a 52  0b d6 9c 33  10 23 69 4c    ....B4*R...3.#iL
22a0: 72 c7 68 53  8e 65 ec 07  60 92 07 52  c4 81 ad 00    r.hS.e..`..R....
22b0: fe a9 f8 df  de 5f e8 d6  09 aa c7 b0  9c 9a d3 e0    ....._..........
22c0: de aa 6b d4  5d 5e 16 7c  57 4f 28 a7  1c 11 3d ff    ..k.]^.|WO(...=.
22d0: 95 fb 75 30  f1 88 c3 c8  e4 30 3b e9  5a b6 a7 3e    ..u0.....0;.Z..>
22e0: cf 2f 81 fc  4b 7c de e3  6f 1e 9a a3  94 9a 23 63    ./..K|..o.....#c
22f0: 64 47 79 ef  f5 ad b4 37  b8 de 42 6d  6e fb 3c 84    dGy....7..Bmn.<.
2300: 4e 7c 3d 49  a6 0a 1c 76  d9 51 f5 2d  15 24 8d 50    N|=I...v.Q.-.$.P
2310: a6 e0 d8 56  ad 9a ab 44  0d 06 69 b5  e4 bb fd b2    ...V...D..i.....
2320: 5c a0 7b a6  59 93 27 f3  4d f9 30 de  b6 70 3b 1b    \.{.Y.'.M.0..p;.
2330: 70 83 d3 08  a6 6e 3e 4e  93 df b1 23  bb 55 88 59    p....n>N...#.U.Y
2340: 68 97 35 30  f6 d6 22 f8  23 fa f3 bb  8c ba 1b b6    h.50..".#.......
2350: 0c 76 57 3c  3c b4 d5 41  82 f4 62 e0  e3 6e 8f d3    .vW<<..A..b..n..
2360: 1c c7 bf 8d  44 00 4f e4  e4 bd ae d7  d4 4c 14 6d    ....D.O......L.m
2370: fe cd d6 06  59 13 fa 9d  0e 37 8c 2c  4f 6e 14 5d    ....Y....7.,On.]
2380: fe 1c 53 0f  a3 c7 ee a9  eb 6b 12 c6  fb db f5 77    ..S......k.....w
2390: 99 d1 24 92  3d 84 d6 42  8b 1f 8e 84  bb c9 f4 c1    ..$.=..B.......
23a0: 34 5e 1c 60  da 38 c3 b1  63 39 06 ac  48 7e 7d 6d    4^.`.8..c9..H~}m
23b0: 43 01 e4 b7  82 41 5b 5a  a8 ab c8 a2  a4 8c d0 8d    C....A[Z........
23c0: f4 40 3f 39  4d 71 49 9e  12 7f 6a 85  02 b8 8e 94    .@?9MqI...j.....
23d0: 57 85 63 f7  4d 86 61 5d  55 96 fa b3  5c 06 fa ac    W.c.M.a]U...\...
23e0: a7 81 f4 c5  c6 91 80 ff  02 19 07 59  9d 3d 97 70    ...........Y.=.p
23f0: af e9 51 25  0f 39 c4 1b  bf b6 95 6d  8e 4e 7a ff    ..Q%.9.....m.Nz.
2400: ce dd 0c d5  1e ab bf 00  3b a7 19 0e  b0 48 e5 6f    ........;....H.o
2410: 0d a8 a1 de  aa 9f f9 b7  8b d4 99 75  14 d6 d4 eb    ...........u....
2420: fe d7 9a 4f  4a cf 5b 55  ed a3 11 f6  4e 79 3a 19    ...OJ.[U....Ny:.
2430: fb 16 f5 50  65 bc b7 38  d6 9a c9 85  f0 44 6a fc    ...Pe..8.....Dj.
2440: 9e 20 bc 91  5c c9 c7 d7  48 eb ae 9e  48 3f f8 2c    . ..\...H...H?.,
2450: 69 1c 91 93  1c 9c 5a 9e  7a 53 0a 8a  92 99 11 da    i.....Z.zS......
2460: 9c 0a d2 21  31 a5 23 e1  b7 9d bb 8d  ce 4d d0 58    ...!1.#......M.X
2470: 7b 47 16 6d  28 b0 11 75  8b 44 f2 14  13 8b 6a 8c    {G.m(..u.D....j.
2480: b3 99 4e 47  c2 a1 5e 2c  f8 0e 30 a9  5d d6 7c 89    ..NG..^,..0.].|.
2490: cb 7d d4 66  5a d3 09 22  8a 79 95 ff  0c f5 84 f2    .}.fZ..".y......
24a0: 3c 38 c9 dd  b0 2a 43 ab  0f 21 39 d6  47 e3 da aa    <8...*C..!9.G...
24b0: 8e b8 c9 fe  db 2c 0d c3  ec ce 8b 13  3a 43 22 80    .....,......:C".
24c0: 1c e0 f6 96  84 16 cd 34  af a5 e5 62  ef 89 69 8e    .......4...b..i.
24d0: 38 62 8e 1c  22 03 b6 bf  bb 02 85 0b  f3 70 52 2c    8b.."........pR,
24e0: dc f2 e6 63  3b ea 05 56  72 2c 42 7e  72 c9 05 5d    ...c;..Vr,B~r..]
24f0: 16 cb 65 ad  1b 0f 7d 43  81 1d 4d 89  4d 61 d5 ba    ..e...}C..M.Ma..
2500: 5e c7 9a c7  27 e3 d5 1e  14 7c 9f c7  8a 6e 93 9c    ^...'....|...n..
2510: 72 f3 6e cf  d8 b4 26 40  98 28 64 7d  04 ea 30 4c    r.n...&@.(d}..0L
2520: a9 c3 cc fc  68 f8 18 2f  a9 da 32 37  cc 03 60 45    ....h../..27..`E
2530: 92 77 45 6f  3d a2 77 f0  49 a6 e9 d6  4f 81 ae 75    .wEo=.w.I...O..u
2540: 7a a7 af 2a  db dc 04 3f  51 f0 66 96  2f 27 fc 8d    z..*...?Q.f./'..
2550: e3 7d 2d fb  e5 04 61 f1  cb 54 ac 4a  c1 53 ee 67    .}-...a..T.J.S.g
2560: ce 5a af 64  ed 78 33 96  15 6f e4 da  4a 73 be 2d    .Z.d.x3..o..Js.-
2570: f6 53 e3 bc  56 57 2c bf  2a 5c 65 92  0e ce 92 25    .S..VW,.*\e....%
2580: 8e fc e9 97  e6 25 60 20  f8 3b 28 da  ad 47 f5 84    .....%` .;(..G..
2590: bb 44 7a 1a  fa c4 49 c9  6a da 3c fc  c1 fd c2 52    .Dz...I.j.<....R
25a0: 4a 42 d6 6f  10 d6 33 0a  09 ab 71 63  68 7d 0d 7e    JB.o..3...qch}.~
25b0: e0 ec c5 35  13 63 ea 34  17 2f a0 16  47 d6 23 21    ...5.c.4./..G.#!
25c0: 60 10 82 be  e1 1d 04 a9  11 e2 b9 85  09 65 bd 5d    `............e.]
25d0: f2 a3 88 03  0b 2b 92 d8  91 41 0f 40  3d 9e 50 66    .....+...A.@=.Pf
25e0: 65 1b 53 27  db f4 00 48  fd cd 4d b1  ee 5c 8f 9d    e.S'...H..M..\..
25f0: 52 7b 8d c6  d9 05 25 97  d7 8c ed 55  2e 9f cd db    R{....%....U....
2600: 65 9a 77 b8  ff bf 2b 7f  7b e0 63 6f  95 48 94 b2    e.w...+.{.co.H..
2610: ae a2 92 24  4e f6 27 2c  13 ae 35 6d  88 53 d6 27    ...$N.',..5m.S.'
2620: 30 05 a3 cf  6f e5 9f 73  9c 8a de f0  c8 e5 ec 87    0...o..s........
2630: 57 80 aa 0c  95 89 74 86  62 4f eb 0a  a9 34 95 38    W.....t.bO...4.8
2640: 12 d2 5f 72  70 3e d0 4e  ca f1 3e 0d  e3 16 f2 c1    .._rp>.N..>.....
2650: a0 1d 71 2d  bf a7 89 b2  b1 2c 50 49  f7 69 50 d9    ..q-.....,PI.iP.
2660: 11 fe 14 34  dc 9c 24 5a  e2 5e b6 eb  c6 5e 98 e7    ...4..$Z.^...^..
2670: 0c f0 18 ae  62 23 59 24  00 49 7f 62  c4 aa 77 fe    ....b#Y$.I.b..w.
2680: fe 41 22 2b  32 41 ae 50  67 07 93 15  f9 d8 f6 ae    .A"+2A.Pg.......
2690: 88 ed e6 2a  dc fa 02 60  11 25 27 94  ee 73 e9 5d    ...*...`.%'..s.]
26a0: 4a e0 0a bd  d3 35 ab f0  f0 15 cc 08  d7 ab 4e 2b    J....5........N+
26b0: 09 cb 76 36  26 61 14 69  86 1a 1a ba  f9 cd 56 58    ..v6&a.i......VX
26c0: 3d a6 bc 72  a5 d6 f1 e5  1e 67 44 20  ae 5c 16 34    =..r.....gD .\.4
26d0: cb 2f 23 39  a8 3d f1 51  e3 04 d7 a6  41 87 e7 cb    ./#9.=.Q....A...
26e0: d4 3e ad 84  6e b4 88 fa  7c 1c 98 c8  08 5a fd b1    .>..n...|....Z..
26f0: b8 17 fe f4  f2 88 b6 b9  c5 c4 c1 62  12 88 49 04    ...........b..I.
2700: 94 c5 e4 07  05 26 d0 6a  46 b2 9a 5a  ce 91 89 3b    .....&.jF..Z...;
2710: 40 4d bd bb  34 28 4e a3  86 56 60 3b  35 8e b1 b0    @M..4(N..V`;5...
2720: 0b 52 db 4e  34 32 d5 3c  f0 f0 93 f7  d7 0d 1e aa    .R.N42.<........
2730: da fb 5c 27  a9 68 7a 89  a3 67 90 5d  6a 7d 01 39    ..\'.hz..g.]j}.9
2740: 8b e5 cf f9  e7 8f dd 37  6e 7f 28 45  d0 e6 ef 03    .......7n.(E....
2750: fa 5b 94 ca  bf ee 26 8d  a7 d9 e9 43  f8 27 c0 fc    .[....&....C.'..
2760: fb f1 d9 1f  66 fd 26 96  7c e9 0e f8  78 f7 75 22    ...f.&.|...x.u"
2770: 53 16 16 96  5e dd d3 48  f8 8c ce b1  0d 46 8e 4d    S...^..H.....F.M
2780: 92 34 e2 3b  ff 9e 3b e9  03 f4 7a 9a  c2 d6 57 09    .4.;..;...z...W.
2790: 0d 16 be 1a  6a df ed c0  f7 ae 32 31  84 e9 c2 3a    ....j.....21...:
27a0: df 32 36 3d  5e 72 2a b5  43 63 b1 f8  eb 14 29 34    .26=^r*.Cc....)4
27b0: 07 e7 97 6b  4a 0f 1a 79  b0 04 a9 70  32 05 75 f2    ...kJ..y...p2.u.
27c0: d7 c4 6f a4  ee 77 3a d8  74 06 ef 7a  ac aa 6e 89    ..o..w:.t..z..n.
27d0: 85 fa 68 c3  a9 dc e2 9c  42 3a 9e 51  a6 62 13 56    ..h.....B:.Q.b.V
27e0: 93 a2 76 44  b2 ba e7 bb  85 4d 7e f3  50 8d cb f8    ..vD.....M~.P...
27f0: f3 8b 1e 57  15 ef 7e 83  4b c3 ff 6f  df be c6 f6    ...W..~.K..o....
2800: 2a a6 2e 59  76 8b db 15  c4 b3 5c 8a  e1 e8 28 f3    *..Yv.....\...(.
2810: 9d c6 a2 a8  02 a0 d8 54  a7 36 e8 62  dc 34 e3 88    .......T.6.b.4..
2820: 6e f4 e1 c1  20 9c 93 37  38 99 86 94  eb d9 7f 59    n... ..78......Y
2830: 21 19 95 ba  f7 f1 bc 3b  75 10 50 a5  ab ae 5f fd    !......;u.P..._.
2840: 3b 5d 94 04  c4 92 b8 2f  7a 5b 6f 53  f6 fa cf d4    ;]...../z[oS....
2850: e0 79 f2 41  bc 1a 41 ce  69 30 6f ae  94 86 5f 04    .y.A..A.i0o..._.
2860: f6 f2 7d 99  0c cd 5a 6f  94 8a 5e 60  ad 60 f1 fd    ..}...Zo..^`.`..
2870: 72 3a c5 27  22 67 ee 06  e2 6a bd 71  fb 1e 13 12    r:.'"g...j.q....
2880: 5f 19 80 2f  f3 b5 4d cf  0d 5a 42 51  43 68 dd 67    _../..M..ZBQCh.g
2890: 0d b2 7f 57  56 98 e7 25  d2 a9 a8 ff  23 0f 22 07    ...WV..%....#.".
28a0: 85 ad 32 3b  e2 cf 04 1d  bb c1 29 af  de d6 41 f0    ..2;......)...A.
28b0: ce 29 c6 0c  7c d3 e7 05  cf 70 a4 f1  ee b2 ea 7d    .)..|....p.....}
28c0: 79 78 67 15  de 14 81 f8  e0 7f 18 78  e4 66 cd 43    yxg........x.f.C
28d0: 7a be 49 b5  52 d9 00 c2  1e 4d c7 db  ae 75 97 22    z.I.R....M...u."
28e0: 15 07 0c 32  22 5c 6d e5  5a e7 9d f4  11 04 52 42    ...2"\m.Z.....RB
28f0: b2 d5 3f ee  14 a8 e2 86  14 f2 fc 0a  24 a0 6e 4d    ..?.........$.nM
2900: 2b 69 21 de  61 48 6d c5  1a 61 2e f2  59 cb b2 58    +i!.aHm..a..Y..X
2910: 90 74 47 6a  90 4b fb bb  22 a2 fb 99  40 8e 93 d7    .tGj.K.."...@...
2920: 12 a8 a5 86  ae 10 3a b8  c8 71 a6 b7  ce cf d2 4c    ......:..q.....L
2930: 4d 50 c3 06  7c 19 44 12  82 51 6e 40  6f 7f 98 56    MP..|.D..Qn@o..V
2940: 97 45 9c 72  6f 37 29 31  ea 9d 81 98  9d ab fa 9d    .E.ro7)1........
2950: 56 d5 af 71  a3 48 1b 1c  29 c6 ed 39  dd ea 62 05    V..q.H..)..9..b.
2960: 8a 2e 1d 70  f2 d0 ac bd  09 fc 0c 29  0c cf 15 21    ...p.......)...!
2970: 89 7d 01 c8  92 f5 11 eb  54 85 7f 11  1c cf c0 28    .}......T......(
2980: 43 60 fc a4  7f 18 2d f5  1b bf e2 80  c5 44 92 c5    C`....-......D..
2990: c6 bf 36 a3  d7 b4 15 11  33 8a e9 16  09 33 05 06    ..6.....3....3..
29a0: fc 80 3d f9  f1 14 27 79  10 5b dd 15  58 e5 5a 09    ..=...'y.[..X.Z.
29b0: a6 53 ec 49  76 1d f7 fa  99 f4 83 16  6f eb 31 12    .S.Iv.......o.1.
29c0: d2 96 91 dd  d7 92 3e 7d  dd cc 5f 52  f8 50 d0 14    ......>}.._R.P..
29d0: 10 42 e2 d1  67 3e bf 3f  76 c3 52 4b  59 91 1e 33    .B..g>.?v.RKY..3
29e0: 84 eb 12 89  a2 72 01 d9  b6 ec 83 1b  05 07 dc 06    .....r..........
29f0: 0f 61 52 8e  4d 63 4c 9d  91 3f 50 1c  d9 9b fa 3a    .aR.McL..?P....:
2a00: ea a2 09 82  55 9d 77 f0  9d c6 17 6d  97 5e 20 cd    ....U.w....m.^ .
2a10: 7e 0c 7f 33  20 ba 1c c5  78 ac e9 3b  e6 06 77 b6    ~..3 ...x..;..w.
2a20: 39 dd c6 e0  30 bd 06 7d  54 b7 63 1e  bf e2 15 fd    9...0..}T.c.....
2a30: cc ce a3 c1  95 96 82 9d  1f ec 35 76  8a 3b 12 57    .........5v.;.W
2a40: 2d 7d fc 63  8e c5 f2 86  56 69 09 27  43 ce 22 33    -}.c....Vi.'C."3
2a50: 35 6d 14 ee  8f 3d 34 85  73 34 e1 3b  80 43 47 37    5m...=4.s4.;.CG7
2a60: b8 c7 63 43  dc 81 e8 8f  79 3a 1d 1b  fa 11 b4 72    ..cC....y:.....r
2a70: 17 fa 1d df  64 27 70 b4  c7 75 d2 f8  f1 f3 8a 30    ....d'p..u.....0
2a80: 52 c4 4f a5  21 80 ba 29  0b af 43 5c  d6 df ed 7d    R.O.!..)..C\...}
2a90: b5 70 b4 57  74 ac 49 2a  9a 83 95 1c  f1 c1 eb 44    .p.Wt.I*.......D
2aa0: ed a9 10 d2  36 e2 84 27  02 be 61 ab  04 f7 6a 36    ....6..'..a...j6
2ab0: d3 83 eb 75  e4 96 32 dd  24 18 df 8c  27 61 a1 61    ...u..2.$...'a.a
2ac0: d4 c6 a8 62  f8 13 d9 be  4a 56 9e 8f  dc 87 77 60    ...b....JV....w`
2ad0: a5 66 3b d2  17 d6 ba 62  00 b4 de b0  f5 6f c5 45    .f;....b.....o.E
2ae0: 26 3e d0 a7  a8 4c 8a 88  b0 cf ee bb  53 f5 ad 8c    &>...L......S...
2af0: 50 74 6f 34  0a 45 8a 19  bc 34 56 95  d4 e0 69 43    Pto4.E...4V...iC
2b00: b0 61 fb a5  bd f9 2e 80  be db 1f cf  06 2f 1c ac    .a........../..
2b10: 9c 9b 4e 3c  9f 14 5a 5f  b0 d3 8e f2  67 e0 c1 0b    ..N<..Z_....g...
2b20: e7 82 56 95  42 80 77 2b  0f 17 83 ae  58 dd c8 7a    ..V.B.w+....X..z
2b30: 37 03 fb a5  a7 19 d4 01  fe a7 95 31  4b 0b e7 27    7..........1K..'
2b40: 01 ec 7d 39  18 d0 38 71  d8 d7 43 21  c1 b2 9d 3d    ..}9..8q..C!...=
2b50: 05 61 5c bc  c7 62 3b 53  a3 1a 0a 19  14 5e b1 b5    .a\..b;S.....^..
2b60: 2c 69 53 56  51 e8 83 a5  c6 ab 7d 25  2f 89 f0 2b    ,iSVQ.....}%/..+
2b70: 1d 2e 49 91  d1 a1 a7 21  87 c0 13 a7  8d 08 a4 86    ..I....!........
2b80: 92 63 ab 27  6b 12 ea fa  96 0d 80 31  8f bd e2 fb    .c.'k......1....
2b90: 91 0c 14 25  b3 75 97 d5  9f 05 aa 20  a3 5d 58 9b    ...%.u..... .]X.
2ba0: 26 01 79 3d  e0 60 65 91  98 6c 50 b6  05 72 75 ed    &.y=.`e..lP..ru.
2bb0: fc d1 ba 40  e0 35 9f de  ff 83 86 96  30 46 d6 e1    ...@.5......0F..
2bc0: 91 aa 87 fc  19 dd 7a 0d  46 50 36 0d  22 21 2c a8    ......z.FP6."!,.
2bd0: 62 50 8c af  97 47 8b cd  cf fa aa ac  c0 10 21 05    bP...G........!.
2be0: 37 44 2c ba  2a 6d 92 8b  96 be 35 7d  b0 88 49 79    7D,.*m....5}..Iy
2bf0: 78 c1 05 8d  c4 bd 65 0b  19 05 34 f5  17 d7 37 25    x.....e...4...7%
2c00: 51 1f e1 f1  0f 0a 8d 82  9b 46 ef 2f  8b b0 13 10    Q.......F./....
2c10: 74 aa 23 8a  2f fa 1f 85  b6 50 b5 76  62 bb f3 01    t.#./...P.vb...
2c20: e9 e0 57 39  99 a6 66 2e  b6 b0 9b 90  14 c3 0d 0d    ..W9..f.........
2c30: 3c 85 5f 1a  ff fd a0 25  0a a6 28 31  79 56 fa 7f    <._....%..(1yV..
2c40: 40 4a c8 26  2d e1 c6 11  6d 5d 20 10  16 c2 60 d1    @J.&-...m] ...`.
2c50: a5 68 c7 1d  f3 5c fd d0  85 94 d0 1a  a6 45 0c 40    .h...\.......E.@
2c60: 14 e9 31 62  b9 fb 2d f5  60 e1 27 b7  91 65 3f d5    ..1b..-.`.'..e?.
2c70: 7c ca bf 53  7e a4 ce a4  c6 f3 4c 08  91 5e f9 d7    |..S~.....L..^..
2c80: bb 9a f5 36  86 41 1d 9d  cb f8 99 c6  ba 37 97 a9    ...6.A.......7..
2c90: 46 bf 0b d4  c5 70 b9 a3  e0 ad 19 6e  92 23 a2 44    F....p.....n.#.D
2ca0: a3 0b f0 12  ca 9a ab bb  67 96 2d 10  b5 14 0f f0    ........g.-.....
2cb0: 49 90 37 01  da 60 e4 98  6d 9e 56 14  82 bb 9f 92    I.7..`..m.V.....
2cc0: cf ff ad a9  96 7d d5 91  01 28 34 ad  d4 86 0a 9d    .....}...(4.....
2cd0: 06 24 01 18  91 dd 99 60  20 d0 15 65  85 ec 05 35    .$.....` ..e...5
2ce0: 5b 9b c5 41  14 f7 a8 b2  37 61 b2 a6  2c 48 1c 09    [..A....7a..,H..
2cf0: 43 fe d4 48  5b 2e 4e c1  39 10 d9 94  31 21 15 a0    C..H[.N.9...1!..
2d00: 28 90 38 20  1c 70 1a 18  68 52 51 04  9d 3d 00 25    (.8 .p..hRQ..=.%
2d10: 9e 8b fa 21  d7 c1 37 bf  f9 92 f7 7b  8c b8 a6 d3    ...!..7....{....
2d20: 16 3a b4 43  66 e1 bc fd  58 76 79 32  4d ab 7e 2c    .:.Cf...Xvy2M.~,
2d30: 73 6b 62 7a  62 31 78 ea  e4 d0 02 f9  ab 8f b2 9a    skbzb1x.........
2d40: 9b c7 ee ae  bf 44 d6 15  3e c3 aa 5c  f2 65 7d 5d    .....D..>..\.e}]
2d50: a6 48 2e 4e  e2 e4 1b 85  60 98 2c 1d  ec 9f e7 a3    .H.N....`.,.....
2d60: f7 50 fd 0e  1c 1e 95 38  f1 c3 d2 ac  eb 64 dd 6e    .P.....8.....d.n
2d70: 16 ae c9 31  57 26 c9 d6  1e 54 6c 0c  88 eb 57 78    ...1W&...Tl...Wx
2d80: ca bf e9 00  04 23 4a 82  b6 44 d8 a8  23 18 00 10    .....#J..D..#...
2d90: 2e aa 32 ee  51 57 52 a8  a0 b4 14 49  63 ff cf 2c    ..2.QWR....Ic..,
2da0: 92 1b c8 0c  f6 61 9f ee  d9 60 1f 09  8e 6c d1 b6    .....a...`..l..
2db0: f3 5e c8 74  cc 56 d7 a3  75 46 7c 6f  ad a7 c9 37    .^.t.V..uF|o...7
2dc0: ba 2b 7d 66  37 3b 35 91  af a0 85 08  b4 d3 d2 d8    .+}f7;5.........
2dd0: da b3 62 9a  6a 92 14 b1  24 10 14 2e  d1 cb 6d 73    ..b.j...$.....ms
2de0: 68 41 32 86  aa 03 a3 d0  04 62 6c 67  8f 1a 08 84    hA2......blg....
2df0: 3d 5e 26 f7  68 da 79 05  bd 56 4e 24  4f e3 9b 35    =^&.h.y..VN$O..5
2e00: ba e5 0e 3b  66 2d fb fc  51 30 0d 86  56 50 45 39    ...;f-..Q0..VPE9
2e10: b9 6b 6c 61  46 04 6b 02  8c 2d 52 9d  35 20 55 94    .klaF.k..-R.5 U.
2e20: ba 9b d8 f3  51 7e 8d 4c  43 57 3f 2e  23 5c 2a 45    ....Q~.LCW?.#\*E
2e30: 6d ab a4 63  47 a3 64 d6  32 38 67 05  e6 c7 b5 b8    m..cG.d.28g.....
2e40: 7e 7c 8a 42  68 c2 44 a7  a8 d1 9a a4  99 14 a5 b4    ~|.Bh.D.........
2e50: aa 34 ad a6  be 75 ee a5  e3 b5 75 ed  9a 8c 53 85    .4...u....u...S.
2e60: a1 4e 72 98  74 b7 94 f8  45 bb 36 ed  cf ae ff d4    .Nr.t...E.6.....
2e70: 7d 34 63 c7  8d 27 17 9c  3c 39 d7 73  d5 20 8a bd    }4c..'..<9.s. ..
2e80: a6 7e 36 4d  0d 0d 26 0b  7c 16 5c 78  84 74 9c 00    .~6M..&.|.\x.t..
2e90: 65 5f f4 80  07 eb 54 19  92 84 62 a1  00 60 22 b9    e_....T...b..`".
2ea0: aa 85 49 6c  16 2c 14 08  ce 86 17 ee  f8 77 21 22    ..Il.,.......w!"
2eb0: 00 59 64 42  5e 52 fb 4f  81 69 4a d0  4d 1b 77 35    .YdB^R.O.iJ.M.w5
2ec0: 74 9e 25 1c  f8 1e ea 54  bf 61 1f 80  97 96 1c 5f    t.%....T.a...._
2ed0: 19 20 b2 9e  f4 35 c5 29  ec 80 a5 06  e1 65 c9 05    . ...5.).....e..
2ee0: 94 12 2b e6  a4 b9 5d 74  f9 2d 4a 88  14 ca 26 50    ..+...]t.-J...&P
2ef0: 8c 27 66 76  28 1b cf 42  0c bf 6a 2c  9b 91 6d 67    .'fv(..B..j,..mg
2f00: 65 0a fc 6d  16 da 11 76  e3 07 6b 16  aa a9 58 01    e..m...v..k...X.
2f10: 23 a2 36 c7  f3 be 3b d0  42 b7 69 2e  ee b0 cf 1d    #.6...;.B.i.....
2f20: cf fc f0 99  e5 9f 96 9e  bb ab 2e 5e  5b 6d 5a d6    ...........^[mZ.
2f30: 39 a5 95 b3  02 5c c2 c8  4a 36 b3 c5  41 8c 45 93    9....\..J6..A.E.
2f40: 93 a3 0e 0a  d4 cf 13 83  96 7a 65 b6  2e b0 40 37    .........ze...@7
2f50: 9f 8e de 3d  0f ee 4e 9e  2a b7 3b 1c  2f 62 84 d2    ...=..N.*.;./b..
2f60: a7 a0 52 ae  48 92 d0 53  aa 67 60 8c  69 4e 76 8a    ..R.H..S.g`.iNv.
2f70: 3a 14 8e 62  24 29 00 a2  a2 a8 d8 28  00 20 50 1e    :..b$).....(. P.
2f80: f7 8c 3f 39  cc b6 38 73  a8 f7 57 25  d9 80 f9 ae    ..?9..8s..W%....
2f90: 74 f2 18 cb  a8 0e c7 41  f0 10 6c 99  6b 37 07 e2    t......A..l.k7..
2fa0: 03 86 63 52  4e 68 57 b1  03 4c 71 90  40 6b d1 23    ..cRNhW..Lq.@k.#
2fb0: 67 9a 50 7d  78 36 2c 8d  ab d6 49 25  66 0d 48 c5    g.P}x6,...I%f.H.
2fc0: 5d 80 09 90  cb de 97 d7  73 62 17 9b  7f f3 02 39    ].......sb.....9
2fd0: 0f bf 38 97  a5 69 8c 75  9a 91 51 bf  07 40 46 18    ..8..i.u..Q..@F.
2fe0: c4 5e af dd  87 51 cf 54  11 88 86 d6  1f ac cc 0a    .^...Q.T.......
2ff0: 3c c3 5b 60  8c 70 fb aa  4b 90 fc f8  63 c2 be d4    <.[`.p..K...c...
3000: 7f 6e 96 b6  4a ba c4 d9  35 ac ce 33  c2 f8 2a ae    .n..J...5..3..*.
3010: 04 17 45 55  e7 77 2c 4d  b5 ff de d6  55 65 00 0e    ..EU.w,M....Ue..
3020: 56 c6 12 1c  5a 82 21 80  81 26 58 ef  09 c9 40 40    V...Z.!..&X...@@
3030: 00 36 67 5f  f4 be eb ff  3f af e9 1f  dc f2 5b 06    .6g_....?....[.
3040: f2 e5 2d 09  8a 62 8f cb  6f 48 c6 6e  79 0c 6d db    ..-..b..oH.ny.m.
3050: 84 cf 32 09  b3 d7 26 ba  ad 94 b9 88  f0 7a 74 81    ..2...&......zt.
3060: 3c 0d 05 b5  83 8c d9 c6  42 6e 0b 6b  69 52 b0 14    <.......Bn.kiR..
3070: 44 7a 63 c5  2a e4 c4 73  9c ae f4 f2  e5 16 64 36    Dzc.*..s......d6
3080: b2 29 02 b9  27 83 d3 27  86 ab c6 6b  4f 75 f5 cf    .)..'..'...kOu..
3090: 94 99 52 eb  66 86 ff 0f  c7 53 16 4f  7b 07 c3 1c    ..R.f....S.O{...
30a0: 26 12 82 d9  4f 53 f6 e6  96 5a bc c6  67 12 6b 61    &...OS...Z..g.ka
30b0: 34 50 27 3e  63 25 c3 36  c0 18 50 00  60 18 e0 01    4P'>c%.6..P.`...
30c0: 2e 34 ad 94  a4 31 b4 a6  1a 98 e6 f5  25 34 08 84    .4...1......%4..
30d0: 01 c0 05 98  bb 10 31 96  94 cd e7 e0  7c 94 92 15    ......1.....|...
30e0: 95 87 56 28  df 59 f4 46  f4 e8 05 84  7d 0d d4 67    ..V(.Y.F....}..g
30f0: fc 26 ee b4  ca 30 cc f7  53 d2 8e 65  0e 22 79 8e    .&...0..S..e."y.
3100: 43 76 98 04  ba 45 3a 7f  e6 fc 32 61  36 67 21 c8    Cv...E:...2a6g!.
3110: dc 8c 31 8c  5e 1e eb 84  7c e0 7a a4  b3 73 b4 c0    ..1.^...|.z..s..
3120: 31 78 44 33  33 71 a6 f5  25 19 5d dd  e3 cb ed 96    1xD33q..%.].....
3130: 57 ef ae fc  2e f6 d8 88  f8 13 c7 36  57 d2 22 77    W..........6W."w
3140: b5 66 90 a9  ae c2 00 cd  1d 11 6a eb  ac aa 00 29    .f........j....)
3150: c5 d7 34 6f  8b 52 3d 74  b4 6f 14 00  00 0a 00 42    ..4o.R=t.o.....B
3160: 11 4b a4 7f  b2 00 10 8d  2a 1a d3 56  82 a0 d8 20    .K......*..V... 
3170: 10 01 11 57  0a 58 5d 2a  e8 aa 2d 6d  2d ad 2e 01    ...W.X]*..-m-...
3180: e0 9c d8 f8  75 6e 9d a9  7f b3 e1 bf  98 e1 fa fe    ....un..........
3190: 5c d8 9e be  e6 e9 4c b3  b3 ee 0b c7  8b 87 aa 36    \.....L........6
31a0: a2 e4 e8 8a  a6 e4 9f ef  e9 6c a9 23  23 df 92 d1    .........l.##...
31b0: b2 34 ff 6e  b7 e9 aa e6  1b 46 b1 96  cd 50 e1 3c    .4.n.....F...P.<
31c0: 59 55 f0 16  59 fc d1 19  f7 c9 b5 15  23 0c 75 98    YU..Y.......#.u.
31d0: 35 8a ac 21  bb 55 74 9f  47 9c 54 f6  be c1 51 ca    5..!.Ut.G.T...Q.
31e0: fa 92 34 53  23 52 6c 39  46 3e 0b ff  ee 57 aa 53    ..4S#Rl9F>...W.S
31f0: 40 70 fc 26  bc ff c2 ae  b0 9d 59 67  18 92 be 6a    @p.&......Yg...j
3200: 42 9f 86 03  3b 7f e8 8f  a8 f0 06 1b  94 d2 0f 3a    B...;..........:
3210: e3 96 db 95  62 86 e6 68  f1 5e be a3  c1 f3 ae 69    ....b..h.^.....i
3220: 63 90 59 70  b2 af ca 38  3d 2f 11 97  6b f2 f4 cc    c.Yp...8=/..k...
3230: 63 ab 35 39  79 a3 cf 3f  ef 17 db e8  dd 0a 3e ba    c.59y..?......>.
3240: b1 56 8e e3  21 45 22 e1  65 c8 a8 1b  14 c6 68 48    .V..!E".e.....hH
3250: aa fd 64 ec  1f 95 36 d7  2b df ea b1  16 47 1e 6c    ..d..6.+....G.l
3260: 58 d1 a8 a1  51 11 e9 15  d6 7a 51 dd  4f e6 4b 6e    X...Q....zQ.O.Kn
3270: e2 9d fe b7  1e 97 8a ba  5e 6a 11 87  71 54 fb 3a    ........^j..qT.:
3280: 9b b8 11 a7  39 fb 7c 11  1f 86 f1 e1  49 e5 a4 82    ....9.|....I...
3290: 08 0a 3a 61  54 ef 46 69  32 01 aa 71  a4 76 a5 a1    ..:aT.Fi2..q.v..
32a0: 8e 30 d1 14  dd 89 a5 77  71 57 88 43  32 09 ec 7d    .0.....wqW.C2..}
32b0: 24 f0 d4 f4  43 2c 02 84  01 25 5c da  fa 3b 14 40    $...C,...%\..;.@
32c0: 55 92 ae 31  62 da 59 a8  25 e0 21 e0  28 3c 55 dd    U..1b.Y.%.!.(<U.
32d0: 1e cf 7f 6d  ce 3b bf b9  af 7f 83 ba  36 bb a4 d5    ...m.;......6...
32e0: e5 f5 3a b0  fc 63 63 83  c5 ac 00 da  db b5 05 44    ..:..cc........D
32f0: ed a8 46 19  ba f1 77 3d  e3 62 e5 96  47 b9 ec fc    ..F...w=.b..G...
3300: 8f d9 1f 19  b9 aa f0 25  aa dc 4b 97  b9 7a 94 27    ......%..K..z.'
3310: ac ef f0 ea  6a 9f b2 80  89 54 76 c3  e7 b2 4a 82    ....j....Tv...J.
3320: 06 4e 58 76  85 34 e3 cf  69 6d b1 d2  60 9c c4 81    .NXv.4..im..`...
3330: 60 d8 ae b3  87 78 72 80  8b 07 33 ba  cc e2 70 aa    `....xr...3...p.
3340: c9 64 ba 78  dc b7 c8 27  4f d3 7e 1a  34 49 fa c7    .d.x...'O.~.4I..
3350: cf fc f3 9f  b5 a8 af 6f  dc 3b a5 c6  26 9b 0a 5a    .......o.;..&..Z
3360: b9 24*                                                .$              


2022-04-06 13:29:06 DEBUG cic.cs.unb.ca.jnetpcap.PacketReader    Read All packets on D:\870-DDoS\traffic.pcap
2022-04-06 14:46:46 DEBUG cic.cs.unb.ca.flow.ui.FlowOfflinePane    offline select input D:\870-DDoS\traffic.pcap
2022-04-06 14:46:49 DEBUG cic.cs.unb.ca.flow.ui.FlowOfflinePane    offline select output D:\870-DDoS
2022-04-06 14:46:54 DEBUG cic.cs.unb.ca.jnetpcap.worker.ReadPcapFileWorker    Working on... D:\870-DDoS\traffic.pcap
2022-04-06 14:46:54 DEBUG cic.cs.unb.ca.jnetpcap.PacketReader    Read All packets on D:\870-DDoS\traffic.pcap
2022-04-06 14:48:53 DEBUG cic.cs.unb.ca.flow.ui.FlowOfflinePane    offline select input D:\870-DDoS\traffic.pcap
2022-04-06 14:48:57 DEBUG cic.cs.unb.ca.flow.ui.FlowOfflinePane    offline select output D:\870-DDoS
2022-04-06 14:49:00 DEBUG cic.cs.unb.ca.jnetpcap.worker.ReadPcapFileWorker    Working on... D:\870-DDoS\traffic.pcap
2022-04-06 14:49:00 DEBUG cic.cs.unb.ca.jnetpcap.PacketReader    Read All packets on D:\870-DDoS\traffic.pcap
