2023-05-03 15:00:00 - Please select pcap!
2023-05-03 15:09:39 - Please select pcap!
2023-05-03 15:09:53 - Pcap is listening...
2023-05-03 15:21:48 - Pcap is listening...
2023-05-03 15:21:56 - Pcap stop listening
2023-05-03 15:21:56 - path:D:\SLIIT\SLIIT\OHTC\DDoS-Random-Forest-main\CICFlowMeter-4.0\bin\data\daily\2023-05-03_Flow.csv
2023-05-03 15:24:24 - Please select pcap!
2023-05-03 20:21:50 - Pcap is listening...
2023-05-03 20:28:24 - Pcap is listening...
2023-05-03 20:32:15 - Pcap stop listening
2023-05-03 20:32:15 - path:D:\SLIIT\SLIIT\OHTC\DDoS-Random-Forest-main\CICFlowMeter-4.0\bin\data\daily\2023-05-03_Flow.csv
2023-05-03 20:32:35 - Pcap is listening...
2023-05-03 20:32:37 - Pcap stop listening
2023-05-03 20:32:37 - path:D:\SLIIT\SLIIT\OHTC\DDoS-Random-Forest-main\CICFlowMeter-4.0\bin\data\daily\2023-05-03_Flow.csv
2023-05-03 20:32:39 - Pcap is listening...
2023-05-03 20:32:46 - Pcap stop listening
2023-05-03 20:32:46 - path:D:\SLIIT\SLIIT\OHTC\DDoS-Random-Forest-main\CICFlowMeter-4.0\bin\data\daily\2023-05-03_Flow.csv
2023-05-03 20:36:17 - Pcap is listening...
2023-05-03 20:50:17 - Please select pcap!
2023-05-03 20:51:39 - Pcap is listening...
2023-05-03 20:53:58 - Pcap stop listening
2023-05-03 20:53:58 - path:D:\SLIIT\SLIIT\OHTC\DDoS-Random-Forest-main\CICFlowMeter-4.0\bin\data\daily\2023-05-03_Flow.csv
2023-05-03 20:54:35 - Please select pcap!
2023-05-03 21:02:21 - Please select pcap!
2023-05-03 21:02:31 - Pcap is listening...
2023-05-17 08:30:52 - Please select pcap!
2023-05-17 08:31:36 - Pcap is listening...
2023-05-17 08:32:41 - Pcap stop listening
2023-05-17 08:32:41 - path:D:\SLIIT\SLIIT\OHTC\DDoS-Random-Forest-main\CICFlowMeter-4.0\bin\data\daily\2023-05-17_Flow.csv
2023-05-17 08:32:43 - Pcap is listening...
2023-05-17 08:32:47 - Pcap stop listening
2023-05-17 08:32:47 - path:D:\SLIIT\SLIIT\OHTC\DDoS-Random-Forest-main\CICFlowMeter-4.0\bin\data\daily\2023-05-17_Flow.csv
2023-05-17 08:34:22 - Pcap is listening...
2023-05-17 20:26:04 - Pcap is listening...
2023-05-17 20:26:23 - Pcap stop listening
2023-05-17 20:26:23 - path:D:\SLIIT\SLIIT\OHTC\DDoS-Random-Forest-main\CICFlowMeter-4.0\bin\data\daily\2023-05-17_Flow.csv
2023-05-17 20:27:37 - Please select pcap!
2023-05-17 20:27:42 - Pcap is listening...
2023-05-17 22:25:37 - Please select pcap!
2023-05-17 22:25:45 - Pcap is listening...
2023-05-17 22:32:16 - Please select pcap!
2023-05-17 22:32:22 - Pcap is listening...
2023-05-17 22:35:09 - Pcap is listening...
2023-05-17 23:46:37 - Pcap stop listening
2023-05-17 23:46:37 - path:D:\SLIIT\SLIIT\OHTC\DDoS-Random-Forest-main\CICFlowMeter-4.0\bin\data\daily\2023-05-17_Flow.csv
2023-05-17 23:46:59 - path:D:\SLIIT\SLIIT\OHTC\DDoS-Random-Forest-main\CICFlowMeter-4.0\bin\data\daily\2023-05-17_Flow.csv
2023-05-22 14:13:06 - Pcap is listening...
2023-08-13 20:07:48 - Pcap is listening...
2023-08-13 20:08:02 - Pcap stop listening
2023-08-13 20:08:02 - path:D:\SLIIT\Research\Research\CICFlowMeter-4.0\bin\data\daily\2023-08-13_Flow.csv
2023-08-13 20:08:02 - Pcap is listening...
2023-08-13 20:08:17 - Pcap stop listening
2023-08-13 20:08:17 - path:D:\SLIIT\Research\Research\CICFlowMeter-4.0\bin\data\daily\2023-08-13_Flow.csv
2023-08-13 20:08:19 - path:D:\SLIIT\Research\Research\CICFlowMeter-4.0\bin\data\daily\2023-08-13_Flow.csv
2023-08-13 20:08:22 - path:D:\SLIIT\Research\Research\CICFlowMeter-4.0\bin\data\daily\2023-08-13_Flow.csv
2023-08-13 20:08:28 - Pcap is listening...
2023-08-13 20:08:45 - Pcap stop listening
2023-08-13 20:08:45 - path:D:\SLIIT\Research\Research\CICFlowMeter-4.0\bin\data\daily\2023-08-13_Flow.csv
2023-08-13 20:08:47 - Pcap is listening...
2023-09-02 22:45:31 - Pcap is listening...
2023-09-02 22:46:11 - Pcap stop listening
2023-09-02 22:46:11 - path:D:\SLIIT\Research\Research\CICFlowMeter-4.0\bin\data\daily\2023-09-02_Flow.csv
2023-09-02 22:46:12 - Pcap is listening...
2023-09-04 15:40:53 - Pcap is listening...
2023-09-10 21:28:12 - Please select pcap!
2023-10-31 11:41:20 - Pcap is listening...
